{
  "/home/bryan/inspector/client/src/lib/assessmentTypes.ts": {
    "path": "/home/bryan/inspector/client/src/lib/assessmentTypes.ts",
    "statementMap": {
      "0": {
        "start": { "line": 117, "column": 13 },
        "end": { "line": 166, "column": 2 }
      },
      "1": {
        "start": { "line": 177, "column": 13 },
        "end": { "line": 184, "column": 2 }
      }
    },
    "fnMap": {},
    "branchMap": {},
    "s": { "0": 4, "1": 4 },
    "f": {},
    "b": {}
  },
  "/home/bryan/inspector/client/src/services/assessmentService.ts": {
    "path": "/home/bryan/inspector/client/src/services/assessmentService.ts",
    "statementMap": {
      "0": {
        "start": { "line": 6, "column": 0 },
        "end": { "line": 6, "column": null }
      },
      "1": {
        "start": { "line": 25, "column": 10 },
        "end": { "line": 25, "column": null }
      },
      "2": {
        "start": { "line": 26, "column": 10 },
        "end": { "line": 26, "column": null }
      },
      "3": {
        "start": { "line": 27, "column": 10 },
        "end": { "line": 27, "column": null }
      },
      "4": {
        "start": { "line": 30, "column": 4 },
        "end": { "line": 30, "column": 62 }
      },
      "5": {
        "start": { "line": 42, "column": 4 },
        "end": { "line": 42, "column": 32 }
      },
      "6": {
        "start": { "line": 43, "column": 4 },
        "end": { "line": 43, "column": 27 }
      },
      "7": {
        "start": { "line": 46, "column": 26 },
        "end": { "line": 46, "column": 73 }
      },
      "8": {
        "start": { "line": 47, "column": 21 },
        "end": { "line": 47, "column": 63 }
      },
      "9": {
        "start": { "line": 48, "column": 26 },
        "end": { "line": 48, "column": 71 }
      },
      "10": {
        "start": { "line": 49, "column": 26 },
        "end": { "line": 49, "column": 73 }
      },
      "11": {
        "start": { "line": 50, "column": 22 },
        "end": { "line": 50, "column": 49 }
      },
      "12": {
        "start": { "line": 53, "column": 26 },
        "end": { "line": 58, "column": null }
      },
      "13": {
        "start": { "line": 62, "column": 20 },
        "end": { "line": 67, "column": null }
      },
      "14": {
        "start": { "line": 70, "column": 28 },
        "end": { "line": 75, "column": null }
      },
      "15": {
        "start": { "line": 78, "column": 26 },
        "end": { "line": 78, "column": 53 }
      },
      "16": {
        "start": { "line": 80, "column": 4 },
        "end": { "line": 94, "column": 6 }
      },
      "17": {
        "start": { "line": 104, "column": 42 },
        "end": { "line": 104, "column": 44 }
      },
      "18": {
        "start": { "line": 105, "column": 23 },
        "end": { "line": 105, "column": 24 }
      },
      "19": {
        "start": { "line": 106, "column": 34 },
        "end": { "line": 106, "column": 36 }
      },
      "20": {
        "start": { "line": 108, "column": 4 },
        "end": { "line": 128, "column": 5 }
      },
      "21": {
        "start": { "line": 109, "column": 6 },
        "end": { "line": 117, "column": 7 }
      },
      "22": {
        "start": { "line": 111, "column": 8 },
        "end": { "line": 115, "column": 11 }
      },
      "23": {
        "start": { "line": 116, "column": 8 },
        "end": { "line": 116, "column": 17 }
      },
      "24": {
        "start": { "line": 119, "column": 21 },
        "end": { "line": 119, "column": 56 }
      },
      "25": {
        "start": { "line": 120, "column": 6 },
        "end": { "line": 120, "column": 31 }
      },
      "26": {
        "start": { "line": 121, "column": 6 },
        "end": { "line": 121, "column": 27 }
      },
      "27": {
        "start": { "line": 123, "column": 6 },
        "end": { "line": 127, "column": 7 }
      },
      "28": {
        "start": { "line": 124, "column": 8 },
        "end": { "line": 124, "column": 23 }
      },
      "29": {
        "start": { "line": 125, "column": 13 },
        "end": { "line": 127, "column": 7 }
      },
      "30": {
        "start": { "line": 126, "column": 8 },
        "end": { "line": 126, "column": 36 }
      },
      "31": {
        "start": { "line": 130, "column": 24 },
        "end": { "line": 130, "column": 64 }
      },
      "32": {
        "start": { "line": 130, "column": 48 },
        "end": { "line": 130, "column": 56 }
      },
      "33": {
        "start": { "line": 131, "column": 31 },
        "end": { "line": 131, "column": 65 }
      },
      "34": {
        "start": { "line": 133, "column": 35 },
        "end": { "line": 133, "column": 41 }
      },
      "35": {
        "start": { "line": 134, "column": 4 },
        "end": { "line": 138, "column": 5 }
      },
      "36": {
        "start": { "line": 135, "column": 6 },
        "end": { "line": 135, "column": 22 }
      },
      "37": {
        "start": { "line": 136, "column": 11 },
        "end": { "line": 138, "column": 5 }
      },
      "38": {
        "start": { "line": 137, "column": 6 },
        "end": { "line": 137, "column": 32 }
      },
      "39": {
        "start": { "line": 140, "column": 24 },
        "end": { "line": 142, "column": 6 }
      },
      "40": {
        "start": { "line": 144, "column": 4 },
        "end": { "line": 153, "column": 6 }
      },
      "41": {
        "start": { "line": 163, "column": 22 },
        "end": { "line": 163, "column": 32 }
      },
      "42": {
        "start": { "line": 165, "column": 4 },
        "end": { "line": 197, "column": 5 }
      },
      "43": {
        "start": { "line": 167, "column": 25 },
        "end": { "line": 167, "column": 58 }
      },
      "44": {
        "start": { "line": 170, "column": 21 },
        "end": { "line": 175, "column": 8 }
      },
      "45": {
        "start": { "line": 173, "column": 10 },
        "end": { "line": 173, "column": 81 }
      },
      "46": {
        "start": { "line": 173, "column": 27 },
        "end": { "line": 173, "column": 55 }
      },
      "47": {
        "start": { "line": 177, "column": 28 },
        "end": { "line": 177, "column": 50 }
      },
      "48": {
        "start": { "line": 179, "column": 6 },
        "end": { "line": 186, "column": 8 }
      },
      "49": {
        "start": { "line": 188, "column": 28 },
        "end": { "line": 188, "column": 50 }
      },
      "50": {
        "start": { "line": 190, "column": 6 },
        "end": { "line": 196, "column": 8 }
      },
      "51": {
        "start": { "line": 204, "column": 4 },
        "end": { "line": 206, "column": 5 }
      },
      "52": {
        "start": { "line": 205, "column": 6 },
        "end": { "line": 205, "column": 16 }
      },
      "53": {
        "start": { "line": 208, "column": 44 },
        "end": { "line": 208, "column": 46 }
      },
      "54": {
        "start": { "line": 211, "column": 4 },
        "end": { "line": 215, "column": 5 }
      },
      "55": {
        "start": { "line": 212, "column": 6 },
        "end": { "line": 214, "column": 7 }
      },
      "56": {
        "start": { "line": 213, "column": 8 },
        "end": { "line": 213, "column": 65 }
      },
      "57": {
        "start": { "line": 217, "column": 4 },
        "end": { "line": 217, "column": 18 }
      },
      "58": {
        "start": { "line": 224, "column": 4 },
        "end": { "line": 252, "column": 5 }
      },
      "59": {
        "start": { "line": 226, "column": 8 },
        "end": { "line": 228, "column": 9 }
      },
      "60": {
        "start": { "line": 227, "column": 10 },
        "end": { "line": 227, "column": 32 }
      },
      "61": {
        "start": { "line": 229, "column": 8 },
        "end": { "line": 231, "column": 9 }
      },
      "62": {
        "start": { "line": 230, "column": 10 },
        "end": { "line": 230, "column": 39 }
      },
      "63": {
        "start": { "line": 232, "column": 8 },
        "end": { "line": 234, "column": 9 }
      },
      "64": {
        "start": { "line": 233, "column": 10 },
        "end": { "line": 233, "column": 36 }
      },
      "65": {
        "start": { "line": 235, "column": 8 },
        "end": { "line": 235, "column": 28 }
      },
      "66": {
        "start": { "line": 239, "column": 8 },
        "end": { "line": 239, "column": 35 }
      },
      "67": {
        "start": { "line": 242, "column": 8 },
        "end": { "line": 242, "column": 20 }
      },
      "68": {
        "start": { "line": 245, "column": 8 },
        "end": { "line": 245, "column": 18 }
      },
      "69": {
        "start": { "line": 248, "column": 8 },
        "end": { "line": 248, "column": 18 }
      },
      "70": {
        "start": { "line": 251, "column": 8 },
        "end": { "line": 251, "column": 20 }
      },
      "71": {
        "start": { "line": 262, "column": 55 },
        "end": { "line": 262, "column": 57 }
      },
      "72": {
        "start": { "line": 263, "column": 38 },
        "end": { "line": 263, "column": 40 }
      },
      "73": {
        "start": { "line": 264, "column": 24 },
        "end": { "line": 264, "column": 25 }
      },
      "74": {
        "start": { "line": 265, "column": 26 },
        "end": { "line": 265, "column": 27 }
      },
      "75": {
        "start": { "line": 268, "column": 24 },
        "end": { "line": 268, "column": 65 }
      },
      "76": {
        "start": { "line": 270, "column": 4 },
        "end": { "line": 282, "column": 5 }
      },
      "77": {
        "start": { "line": 271, "column": 6 },
        "end": { "line": 281, "column": 7 }
      },
      "78": {
        "start": { "line": 272, "column": 23 },
        "end": { "line": 272, "column": 75 }
      },
      "79": {
        "start": { "line": 273, "column": 8 },
        "end": { "line": 273, "column": 42 }
      },
      "80": {
        "start": { "line": 274, "column": 8 },
        "end": { "line": 274, "column": 29 }
      },
      "81": {
        "start": { "line": 276, "column": 8 },
        "end": { "line": 280, "column": 9 }
      },
      "82": {
        "start": { "line": 277, "column": 10 },
        "end": { "line": 277, "column": 65 }
      },
      "83": {
        "start": { "line": 278, "column": 10 },
        "end": { "line": 278, "column": 59 }
      },
      "84": {
        "start": { "line": 278, "column": 43 },
        "end": { "line": 278, "column": 59 }
      },
      "85": {
        "start": { "line": 279, "column": 10 },
        "end": { "line": 279, "column": 63 }
      },
      "86": {
        "start": { "line": 279, "column": 45 },
        "end": { "line": 279, "column": 63 }
      },
      "87": {
        "start": { "line": 284, "column": 46 },
        "end": { "line": 284, "column": 51 }
      },
      "88": {
        "start": { "line": 285, "column": 4 },
        "end": { "line": 286, "column": 62 }
      },
      "89": {
        "start": { "line": 285, "column": 27 },
        "end": { "line": 285, "column": 53 }
      },
      "90": {
        "start": { "line": 286, "column": 9 },
        "end": { "line": 286, "column": 62 }
      },
      "91": {
        "start": { "line": 286, "column": 34 },
        "end": { "line": 286, "column": 62 }
      },
      "92": {
        "start": { "line": 288, "column": 35 },
        "end": { "line": 288, "column": 41 }
      },
      "93": {
        "start": { "line": 289, "column": 4 },
        "end": { "line": 290, "column": 60 }
      },
      "94": {
        "start": { "line": 289, "column": 27 },
        "end": { "line": 289, "column": 43 }
      },
      "95": {
        "start": { "line": 290, "column": 9 },
        "end": { "line": 290, "column": 60 }
      },
      "96": {
        "start": { "line": 290, "column": 34 },
        "end": { "line": 290, "column": 60 }
      },
      "97": {
        "start": { "line": 292, "column": 24 },
        "end": { "line": 294, "column": 7 }
      },
      "98": {
        "start": { "line": 296, "column": 4 },
        "end": { "line": 302, "column": 6 }
      },
      "99": {
        "start": { "line": 313, "column": 4 },
        "end": { "line": 341, "column": 5 }
      },
      "100": {
        "start": { "line": 315, "column": 21 },
        "end": { "line": 315, "column": 54 }
      },
      "101": {
        "start": { "line": 316, "column": 25 },
        "end": { "line": 317, "column": null }
      },
      "102": {
        "start": { "line": 317, "column": 13 },
        "end": { "line": 317, "column": 42 }
      },
      "103": {
        "start": { "line": 320, "column": 6 },
        "end": { "line": 322, "column": 7 }
      },
      "104": {
        "start": { "line": 321, "column": 8 },
        "end": { "line": 321, "column": 45 }
      },
      "105": {
        "start": { "line": 324, "column": 21 },
        "end": { "line": 324, "column": 54 }
      },
      "106": {
        "start": { "line": 327, "column": 26 },
        "end": { "line": 327, "column": 48 }
      },
      "107": {
        "start": { "line": 328, "column": 25 },
        "end": { "line": 328, "column": 81 }
      },
      "108": {
        "start": { "line": 330, "column": 6 },
        "end": { "line": 334, "column": 8 }
      },
      "109": {
        "start": { "line": 337, "column": 6 },
        "end": { "line": 340, "column": 8 }
      },
      "110": {
        "start": { "line": 348, "column": 23 },
        "end": { "line": 356, "column": 6 }
      },
      "111": {
        "start": { "line": 358, "column": 4 },
        "end": { "line": 360, "column": 6 }
      },
      "112": {
        "start": { "line": 359, "column": 6 },
        "end": { "line": 359, "column": 62 }
      },
      "113": {
        "start": { "line": 367, "column": 20 },
        "end": { "line": 377, "column": 6 }
      },
      "114": {
        "start": { "line": 379, "column": 4 },
        "end": { "line": 381, "column": 5 }
      },
      "115": {
        "start": { "line": 380, "column": 6 },
        "end": { "line": 380, "column": 62 }
      },
      "116": {
        "start": { "line": 382, "column": 4 },
        "end": { "line": 384, "column": 5 }
      },
      "117": {
        "start": { "line": 383, "column": 6 },
        "end": { "line": 383, "column": 72 }
      },
      "118": {
        "start": { "line": 385, "column": 4 },
        "end": { "line": 387, "column": 5 }
      },
      "119": {
        "start": { "line": 386, "column": 6 },
        "end": { "line": 386, "column": 58 }
      },
      "120": {
        "start": { "line": 389, "column": 35 },
        "end": { "line": 389, "column": 41 }
      },
      "121": {
        "start": { "line": 390, "column": 4 },
        "end": { "line": 394, "column": 5 }
      },
      "122": {
        "start": { "line": 391, "column": 6 },
        "end": { "line": 391, "column": 22 }
      },
      "123": {
        "start": { "line": 392, "column": 11 },
        "end": { "line": 394, "column": 5 }
      },
      "124": {
        "start": { "line": 393, "column": 6 },
        "end": { "line": 393, "column": 32 }
      },
      "125": {
        "start": { "line": 396, "column": 24 },
        "end": { "line": 400, "column": 19 }
      },
      "126": {
        "start": { "line": 402, "column": 28 },
        "end": { "line": 402, "column": 51 }
      },
      "127": {
        "start": { "line": 404, "column": 4 },
        "end": { "line": 409, "column": 6 }
      },
      "128": {
        "start": { "line": 417, "column": 27 },
        "end": { "line": 417, "column": 44 }
      },
      "129": {
        "start": { "line": 418, "column": 20 },
        "end": { "line": 418, "column": 49 }
      },
      "130": {
        "start": { "line": 419, "column": 4 },
        "end": { "line": 419, "column": 40 }
      },
      "131": {
        "start": { "line": 429, "column": 25 },
        "end": { "line": 429, "column": 26 }
      },
      "132": {
        "start": { "line": 430, "column": 25 },
        "end": { "line": 430, "column": 26 }
      },
      "133": {
        "start": { "line": 431, "column": 30 },
        "end": { "line": 431, "column": 35 }
      },
      "134": {
        "start": { "line": 432, "column": 33 },
        "end": { "line": 432, "column": 38 }
      },
      "135": {
        "start": { "line": 435, "column": 4 },
        "end": { "line": 453, "column": 5 }
      },
      "136": {
        "start": { "line": 436, "column": 6 },
        "end": { "line": 451, "column": 7 }
      },
      "137": {
        "start": { "line": 438, "column": 8 },
        "end": { "line": 438, "column": 61 }
      },
      "138": {
        "start": { "line": 440, "column": 8 },
        "end": { "line": 440, "column": 25 }
      },
      "139": {
        "start": { "line": 441, "column": 8 },
        "end": { "line": 450, "column": 9 }
      },
      "140": {
        "start": { "line": 443, "column": 10 },
        "end": { "line": 446, "column": 11 }
      },
      "141": {
        "start": { "line": 444, "column": 12 },
        "end": { "line": 444, "column": 29 }
      },
      "142": {
        "start": { "line": 445, "column": 12 },
        "end": { "line": 445, "column": 42 }
      },
      "143": {
        "start": { "line": 447, "column": 10 },
        "end": { "line": 449, "column": 11 }
      },
      "144": {
        "start": { "line": 448, "column": 12 },
        "end": { "line": 448, "column": 39 }
      },
      "145": {
        "start": { "line": 452, "column": 6 },
        "end": { "line": 452, "column": 27 }
      },
      "146": {
        "start": { "line": 455, "column": 31 },
        "end": { "line": 455, "column": 83 }
      },
      "147": {
        "start": { "line": 456, "column": 71 },
        "end": { "line": 456, "column": 77 }
      },
      "148": {
        "start": { "line": 458, "column": 4 },
        "end": { "line": 460, "column": 68 }
      },
      "149": {
        "start": { "line": 458, "column": 33 },
        "end": { "line": 458, "column": 68 }
      },
      "150": {
        "start": { "line": 459, "column": 9 },
        "end": { "line": 460, "column": 68 }
      },
      "151": {
        "start": { "line": 459, "column": 38 },
        "end": { "line": 459, "column": 68 }
      },
      "152": {
        "start": { "line": 460, "column": 9 },
        "end": { "line": 460, "column": 68 }
      },
      "153": {
        "start": { "line": 460, "column": 38 },
        "end": { "line": 460, "column": 68 }
      },
      "154": {
        "start": { "line": 462, "column": 20 },
        "end": { "line": 468, "column": 6 }
      },
      "155": {
        "start": { "line": 470, "column": 35 },
        "end": { "line": 470, "column": 41 }
      },
      "156": {
        "start": { "line": 471, "column": 4 },
        "end": { "line": 472, "column": 64 }
      },
      "157": {
        "start": { "line": 471, "column": 33 },
        "end": { "line": 471, "column": 49 }
      },
      "158": {
        "start": { "line": 472, "column": 9 },
        "end": { "line": 472, "column": 64 }
      },
      "159": {
        "start": { "line": 472, "column": 38 },
        "end": { "line": 472, "column": 64 }
      },
      "160": {
        "start": { "line": 474, "column": 24 },
        "end": { "line": 478, "column": 26 }
      },
      "161": {
        "start": { "line": 480, "column": 28 },
        "end": { "line": 480, "column": 30 }
      },
      "162": {
        "start": { "line": 481, "column": 4 },
        "end": { "line": 481, "column": 93 }
      },
      "163": {
        "start": { "line": 481, "column": 33 },
        "end": { "line": 481, "column": 93 }
      },
      "164": {
        "start": { "line": 482, "column": 4 },
        "end": { "line": 482, "column": 87 }
      },
      "165": {
        "start": { "line": 482, "column": 30 },
        "end": { "line": 482, "column": 87 }
      },
      "166": {
        "start": { "line": 484, "column": 4 },
        "end": { "line": 489, "column": 6 }
      },
      "167": {
        "start": { "line": 497, "column": 27 },
        "end": { "line": 497, "column": 83 }
      },
      "168": {
        "start": { "line": 497, "column": 42 },
        "end": { "line": 497, "column": 82 }
      },
      "169": {
        "start": { "line": 498, "column": 33 },
        "end": { "line": 498, "column": 99 }
      },
      "170": {
        "start": { "line": 501, "column": 22 },
        "end": { "line": 501, "column": 23 }
      },
      "171": {
        "start": { "line": 502, "column": 24 },
        "end": { "line": 502, "column": 25 }
      },
      "172": {
        "start": { "line": 504, "column": 4 },
        "end": { "line": 510, "column": 5 }
      },
      "173": {
        "start": { "line": 505, "column": 6 },
        "end": { "line": 509, "column": 7 }
      },
      "174": {
        "start": { "line": 506, "column": 8 },
        "end": { "line": 506, "column": 22 }
      },
      "175": {
        "start": { "line": 508, "column": 8 },
        "end": { "line": 508, "column": 24 }
      },
      "176": {
        "start": { "line": 512, "column": 29 },
        "end": { "line": 513, "column": 66 }
      },
      "177": {
        "start": { "line": 515, "column": 35 },
        "end": { "line": 515, "column": 95 }
      },
      "178": {
        "start": { "line": 515, "column": 52 },
        "end": { "line": 515, "column": 94 }
      },
      "179": {
        "start": { "line": 516, "column": 33 },
        "end": { "line": 516, "column": 96 }
      },
      "180": {
        "start": { "line": 518, "column": 38 },
        "end": { "line": 523, "column": 6 }
      },
      "181": {
        "start": { "line": 525, "column": 35 },
        "end": { "line": 525, "column": 41 }
      },
      "182": {
        "start": { "line": 526, "column": 4 },
        "end": { "line": 526, "column": 57 }
      },
      "183": {
        "start": { "line": 526, "column": 31 },
        "end": { "line": 526, "column": 57 }
      },
      "184": {
        "start": { "line": 527, "column": 4 },
        "end": { "line": 527, "column": 56 }
      },
      "185": {
        "start": { "line": 527, "column": 40 },
        "end": { "line": 527, "column": 56 }
      },
      "186": {
        "start": { "line": 529, "column": 24 },
        "end": { "line": 531, "column": 42 }
      },
      "187": {
        "start": { "line": 533, "column": 28 },
        "end": { "line": 533, "column": 30 }
      },
      "188": {
        "start": { "line": 534, "column": 4 },
        "end": { "line": 536, "column": 5 }
      },
      "189": {
        "start": { "line": 535, "column": 6 },
        "end": { "line": 535, "column": 77 }
      },
      "190": {
        "start": { "line": 537, "column": 4 },
        "end": { "line": 539, "column": 5 }
      },
      "191": {
        "start": { "line": 538, "column": 6 },
        "end": { "line": 538, "column": 70 }
      },
      "192": {
        "start": { "line": 541, "column": 4 },
        "end": { "line": 546, "column": 6 }
      },
      "193": {
        "start": { "line": 553, "column": 4 },
        "end": { "line": 553, "column": 49 }
      },
      "194": {
        "start": { "line": 553, "column": 35 },
        "end": { "line": 553, "column": 49 }
      },
      "195": {
        "start": { "line": 554, "column": 4 },
        "end": { "line": 554, "column": 80 }
      },
      "196": {
        "start": { "line": 554, "column": 29 },
        "end": { "line": 554, "column": 51 }
      },
      "197": {
        "start": { "line": 554, "column": 66 },
        "end": { "line": 554, "column": 80 }
      },
      "198": {
        "start": { "line": 555, "column": 4 },
        "end": { "line": 555, "column": 69 }
      },
      "199": {
        "start": { "line": 555, "column": 45 },
        "end": { "line": 555, "column": 69 }
      },
      "200": {
        "start": { "line": 556, "column": 4 },
        "end": { "line": 556, "column": 18 }
      },
      "201": {
        "start": { "line": 569, "column": 18 },
        "end": { "line": 569, "column": 20 }
      },
      "202": {
        "start": { "line": 571, "column": 4 },
        "end": { "line": 571, "column": 187 }
      },
      "203": {
        "start": { "line": 572, "column": 4 },
        "end": { "line": 572, "column": 147 }
      },
      "204": {
        "start": { "line": 573, "column": 4 },
        "end": { "line": 573, "column": 157 }
      },
      "205": {
        "start": { "line": 574, "column": 4 },
        "end": { "line": 574, "column": 182 }
      },
      "206": {
        "start": { "line": 575, "column": 4 },
        "end": { "line": 575, "column": 157 }
      },
      "207": {
        "start": { "line": 577, "column": 4 },
        "end": { "line": 577, "column": 28 }
      },
      "208": {
        "start": { "line": 590, "column": 28 },
        "end": { "line": 590, "column": 30 }
      },
      "209": {
        "start": { "line": 592, "column": 4 },
        "end": { "line": 594, "column": 5 }
      },
      "210": {
        "start": { "line": 593, "column": 6 },
        "end": { "line": 593, "column": 88 }
      },
      "211": {
        "start": { "line": 596, "column": 4 },
        "end": { "line": 598, "column": 5 }
      },
      "212": {
        "start": { "line": 597, "column": 6 },
        "end": { "line": 597, "column": 98 }
      },
      "213": {
        "start": { "line": 600, "column": 4 },
        "end": { "line": 600, "column": 59 }
      },
      "214": {
        "start": { "line": 601, "column": 4 },
        "end": { "line": 601, "column": 59 }
      },
      "215": {
        "start": { "line": 602, "column": 4 },
        "end": { "line": 602, "column": 55 }
      },
      "216": {
        "start": { "line": 604, "column": 4 },
        "end": { "line": 604, "column": 27 }
      },
      "217": {
        "start": { "line": 24, "column": 0 },
        "end": { "line": 24, "column": 13 }
      }
    },
    "fnMap": {
      "0": {
        "name": "(anonymous_0)",
        "decl": {
          "start": { "line": 29, "column": 2 },
          "end": { "line": 29, "column": 14 }
        },
        "loc": {
          "start": { "line": 29, "column": 59 },
          "end": { "line": 31, "column": 3 }
        }
      },
      "1": {
        "name": "(anonymous_1)",
        "decl": {
          "start": { "line": 36, "column": 2 },
          "end": { "line": 36, "column": 7 }
        },
        "loc": {
          "start": { "line": 40, "column": 26 },
          "end": { "line": 95, "column": 3 }
        }
      },
      "2": {
        "name": "(anonymous_2)",
        "decl": {
          "start": { "line": 100, "column": 10 },
          "end": { "line": 100, "column": 15 }
        },
        "loc": {
          "start": { "line": 102, "column": 101 },
          "end": { "line": 154, "column": 3 }
        }
      },
      "3": {
        "name": "(anonymous_3)",
        "decl": {
          "start": { "line": 130, "column": 43 },
          "end": { "line": 130, "column": 44 }
        },
        "loc": {
          "start": { "line": 130, "column": 48 },
          "end": { "line": 130, "column": 56 }
        }
      },
      "4": {
        "name": "(anonymous_4)",
        "decl": {
          "start": { "line": 159, "column": 10 },
          "end": { "line": 159, "column": 15 }
        },
        "loc": {
          "start": { "line": 161, "column": 101 },
          "end": { "line": 198, "column": 3 }
        }
      },
      "5": {
        "name": "(anonymous_5)",
        "decl": {
          "start": { "line": 172, "column": 27 },
          "end": { "line": 172, "column": 28 }
        },
        "loc": {
          "start": { "line": 173, "column": 10 },
          "end": { "line": 173, "column": 81 }
        }
      },
      "6": {
        "name": "(anonymous_6)",
        "decl": {
          "start": { "line": 173, "column": 21 },
          "end": { "line": 173, "column": 24 }
        },
        "loc": {
          "start": { "line": 173, "column": 27 },
          "end": { "line": 173, "column": 55 }
        }
      },
      "7": {
        "name": "(anonymous_7)",
        "decl": {
          "start": { "line": 203, "column": 10 },
          "end": { "line": 203, "column": 32 }
        },
        "loc": {
          "start": { "line": 203, "column": 43 },
          "end": { "line": 218, "column": 3 }
        }
      },
      "8": {
        "name": "(anonymous_8)",
        "decl": {
          "start": { "line": 223, "column": 10 },
          "end": { "line": 223, "column": 27 }
        },
        "loc": {
          "start": { "line": 223, "column": 58 },
          "end": { "line": 253, "column": 3 }
        }
      },
      "9": {
        "name": "(anonymous_9)",
        "decl": {
          "start": { "line": 258, "column": 10 },
          "end": { "line": 258, "column": 15 }
        },
        "loc": {
          "start": { "line": 260, "column": 101 },
          "end": { "line": 303, "column": 3 }
        }
      },
      "10": {
        "name": "(anonymous_10)",
        "decl": {
          "start": { "line": 308, "column": 10 },
          "end": { "line": 308, "column": 15 }
        },
        "loc": {
          "start": { "line": 311, "column": 101 },
          "end": { "line": 342, "column": 3 }
        }
      },
      "11": {
        "name": "(anonymous_11)",
        "decl": {
          "start": { "line": 317, "column": 8 },
          "end": { "line": 317, "column": 9 }
        },
        "loc": {
          "start": { "line": 317, "column": 13 },
          "end": { "line": 317, "column": 42 }
        }
      },
      "12": {
        "name": "(anonymous_12)",
        "decl": {
          "start": { "line": 347, "column": 10 },
          "end": { "line": 347, "column": 34 }
        },
        "loc": {
          "start": { "line": 347, "column": 69 },
          "end": { "line": 361, "column": 3 }
        }
      },
      "13": {
        "name": "(anonymous_13)",
        "decl": {
          "start": { "line": 358, "column": 27 },
          "end": { "line": 358, "column": 36 }
        },
        "loc": {
          "start": { "line": 359, "column": 6 },
          "end": { "line": 359, "column": 62 }
        }
      },
      "14": {
        "name": "(anonymous_14)",
        "decl": {
          "start": { "line": 366, "column": 10 },
          "end": { "line": 366, "column": 29 }
        },
        "loc": {
          "start": { "line": 366, "column": 51 },
          "end": { "line": 410, "column": 3 }
        }
      },
      "15": {
        "name": "(anonymous_15)",
        "decl": {
          "start": { "line": 415, "column": 10 },
          "end": { "line": 415, "column": 27 }
        },
        "loc": {
          "start": { "line": 415, "column": 43 },
          "end": { "line": 420, "column": 3 }
        }
      },
      "16": {
        "name": "(anonymous_16)",
        "decl": {
          "start": { "line": 425, "column": 10 },
          "end": { "line": 425, "column": 15 }
        },
        "loc": {
          "start": { "line": 427, "column": 101 },
          "end": { "line": 490, "column": 3 }
        }
      },
      "17": {
        "name": "(anonymous_17)",
        "decl": {
          "start": { "line": 495, "column": 10 },
          "end": { "line": 495, "column": 25 }
        },
        "loc": {
          "start": { "line": 495, "column": 39 },
          "end": { "line": 547, "column": 3 }
        }
      },
      "18": {
        "name": "(anonymous_18)",
        "decl": {
          "start": { "line": 497, "column": 37 },
          "end": { "line": 497, "column": 38 }
        },
        "loc": {
          "start": { "line": 497, "column": 42 },
          "end": { "line": 497, "column": 82 }
        }
      },
      "19": {
        "name": "(anonymous_19)",
        "decl": {
          "start": { "line": 515, "column": 47 },
          "end": { "line": 515, "column": 48 }
        },
        "loc": {
          "start": { "line": 515, "column": 52 },
          "end": { "line": 515, "column": 94 }
        }
      },
      "20": {
        "name": "(anonymous_20)",
        "decl": {
          "start": { "line": 552, "column": 10 },
          "end": { "line": 552, "column": 32 }
        },
        "loc": {
          "start": { "line": 552, "column": 64 },
          "end": { "line": 557, "column": 3 }
        }
      },
      "21": {
        "name": "(anonymous_21)",
        "decl": {
          "start": { "line": 554, "column": 24 },
          "end": { "line": 554, "column": 25 }
        },
        "loc": {
          "start": { "line": 554, "column": 29 },
          "end": { "line": 554, "column": 51 }
        }
      },
      "22": {
        "name": "(anonymous_22)",
        "decl": {
          "start": { "line": 562, "column": 10 },
          "end": { "line": 562, "column": 25 }
        },
        "loc": {
          "start": { "line": 567, "column": 34 },
          "end": { "line": 578, "column": 3 }
        }
      },
      "23": {
        "name": "(anonymous_23)",
        "decl": {
          "start": { "line": 583, "column": 10 },
          "end": { "line": 583, "column": 33 }
        },
        "loc": {
          "start": { "line": 588, "column": 34 },
          "end": { "line": 605, "column": 3 }
        }
      }
    },
    "branchMap": {
      "0": {
        "loc": {
          "start": { "line": 29, "column": 14 },
          "end": { "line": 29, "column": 59 }
        },
        "type": "default-arg",
        "locations": [
          {
            "start": { "line": 29, "column": 57 },
            "end": { "line": 29, "column": 59 }
          }
        ]
      },
      "1": {
        "loc": {
          "start": { "line": 48, "column": 51 },
          "end": { "line": 48, "column": 70 }
        },
        "type": "binary-expr",
        "locations": [
          {
            "start": { "line": 48, "column": 51 },
            "end": { "line": 48, "column": 64 }
          },
          {
            "start": { "line": 48, "column": 68 },
            "end": { "line": 48, "column": 70 }
          }
        ]
      },
      "2": {
        "loc": {
          "start": { "line": 109, "column": 6 },
          "end": { "line": 117, "column": 7 }
        },
        "type": "if",
        "locations": [
          {
            "start": { "line": 109, "column": 6 },
            "end": { "line": 117, "column": 7 }
          }
        ]
      },
      "3": {
        "loc": {
          "start": { "line": 109, "column": 10 },
          "end": { "line": 109, "column": 63 }
        },
        "type": "binary-expr",
        "locations": [
          {
            "start": { "line": 109, "column": 10 },
            "end": { "line": 109, "column": 37 }
          },
          {
            "start": { "line": 109, "column": 41 },
            "end": { "line": 109, "column": 63 }
          }
        ]
      },
      "4": {
        "loc": {
          "start": { "line": 123, "column": 6 },
          "end": { "line": 127, "column": 7 }
        },
        "type": "if",
        "locations": [
          {
            "start": { "line": 123, "column": 6 },
            "end": { "line": 127, "column": 7 }
          },
          {
            "start": { "line": 125, "column": 13 },
            "end": { "line": 127, "column": 7 }
          }
        ]
      },
      "5": {
        "loc": {
          "start": { "line": 125, "column": 13 },
          "end": { "line": 127, "column": 7 }
        },
        "type": "if",
        "locations": [
          {
            "start": { "line": 125, "column": 13 },
            "end": { "line": 127, "column": 7 }
          }
        ]
      },
      "6": {
        "loc": {
          "start": { "line": 134, "column": 4 },
          "end": { "line": 138, "column": 5 }
        },
        "type": "if",
        "locations": [
          {
            "start": { "line": 134, "column": 4 },
            "end": { "line": 138, "column": 5 }
          },
          {
            "start": { "line": 136, "column": 11 },
            "end": { "line": 138, "column": 5 }
          }
        ]
      },
      "7": {
        "loc": {
          "start": { "line": 136, "column": 11 },
          "end": { "line": 138, "column": 5 }
        },
        "type": "if",
        "locations": [
          {
            "start": { "line": 136, "column": 11 },
            "end": { "line": 138, "column": 5 }
          }
        ]
      },
      "8": {
        "loc": {
          "start": { "line": 136, "column": 15 },
          "end": { "line": 136, "column": 64 }
        },
        "type": "binary-expr",
        "locations": [
          {
            "start": { "line": 136, "column": 15 },
            "end": { "line": 136, "column": 38 }
          },
          {
            "start": { "line": 136, "column": 42 },
            "end": { "line": 136, "column": 64 }
          }
        ]
      },
      "9": {
        "loc": {
          "start": { "line": 141, "column": 6 },
          "end": { "line": 141, "column": null }
        },
        "type": "cond-expr",
        "locations": [
          {
            "start": { "line": 141, "column": 31 },
            "end": { "line": 141, "column": 73 }
          },
          {
            "start": { "line": 141, "column": 76 },
            "end": { "line": 141, "column": null }
          }
        ]
      },
      "10": {
        "loc": {
          "start": { "line": 194, "column": 15 },
          "end": { "line": 194, "column": 69 }
        },
        "type": "cond-expr",
        "locations": [
          {
            "start": { "line": 194, "column": 40 },
            "end": { "line": 194, "column": 53 }
          },
          {
            "start": { "line": 194, "column": 56 },
            "end": { "line": 194, "column": 69 }
          }
        ]
      },
      "11": {
        "loc": {
          "start": { "line": 204, "column": 4 },
          "end": { "line": 206, "column": 5 }
        },
        "type": "if",
        "locations": [
          {
            "start": { "line": 204, "column": 4 },
            "end": { "line": 206, "column": 5 }
          }
        ]
      },
      "12": {
        "loc": {
          "start": { "line": 211, "column": 4 },
          "end": { "line": 215, "column": 5 }
        },
        "type": "if",
        "locations": [
          {
            "start": { "line": 211, "column": 4 },
            "end": { "line": 215, "column": 5 }
          }
        ]
      },
      "13": {
        "loc": {
          "start": { "line": 211, "column": 8 },
          "end": { "line": 211, "column": 73 }
        },
        "type": "binary-expr",
        "locations": [
          {
            "start": { "line": 211, "column": 8 },
            "end": { "line": 211, "column": 42 }
          },
          {
            "start": { "line": 211, "column": 46 },
            "end": { "line": 211, "column": 73 }
          }
        ]
      },
      "14": {
        "loc": {
          "start": { "line": 224, "column": 4 },
          "end": { "line": 252, "column": 5 }
        },
        "type": "switch",
        "locations": [
          {
            "start": { "line": 225, "column": 6 },
            "end": { "line": 235, "column": 28 }
          },
          {
            "start": { "line": 237, "column": 6 },
            "end": { "line": 237, "column": 20 }
          },
          {
            "start": { "line": 238, "column": 6 },
            "end": { "line": 239, "column": 35 }
          },
          {
            "start": { "line": 241, "column": 6 },
            "end": { "line": 242, "column": 20 }
          },
          {
            "start": { "line": 244, "column": 6 },
            "end": { "line": 245, "column": 18 }
          },
          {
            "start": { "line": 247, "column": 6 },
            "end": { "line": 248, "column": 18 }
          },
          {
            "start": { "line": 250, "column": 6 },
            "end": { "line": 251, "column": 20 }
          }
        ]
      },
      "15": {
        "loc": {
          "start": { "line": 226, "column": 8 },
          "end": { "line": 228, "column": 9 }
        },
        "type": "if",
        "locations": [
          {
            "start": { "line": 226, "column": 8 },
            "end": { "line": 228, "column": 9 }
          }
        ]
      },
      "16": {
        "loc": {
          "start": { "line": 229, "column": 8 },
          "end": { "line": 231, "column": 9 }
        },
        "type": "if",
        "locations": [
          {
            "start": { "line": 229, "column": 8 },
            "end": { "line": 231, "column": 9 }
          }
        ]
      },
      "17": {
        "loc": {
          "start": { "line": 232, "column": 8 },
          "end": { "line": 234, "column": 9 }
        },
        "type": "if",
        "locations": [
          {
            "start": { "line": 232, "column": 8 },
            "end": { "line": 234, "column": 9 }
          }
        ]
      },
      "18": {
        "loc": {
          "start": { "line": 239, "column": 15 },
          "end": { "line": 239, "column": 34 }
        },
        "type": "binary-expr",
        "locations": [
          {
            "start": { "line": 239, "column": 15 },
            "end": { "line": 239, "column": 29 }
          },
          {
            "start": { "line": 239, "column": 33 },
            "end": { "line": 239, "column": 34 }
          }
        ]
      },
      "19": {
        "loc": {
          "start": { "line": 276, "column": 8 },
          "end": { "line": 280, "column": 9 }
        },
        "type": "if",
        "locations": [
          {
            "start": { "line": 276, "column": 8 },
            "end": { "line": 280, "column": 9 }
          }
        ]
      },
      "20": {
        "loc": {
          "start": { "line": 278, "column": 10 },
          "end": { "line": 278, "column": 59 }
        },
        "type": "if",
        "locations": [
          {
            "start": { "line": 278, "column": 10 },
            "end": { "line": 278, "column": 59 }
          }
        ]
      },
      "21": {
        "loc": {
          "start": { "line": 279, "column": 10 },
          "end": { "line": 279, "column": 63 }
        },
        "type": "if",
        "locations": [
          {
            "start": { "line": 279, "column": 10 },
            "end": { "line": 279, "column": 63 }
          }
        ]
      },
      "22": {
        "loc": {
          "start": { "line": 285, "column": 4 },
          "end": { "line": 286, "column": 62 }
        },
        "type": "if",
        "locations": [
          {
            "start": { "line": 285, "column": 4 },
            "end": { "line": 286, "column": 62 }
          },
          {
            "start": { "line": 286, "column": 9 },
            "end": { "line": 286, "column": 62 }
          }
        ]
      },
      "23": {
        "loc": {
          "start": { "line": 286, "column": 9 },
          "end": { "line": 286, "column": 62 }
        },
        "type": "if",
        "locations": [
          {
            "start": { "line": 286, "column": 9 },
            "end": { "line": 286, "column": 62 }
          }
        ]
      },
      "24": {
        "loc": {
          "start": { "line": 289, "column": 4 },
          "end": { "line": 290, "column": 60 }
        },
        "type": "if",
        "locations": [
          {
            "start": { "line": 289, "column": 4 },
            "end": { "line": 290, "column": 60 }
          },
          {
            "start": { "line": 290, "column": 9 },
            "end": { "line": 290, "column": 60 }
          }
        ]
      },
      "25": {
        "loc": {
          "start": { "line": 290, "column": 9 },
          "end": { "line": 290, "column": 60 }
        },
        "type": "if",
        "locations": [
          {
            "start": { "line": 290, "column": 9 },
            "end": { "line": 290, "column": 60 }
          }
        ]
      },
      "26": {
        "loc": {
          "start": { "line": 293, "column": 6 },
          "end": { "line": 293, "column": null }
        },
        "type": "cond-expr",
        "locations": [
          {
            "start": { "line": 293, "column": 35 },
            "end": { "line": 293, "column": 97 }
          },
          {
            "start": { "line": 293, "column": 100 },
            "end": { "line": 293, "column": null }
          }
        ]
      },
      "27": {
        "loc": {
          "start": { "line": 320, "column": 6 },
          "end": { "line": 322, "column": 7 }
        },
        "type": "if",
        "locations": [
          {
            "start": { "line": 320, "column": 6 },
            "end": { "line": 322, "column": 7 }
          }
        ]
      },
      "28": {
        "loc": {
          "start": { "line": 333, "column": 18 },
          "end": { "line": 333, "column": 117 }
        },
        "type": "cond-expr",
        "locations": [
          {
            "start": { "line": 333, "column": 31 },
            "end": { "line": 333, "column": 105 }
          },
          {
            "start": { "line": 333, "column": 108 },
            "end": { "line": 333, "column": 117 }
          }
        ]
      },
      "29": {
        "loc": {
          "start": { "line": 373, "column": 21 },
          "end": { "line": 374, "column": 67 }
        },
        "type": "binary-expr",
        "locations": [
          {
            "start": { "line": 373, "column": 21 },
            "end": { "line": 373, "column": 66 }
          },
          {
            "start": { "line": 374, "column": 21 },
            "end": { "line": 374, "column": 67 }
          }
        ]
      },
      "30": {
        "loc": {
          "start": { "line": 375, "column": 23 },
          "end": { "line": 376, "column": 72 }
        },
        "type": "binary-expr",
        "locations": [
          {
            "start": { "line": 375, "column": 23 },
            "end": { "line": 375, "column": 66 }
          },
          {
            "start": { "line": 376, "column": 23 },
            "end": { "line": 376, "column": 72 }
          }
        ]
      },
      "31": {
        "loc": {
          "start": { "line": 379, "column": 4 },
          "end": { "line": 381, "column": 5 }
        },
        "type": "if",
        "locations": [
          {
            "start": { "line": 379, "column": 4 },
            "end": { "line": 381, "column": 5 }
          }
        ]
      },
      "32": {
        "loc": {
          "start": { "line": 382, "column": 4 },
          "end": { "line": 384, "column": 5 }
        },
        "type": "if",
        "locations": [
          {
            "start": { "line": 382, "column": 4 },
            "end": { "line": 384, "column": 5 }
          }
        ]
      },
      "33": {
        "loc": {
          "start": { "line": 385, "column": 4 },
          "end": { "line": 387, "column": 5 }
        },
        "type": "if",
        "locations": [
          {
            "start": { "line": 385, "column": 4 },
            "end": { "line": 387, "column": 5 }
          }
        ]
      },
      "34": {
        "loc": {
          "start": { "line": 390, "column": 4 },
          "end": { "line": 394, "column": 5 }
        },
        "type": "if",
        "locations": [
          {
            "start": { "line": 390, "column": 4 },
            "end": { "line": 394, "column": 5 }
          },
          {
            "start": { "line": 392, "column": 11 },
            "end": { "line": 394, "column": 5 }
          }
        ]
      },
      "35": {
        "loc": {
          "start": { "line": 390, "column": 8 },
          "end": { "line": 390, "column": 56 }
        },
        "type": "binary-expr",
        "locations": [
          {
            "start": { "line": 390, "column": 8 },
            "end": { "line": 390, "column": 26 }
          },
          {
            "start": { "line": 390, "column": 30 },
            "end": { "line": 390, "column": 56 }
          }
        ]
      },
      "36": {
        "loc": {
          "start": { "line": 392, "column": 11 },
          "end": { "line": 394, "column": 5 }
        },
        "type": "if",
        "locations": [
          {
            "start": { "line": 392, "column": 11 },
            "end": { "line": 394, "column": 5 }
          }
        ]
      },
      "37": {
        "loc": {
          "start": { "line": 397, "column": 6 },
          "end": { "line": 397, "column": null }
        },
        "type": "cond-expr",
        "locations": [
          {
            "start": { "line": 397, "column": 39 },
            "end": { "line": 397, "column": 44 }
          },
          {
            "start": { "line": 397, "column": 47 },
            "end": { "line": 397, "column": null }
          }
        ]
      },
      "38": {
        "loc": {
          "start": { "line": 399, "column": 6 },
          "end": { "line": 399, "column": null }
        },
        "type": "cond-expr",
        "locations": [
          {
            "start": { "line": 399, "column": 30 },
            "end": { "line": 399, "column": 35 }
          },
          {
            "start": { "line": 399, "column": 38 },
            "end": { "line": 399, "column": null }
          }
        ]
      },
      "39": {
        "loc": {
          "start": { "line": 419, "column": 11 },
          "end": { "line": 419, "column": 39 }
        },
        "type": "cond-expr",
        "locations": [
          {
            "start": { "line": 419, "column": 21 },
            "end": { "line": 419, "column": 35 }
          },
          {
            "start": { "line": 419, "column": 38 },
            "end": { "line": 419, "column": 39 }
          }
        ]
      },
      "40": {
        "loc": {
          "start": { "line": 441, "column": 8 },
          "end": { "line": 450, "column": 9 }
        },
        "type": "if",
        "locations": [
          {
            "start": { "line": 441, "column": 8 },
            "end": { "line": 450, "column": 9 }
          }
        ]
      },
      "41": {
        "loc": {
          "start": { "line": 443, "column": 10 },
          "end": { "line": 446, "column": 11 }
        },
        "type": "if",
        "locations": [
          {
            "start": { "line": 443, "column": 10 },
            "end": { "line": 446, "column": 11 }
          }
        ]
      },
      "42": {
        "loc": {
          "start": { "line": 447, "column": 10 },
          "end": { "line": 449, "column": 11 }
        },
        "type": "if",
        "locations": [
          {
            "start": { "line": 447, "column": 10 },
            "end": { "line": 449, "column": 11 }
          }
        ]
      },
      "43": {
        "loc": {
          "start": { "line": 447, "column": 14 },
          "end": { "line": 447, "column": 79 }
        },
        "type": "binary-expr",
        "locations": [
          {
            "start": { "line": 447, "column": 14 },
            "end": { "line": 447, "column": 44 }
          },
          {
            "start": { "line": 447, "column": 48 },
            "end": { "line": 447, "column": 79 }
          }
        ]
      },
      "44": {
        "loc": {
          "start": { "line": 458, "column": 4 },
          "end": { "line": 460, "column": 68 }
        },
        "type": "if",
        "locations": [
          {
            "start": { "line": 458, "column": 4 },
            "end": { "line": 460, "column": 68 }
          },
          {
            "start": { "line": 459, "column": 9 },
            "end": { "line": 460, "column": 68 }
          }
        ]
      },
      "45": {
        "loc": {
          "start": { "line": 459, "column": 9 },
          "end": { "line": 460, "column": 68 }
        },
        "type": "if",
        "locations": [
          {
            "start": { "line": 459, "column": 9 },
            "end": { "line": 460, "column": 68 }
          },
          {
            "start": { "line": 460, "column": 9 },
            "end": { "line": 460, "column": 68 }
          }
        ]
      },
      "46": {
        "loc": {
          "start": { "line": 460, "column": 9 },
          "end": { "line": 460, "column": 68 }
        },
        "type": "if",
        "locations": [
          {
            "start": { "line": 460, "column": 9 },
            "end": { "line": 460, "column": 68 }
          }
        ]
      },
      "47": {
        "loc": {
          "start": { "line": 471, "column": 4 },
          "end": { "line": 472, "column": 64 }
        },
        "type": "if",
        "locations": [
          {
            "start": { "line": 471, "column": 4 },
            "end": { "line": 472, "column": 64 }
          },
          {
            "start": { "line": 472, "column": 9 },
            "end": { "line": 472, "column": 64 }
          }
        ]
      },
      "48": {
        "loc": {
          "start": { "line": 472, "column": 9 },
          "end": { "line": 472, "column": 64 }
        },
        "type": "if",
        "locations": [
          {
            "start": { "line": 472, "column": 9 },
            "end": { "line": 472, "column": 64 }
          }
        ]
      },
      "49": {
        "loc": {
          "start": { "line": 475, "column": 6 },
          "end": { "line": 475, "column": null }
        },
        "type": "cond-expr",
        "locations": [
          {
            "start": { "line": 475, "column": 31 },
            "end": { "line": 475, "column": 36 }
          },
          {
            "start": { "line": 475, "column": 39 },
            "end": { "line": 475, "column": null }
          }
        ]
      },
      "50": {
        "loc": {
          "start": { "line": 477, "column": 6 },
          "end": { "line": 477, "column": null }
        },
        "type": "cond-expr",
        "locations": [
          {
            "start": { "line": 477, "column": 28 },
            "end": { "line": 477, "column": 34 }
          },
          {
            "start": { "line": 477, "column": 37 },
            "end": { "line": 477, "column": null }
          }
        ]
      },
      "51": {
        "loc": {
          "start": { "line": 481, "column": 4 },
          "end": { "line": 481, "column": 93 }
        },
        "type": "if",
        "locations": [
          {
            "start": { "line": 481, "column": 4 },
            "end": { "line": 481, "column": 93 }
          }
        ]
      },
      "52": {
        "loc": {
          "start": { "line": 482, "column": 4 },
          "end": { "line": 482, "column": 87 }
        },
        "type": "if",
        "locations": [
          {
            "start": { "line": 482, "column": 4 },
            "end": { "line": 482, "column": 87 }
          }
        ]
      },
      "53": {
        "loc": {
          "start": { "line": 497, "column": 42 },
          "end": { "line": 497, "column": 82 }
        },
        "type": "cond-expr",
        "locations": [
          {
            "start": { "line": 497, "column": 65 },
            "end": { "line": 497, "column": 72 }
          },
          {
            "start": { "line": 497, "column": 75 },
            "end": { "line": 497, "column": 82 }
          }
        ]
      },
      "54": {
        "loc": {
          "start": { "line": 498, "column": 33 },
          "end": { "line": 498, "column": 99 }
        },
        "type": "cond-expr",
        "locations": [
          {
            "start": { "line": 498, "column": 70 },
            "end": { "line": 498, "column": 82 }
          },
          {
            "start": { "line": 498, "column": 85 },
            "end": { "line": 498, "column": 99 }
          }
        ]
      },
      "55": {
        "loc": {
          "start": { "line": 505, "column": 6 },
          "end": { "line": 509, "column": 7 }
        },
        "type": "if",
        "locations": [
          {
            "start": { "line": 505, "column": 6 },
            "end": { "line": 509, "column": 7 }
          },
          {
            "start": { "line": 507, "column": 13 },
            "end": { "line": 509, "column": 7 }
          }
        ]
      },
      "56": {
        "loc": {
          "start": { "line": 505, "column": 10 },
          "end": { "line": 505, "column": 58 }
        },
        "type": "binary-expr",
        "locations": [
          {
            "start": { "line": 505, "column": 10 },
            "end": { "line": 505, "column": 26 }
          },
          {
            "start": { "line": 505, "column": 30 },
            "end": { "line": 505, "column": 58 }
          }
        ]
      },
      "57": {
        "loc": {
          "start": { "line": 512, "column": 29 },
          "end": { "line": 513, "column": 66 }
        },
        "type": "cond-expr",
        "locations": [
          {
            "start": { "line": 512, "column": 51 },
            "end": { "line": 512, "column": 58 }
          },
          {
            "start": { "line": 513, "column": 27 },
            "end": { "line": 513, "column": 66 }
          }
        ]
      },
      "58": {
        "loc": {
          "start": { "line": 513, "column": 27 },
          "end": { "line": 513, "column": 66 }
        },
        "type": "cond-expr",
        "locations": [
          {
            "start": { "line": 513, "column": 47 },
            "end": { "line": 513, "column": 56 }
          },
          {
            "start": { "line": 513, "column": 59 },
            "end": { "line": 513, "column": 66 }
          }
        ]
      },
      "59": {
        "loc": {
          "start": { "line": 515, "column": 52 },
          "end": { "line": 515, "column": 94 }
        },
        "type": "binary-expr",
        "locations": [
          {
            "start": { "line": 515, "column": 52 },
            "end": { "line": 515, "column": 65 }
          },
          {
            "start": { "line": 515, "column": 69 },
            "end": { "line": 515, "column": 94 }
          }
        ]
      },
      "60": {
        "loc": {
          "start": { "line": 516, "column": 33 },
          "end": { "line": 516, "column": 96 }
        },
        "type": "binary-expr",
        "locations": [
          {
            "start": { "line": 516, "column": 33 },
            "end": { "line": 516, "column": 70 }
          },
          {
            "start": { "line": 516, "column": 74 },
            "end": { "line": 516, "column": 96 }
          }
        ]
      },
      "61": {
        "loc": {
          "start": { "line": 526, "column": 4 },
          "end": { "line": 526, "column": 57 }
        },
        "type": "if",
        "locations": [
          {
            "start": { "line": 526, "column": 4 },
            "end": { "line": 526, "column": 57 }
          }
        ]
      },
      "62": {
        "loc": {
          "start": { "line": 527, "column": 4 },
          "end": { "line": 527, "column": 56 }
        },
        "type": "if",
        "locations": [
          {
            "start": { "line": 527, "column": 4 },
            "end": { "line": 527, "column": 56 }
          }
        ]
      },
      "63": {
        "loc": {
          "start": { "line": 530, "column": 6 },
          "end": { "line": 530, "column": null }
        },
        "type": "cond-expr",
        "locations": [
          {
            "start": { "line": 530, "column": 31 },
            "end": { "line": 530, "column": 36 }
          },
          {
            "start": { "line": 530, "column": 39 },
            "end": { "line": 530, "column": null }
          }
        ]
      },
      "64": {
        "loc": {
          "start": { "line": 534, "column": 4 },
          "end": { "line": 536, "column": 5 }
        },
        "type": "if",
        "locations": [
          {
            "start": { "line": 534, "column": 4 },
            "end": { "line": 536, "column": 5 }
          }
        ]
      },
      "65": {
        "loc": {
          "start": { "line": 537, "column": 4 },
          "end": { "line": 539, "column": 5 }
        },
        "type": "if",
        "locations": [
          {
            "start": { "line": 537, "column": 4 },
            "end": { "line": 539, "column": 5 }
          }
        ]
      },
      "66": {
        "loc": {
          "start": { "line": 553, "column": 4 },
          "end": { "line": 553, "column": 49 }
        },
        "type": "if",
        "locations": [
          {
            "start": { "line": 553, "column": 4 },
            "end": { "line": 553, "column": 49 }
          }
        ]
      },
      "67": {
        "loc": {
          "start": { "line": 554, "column": 4 },
          "end": { "line": 554, "column": 80 }
        },
        "type": "if",
        "locations": [
          {
            "start": { "line": 554, "column": 4 },
            "end": { "line": 554, "column": 80 }
          }
        ]
      },
      "68": {
        "loc": {
          "start": { "line": 555, "column": 4 },
          "end": { "line": 555, "column": 69 }
        },
        "type": "if",
        "locations": [
          {
            "start": { "line": 555, "column": 4 },
            "end": { "line": 555, "column": 69 }
          }
        ]
      },
      "69": {
        "loc": {
          "start": { "line": 592, "column": 4 },
          "end": { "line": 594, "column": 5 }
        },
        "type": "if",
        "locations": [
          {
            "start": { "line": 592, "column": 4 },
            "end": { "line": 594, "column": 5 }
          }
        ]
      },
      "70": {
        "loc": {
          "start": { "line": 596, "column": 4 },
          "end": { "line": 598, "column": 5 }
        },
        "type": "if",
        "locations": [
          {
            "start": { "line": 596, "column": 4 },
            "end": { "line": 598, "column": 5 }
          }
        ]
      }
    },
    "s": {
      "0": 4,
      "1": 97,
      "2": 97,
      "3": 97,
      "4": 97,
      "5": 100,
      "6": 100,
      "7": 100,
      "8": 100,
      "9": 100,
      "10": 100,
      "11": 100,
      "12": 100,
      "13": 100,
      "14": 100,
      "15": 100,
      "16": 100,
      "17": 100,
      "18": 100,
      "19": 100,
      "20": 100,
      "21": 296,
      "22": 1,
      "23": 1,
      "24": 295,
      "25": 295,
      "26": 295,
      "27": 295,
      "28": 249,
      "29": 46,
      "30": 46,
      "31": 100,
      "32": 296,
      "33": 100,
      "34": 100,
      "35": 100,
      "36": 0,
      "37": 100,
      "38": 10,
      "39": 100,
      "40": 100,
      "41": 295,
      "42": 295,
      "43": 295,
      "44": 295,
      "45": 267,
      "46": 2,
      "47": 249,
      "48": 249,
      "49": 46,
      "50": 46,
      "51": 1823,
      "52": 333,
      "53": 1490,
      "54": 1490,
      "55": 1490,
      "56": 2919,
      "57": 1490,
      "58": 2919,
      "59": 1677,
      "60": 198,
      "61": 1479,
      "62": 160,
      "63": 1319,
      "64": 80,
      "65": 1239,
      "66": 423,
      "67": 378,
      "68": 144,
      "69": 288,
      "70": 9,
      "71": 100,
      "72": 100,
      "73": 100,
      "74": 100,
      "75": 100,
      "76": 100,
      "77": 191,
      "78": 1528,
      "79": 1528,
      "80": 1528,
      "81": 1528,
      "82": 109,
      "83": 109,
      "84": 66,
      "85": 109,
      "86": 43,
      "87": 100,
      "88": 100,
      "89": 10,
      "90": 90,
      "91": 0,
      "92": 100,
      "93": 100,
      "94": 10,
      "95": 90,
      "96": 1,
      "97": 100,
      "98": 100,
      "99": 1528,
      "100": 1528,
      "101": 1528,
      "102": 2504,
      "103": 1528,
      "104": 1064,
      "105": 1528,
      "106": 1170,
      "107": 1162,
      "108": 1141,
      "109": 387,
      "110": 1074,
      "111": 1074,
      "112": 7038,
      "113": 100,
      "114": 100,
      "115": 97,
      "116": 100,
      "117": 93,
      "118": 100,
      "119": 94,
      "120": 100,
      "121": 100,
      "122": 95,
      "123": 5,
      "124": 2,
      "125": 100,
      "126": 100,
      "127": 100,
      "128": 100,
      "129": 100,
      "130": 100,
      "131": 100,
      "132": 100,
      "133": 100,
      "134": 100,
      "135": 100,
      "136": 163,
      "137": 163,
      "138": 35,
      "139": 35,
      "140": 35,
      "141": 18,
      "142": 18,
      "143": 35,
      "144": 8,
      "145": 163,
      "146": 100,
      "147": 100,
      "148": 100,
      "149": 7,
      "150": 93,
      "151": 0,
      "152": 93,
      "153": 0,
      "154": 100,
      "155": 100,
      "156": 100,
      "157": 93,
      "158": 7,
      "159": 0,
      "160": 100,
      "161": 100,
      "162": 100,
      "163": 93,
      "164": 100,
      "165": 97,
      "166": 100,
      "167": 100,
      "168": 296,
      "169": 100,
      "170": 100,
      "171": 100,
      "172": 100,
      "173": 296,
      "174": 193,
      "175": 103,
      "176": 100,
      "177": 100,
      "178": 271,
      "179": 100,
      "180": 100,
      "181": 100,
      "182": 100,
      "183": 22,
      "184": 100,
      "185": 14,
      "186": 100,
      "187": 100,
      "188": 100,
      "189": 18,
      "190": 100,
      "191": 5,
      "192": 100,
      "193": 100,
      "194": 99,
      "195": 1,
      "196": 5,
      "197": 0,
      "198": 1,
      "199": 0,
      "200": 1,
      "201": 100,
      "202": 100,
      "203": 100,
      "204": 100,
      "205": 100,
      "206": 100,
      "207": 100,
      "208": 100,
      "209": 100,
      "210": 19,
      "211": 100,
      "212": 11,
      "213": 100,
      "214": 100,
      "215": 100,
      "216": 100,
      "217": 4
    },
    "f": {
      "0": 97,
      "1": 100,
      "2": 100,
      "3": 296,
      "4": 295,
      "5": 267,
      "6": 2,
      "7": 1823,
      "8": 2919,
      "9": 100,
      "10": 1528,
      "11": 2504,
      "12": 1074,
      "13": 7038,
      "14": 100,
      "15": 100,
      "16": 100,
      "17": 100,
      "18": 296,
      "19": 271,
      "20": 100,
      "21": 5,
      "22": 100,
      "23": 100
    },
    "b": {
      "0": [92],
      "1": [100, 85],
      "2": [1],
      "3": [296, 5],
      "4": [249, 46],
      "5": [46],
      "6": [0, 100],
      "7": [10],
      "8": [100, 99],
      "9": [19, 81],
      "10": [46, 0],
      "11": [333],
      "12": [1490],
      "13": [1490, 1490],
      "14": [1677, 423, 423, 378, 144, 288, 9],
      "15": [198],
      "16": [160],
      "17": [80],
      "18": [423, 54],
      "19": [109],
      "20": [66],
      "21": [43],
      "22": [10, 90],
      "23": [0],
      "24": [10, 90],
      "25": [1],
      "26": [11, 89],
      "27": [1064],
      "28": [109, 1032],
      "29": [100, 95],
      "30": [100, 97],
      "31": [97],
      "32": [93],
      "33": [94],
      "34": [95, 5],
      "35": [100, 15],
      "36": [2],
      "37": [7, 93],
      "38": [6, 94],
      "39": [5, 95],
      "40": [35],
      "41": [18],
      "42": [8],
      "43": [35, 32],
      "44": [7, 93],
      "45": [0, 93],
      "46": [0],
      "47": [93, 7],
      "48": [0],
      "49": [7, 93],
      "50": [3, 97],
      "51": [93],
      "52": [97],
      "53": [265, 31],
      "54": [82, 18],
      "55": [193, 103],
      "56": [296, 290],
      "57": [82, 18],
      "58": [14, 4],
      "59": [271, 269],
      "60": [100, 82],
      "61": [22],
      "62": [14],
      "63": [95, 5],
      "64": [18],
      "65": [5],
      "66": [99],
      "67": [0],
      "68": [0],
      "69": [19],
      "70": [11]
    }
  }
}
