TN:
SF:src/components/AssessmentCategoryFilter.tsx
FN:62,(anonymous_1)
FN:78,(anonymous_2)
FN:118,(anonymous_3)
FN:123,(anonymous_4)
FN:142,(anonymous_5)
FN:147,(anonymous_6)
FNF:6
FNH:0
FNDA:0,(anonymous_1)
FNDA:0,(anonymous_2)
FNDA:0,(anonymous_3)
FNDA:0,(anonymous_4)
FNDA:0,(anonymous_5)
FNDA:0,(anonymous_6)
DA:6,0
DA:7,0
DA:8,0
DA:9,0
DA:10,0
DA:33,0
DA:46,0
DA:54,0
DA:62,0
DA:69,0
DA:71,0
DA:72,0
DA:74,0
DA:78,0
DA:119,0
DA:124,0
DA:143,0
DA:148,0
LF:18
LH:0
BRDA:72,0,0,0
BRDA:72,0,1,0
BRDA:87,1,0,0
BRDA:87,1,1,0
BRDA:94,2,0,0
BRDA:94,2,1,0
BRDA:138,3,0,0
BRDA:138,3,1,0
BRF:8
BRH:0
end_of_record
TN:
SF:src/components/ui/alert.tsx
FN:25,(anonymous_10)
FN:38,(anonymous_11)
FN:50,(anonymous_12)
FNF:3
FNH:0
FNDA:0,(anonymous_10)
FNDA:0,(anonymous_11)
FNDA:0,(anonymous_12)
DA:1,0
DA:2,0
DA:4,0
DA:6,0
DA:22,0
DA:25,0
DA:33,0
DA:35,0
DA:38,0
DA:45,0
DA:47,0
DA:50,0
DA:57,0
DA:59,0
LF:14
LH:0
BRF:0
BRH:0
end_of_record
TN:
SF:src/components/ui/badge.tsx
FN:30,Badge
FNF:1
FNH:0
FNDA:0,Badge
DA:1,0
DA:2,0
DA:4,0
DA:6,0
DA:30,0
DA:31,0
DA:36,0
LF:7
LH:0
BRF:0
BRH:0
end_of_record
TN:
SF:src/components/ui/button.tsx
FN:44,(anonymous_10)
FNF:1
FNH:0
FNDA:0,(anonymous_10)
DA:1,0
DA:2,0
DA:3,0
DA:5,0
DA:7,0
DA:43,0
DA:44,0
DA:45,0
DA:46,0
DA:55,0
DA:57,0
LF:11
LH:0
BRDA:44,0,0,0
BRDA:45,1,0,0
BRDA:45,1,1,0
BRF:3
BRH:0
end_of_record
TN:
SF:src/components/ui/checkbox.tsx
FN:12,(anonymous_10)
FNF:1
FNH:0
FNDA:0,(anonymous_10)
DA:3,0
DA:4,0
DA:5,0
DA:7,0
DA:9,0
DA:12,0
DA:28,0
DA:30,0
LF:8
LH:0
BRF:0
BRH:0
end_of_record
TN:
SF:src/components/ui/combobox.tsx
FN:28,Combobox
FN:40,(anonymous_2)
FN:48,(anonymous_3)
FN:77,(anonymous_4)
FN:81,(anonymous_5)
FNF:5
FNH:0
FNDA:0,Combobox
FNDA:0,(anonymous_2)
FNDA:0,(anonymous_3)
FNDA:0,(anonymous_4)
FNDA:0,(anonymous_5)
DA:1,0
DA:2,0
DA:3,0
DA:4,0
DA:5,0
DA:12,0
DA:28,0
DA:37,0
DA:39,0
DA:41,0
DA:42,0
DA:47,0
DA:49,0
DA:54,0
DA:78,0
DA:81,0
LF:16
LH:0
BRDA:32,0,0,0
BRDA:33,1,0,0
BRDA:34,2,0,0
BRDA:64,3,0,0
BRDA:64,3,1,0
BRDA:86,4,0,0
BRDA:86,4,1,0
BRF:7
BRH:0
end_of_record
TN:
SF:src/components/ui/command.tsx
FN:11,(anonymous_10)
FN:23,(anonymous_11)
FN:38,(anonymous_12)
FN:57,(anonymous_13)
FN:70,(anonymous_14)
FN:83,(anonymous_15)
FN:99,(anonymous_16)
FN:111,(anonymous_17)
FN:124,(anonymous_18)
FNF:9
FNH:0
FNDA:0,(anonymous_10)
FNDA:0,(anonymous_11)
FNDA:0,(anonymous_12)
FNDA:0,(anonymous_13)
FNDA:0,(anonymous_14)
FNDA:0,(anonymous_15)
FNDA:0,(anonymous_16)
FNDA:0,(anonymous_17)
FNDA:0,(anonymous_18)
DA:1,0
DA:3,0
DA:4,0
DA:5,0
DA:6,0
DA:8,0
DA:11,0
DA:21,0
DA:23,0
DA:24,0
DA:35,0
DA:38,0
DA:52,0
DA:54,0
DA:57,0
DA:65,0
DA:67,0
DA:71,0
DA:78,0
DA:80,0
DA:83,0
DA:94,0
DA:96,0
DA:99,0
DA:106,0
DA:108,0
DA:111,0
DA:122,0
DA:124,0
DA:125,0
DA:126,0
DA:128,0
DA:138,0
DA:141,0
DA:142,0
DA:143,0
DA:144,0
DA:145,0
DA:146,0
DA:147,0
DA:148,0
DA:149,0
LF:42
LH:0
BRF:0
BRH:0
end_of_record
TN:
SF:src/components/ui/dialog.tsx
FN:19,(anonymous_10)
FN:34,(anonymous_11)
FN:55,(anonymous_12)
FN:69,(anonymous_13)
FN:86,(anonymous_14)
FN:101,(anonymous_15)
FNF:6
FNH:0
FNDA:0,(anonymous_10)
FNDA:0,(anonymous_11)
FNDA:0,(anonymous_12)
FNDA:0,(anonymous_13)
FNDA:0,(anonymous_14)
FNDA:0,(anonymous_15)
DA:3,0
DA:4,0
DA:5,0
DA:6,0
DA:8,0
DA:10,0
DA:12,0
DA:14,0
DA:16,0
DA:19,0
DA:29,0
DA:31,0
DA:34,0
DA:53,0
DA:55,0
DA:56,0
DA:57,0
DA:58,0
DA:67,0
DA:69,0
DA:70,0
DA:71,0
DA:72,0
DA:81,0
DA:83,0
DA:86,0
DA:96,0
DA:98,0
DA:101,0
DA:108,0
DA:111,0
DA:112,0
DA:113,0
DA:114,0
DA:115,0
DA:116,0
DA:117,0
DA:118,0
DA:119,0
DA:120,0
LF:40
LH:0
BRF:0
BRH:0
end_of_record
TN:
SF:src/components/ui/input.tsx
FN:8,(anonymous_10)
FNF:1
FNH:0
FNDA:0,(anonymous_10)
DA:1,0
DA:3,0
DA:7,0
DA:8,0
DA:9,0
DA:22,0
DA:24,0
LF:7
LH:0
BRF:0
BRH:0
end_of_record
TN:
SF:src/components/ui/label.tsx
FN:15,(anonymous_10)
FNF:1
FNH:0
FNDA:0,(anonymous_10)
DA:1,0
DA:2,0
DA:3,0
DA:5,0
DA:7,0
DA:11,0
DA:15,0
DA:22,0
DA:24,0
LF:9
LH:0
BRF:0
BRH:0
end_of_record
TN:
SF:src/components/ui/popover.tsx
FN:15,(anonymous_10)
FNF:1
FNH:0
FNDA:0,(anonymous_10)
DA:1,0
DA:2,0
DA:4,0
DA:6,0
DA:8,0
DA:10,0
DA:12,0
DA:15,0
DA:29,0
DA:31,0
LF:10
LH:0
BRDA:15,0,0,0
BRDA:15,1,0,0
BRF:2
BRH:0
end_of_record
TN:
SF:src/components/ui/progress.tsx
FN:9,(anonymous_10)
FNF:1
FNH:0
FNDA:0,(anonymous_10)
DA:1,0
DA:2,0
DA:4,0
DA:6,0
DA:9,0
DA:24,0
DA:26,0
LF:7
LH:0
BRDA:20,0,0,0
BRDA:20,0,1,0
BRF:2
BRH:0
end_of_record
TN:
SF:src/components/ui/select.tsx
FN:21,(anonymous_10)
FN:41,(anonymous_11)
FN:58,(anonymous_12)
FN:76,(anonymous_13)
FN:108,(anonymous_14)
FN:120,(anonymous_15)
FN:142,(anonymous_16)
FNF:7
FNH:0
FNDA:0,(anonymous_10)
FNDA:0,(anonymous_11)
FNDA:0,(anonymous_12)
FNDA:0,(anonymous_13)
FNDA:0,(anonymous_14)
FNDA:0,(anonymous_15)
FNDA:0,(anonymous_16)
DA:1,0
DA:2,0
DA:8,0
DA:10,0
DA:12,0
DA:14,0
DA:16,0
DA:18,0
DA:21,0
DA:36,0
DA:38,0
DA:41,0
DA:53,0
DA:55,0
DA:58,0
DA:70,0
DA:73,0
DA:76,0
DA:103,0
DA:105,0
DA:108,0
DA:115,0
DA:117,0
DA:120,0
DA:137,0
DA:139,0
DA:142,0
DA:149,0
DA:152,0
DA:153,0
DA:154,0
DA:155,0
DA:156,0
DA:157,0
DA:158,0
DA:159,0
DA:160,0
DA:161,0
LF:38
LH:0
BRDA:76,0,0,0
BRDA:82,1,0,0
BRDA:82,1,1,0
BRDA:93,2,0,0
BRDA:93,2,1,0
BRF:5
BRH:0
end_of_record
TN:
SF:src/components/ui/tabs.tsx
FN:11,(anonymous_10)
FN:26,(anonymous_11)
FN:41,(anonymous_12)
FNF:3
FNH:0
FNDA:0,(anonymous_10)
FNDA:0,(anonymous_11)
FNDA:0,(anonymous_12)
DA:1,0
DA:2,0
DA:4,0
DA:6,0
DA:8,0
DA:11,0
DA:21,0
DA:23,0
DA:26,0
DA:36,0
DA:38,0
DA:41,0
DA:51,0
DA:53,0
LF:14
LH:0
BRF:0
BRH:0
end_of_record
TN:
SF:src/components/ui/textarea.tsx
FN:8,(anonymous_10)
FNF:1
FNH:0
FNDA:0,(anonymous_10)
DA:1,0
DA:3,0
DA:7,0
DA:8,0
DA:9,0
DA:21,0
DA:23,0
LF:7
LH:0
BRF:0
BRH:0
end_of_record
TN:
SF:src/components/ui/toast.tsx
FN:12,(anonymous_10)
FN:44,(anonymous_11)
FN:58,(anonymous_12)
FN:73,(anonymous_13)
FN:91,(anonymous_14)
FN:103,(anonymous_15)
FNF:6
FNH:0
FNDA:0,(anonymous_10)
FNDA:0,(anonymous_11)
FNDA:0,(anonymous_12)
FNDA:0,(anonymous_13)
FNDA:0,(anonymous_14)
FNDA:0,(anonymous_15)
DA:1,0
DA:2,0
DA:3,0
DA:4,0
DA:5,0
DA:7,0
DA:9,0
DA:12,0
DA:22,0
DA:24,0
DA:40,0
DA:44,0
DA:45,0
DA:53,0
DA:55,0
DA:58,0
DA:68,0
DA:70,0
DA:73,0
DA:86,0
DA:88,0
DA:91,0
DA:98,0
DA:100,0
DA:103,0
DA:110,0
DA:119,0
DA:120,0
DA:121,0
DA:122,0
DA:123,0
DA:124,0
DA:125,0
LF:33
LH:0
BRF:0
BRH:0
end_of_record
TN:
SF:src/components/ui/tooltip.tsx
FN:17,(anonymous_10)
FNF:1
FNH:0
FNDA:0,(anonymous_10)
DA:3,0
DA:4,0
DA:6,0
DA:8,0
DA:10,0
DA:12,0
DA:14,0
DA:17,0
DA:28,0
DA:30,0
LF:10
LH:0
BRDA:17,0,0,0
BRF:1
BRH:0
end_of_record
TN:
SF:src/lib/assessmentTypes.ts
FNF:0
FNH:0
DA:366,0
DA:502,0
LF:2
LH:0
BRF:0
BRH:0
end_of_record
TN:
SF:src/lib/auth-types.ts
FNF:0
FNH:0
DA:44,0
LF:1
LH:0
BRF:0
BRH:0
end_of_record
TN:
SF:src/lib/auth.ts
FN:22,(anonymous_7)
FN:25,(anonymous_8)
FN:49,(anonymous_9)
FN:55,(anonymous_10)
FN:71,(anonymous_11)
FN:89,(anonymous_12)
FN:106,(anonymous_13)
FN:116,(anonymous_14)
FN:120,(anonymous_15)
FN:132,(anonymous_16)
FN:136,(anonymous_17)
FN:154,(anonymous_19)
FN:158,(anonymous_20)
FN:170,(anonymous_21)
FN:180,(anonymous_23)
FN:185,(anonymous_24)
FN:191,(anonymous_25)
FN:199,(anonymous_26)
FN:212,(anonymous_27)
FN:229,(anonymous_28)
FN:233,(anonymous_29)
FN:241,(anonymous_30)
FN:253,(anonymous_31)
FNF:23
FNH:0
FNDA:0,(anonymous_7)
FNDA:0,(anonymous_8)
FNDA:0,(anonymous_9)
FNDA:0,(anonymous_10)
FNDA:0,(anonymous_11)
FNDA:0,(anonymous_12)
FNDA:0,(anonymous_13)
FNDA:0,(anonymous_14)
FNDA:0,(anonymous_15)
FNDA:0,(anonymous_16)
FNDA:0,(anonymous_17)
FNDA:0,(anonymous_19)
FNDA:0,(anonymous_20)
FNDA:0,(anonymous_21)
FNDA:0,(anonymous_23)
FNDA:0,(anonymous_24)
FNDA:0,(anonymous_25)
FNDA:0,(anonymous_26)
FNDA:0,(anonymous_27)
FNDA:0,(anonymous_28)
FNDA:0,(anonymous_29)
FNDA:0,(anonymous_30)
FNDA:0,(anonymous_31)
DA:2,0
DA:11,0
DA:12,0
DA:13,0
DA:14,0
DA:22,0
DA:25,0
DA:26,0
DA:27,0
DA:32,0
DA:33,0
DA:36,0
DA:40,0
DA:44,0
DA:45,0
DA:49,0
DA:55,0
DA:56,0
DA:63,0
DA:64,0
DA:65,0
DA:68,0
DA:71,0
DA:80,0
DA:86,0
DA:89,0
DA:96,0
DA:102,0
DA:105,0
DA:107,0
DA:110,0
DA:112,0
DA:117,0
DA:121,0
DA:133,0
DA:139,0
DA:145,0
DA:156,0
DA:158,0
DA:163,0
DA:171,0
DA:172,0
DA:173,0
DA:174,0
DA:177,0
DA:181,0
DA:182,0
DA:187,0
DA:188,0
DA:192,0
DA:196,0
DA:200,0
DA:204,0
DA:205,0
DA:206,0
DA:209,0
DA:213,0
DA:217,0
DA:220,0
DA:228,0
DA:230,0
DA:234,0
DA:238,0
DA:242,0
DA:246,0
DA:247,0
DA:248,0
DA:250,0
DA:254,0
DA:255,0
LF:70
LH:0
BRDA:32,0,0,0
BRDA:32,0,1,0
BRDA:32,1,0,0
BRDA:32,1,1,0
BRDA:33,2,0,0
BRDA:33,2,1,0
BRDA:33,3,0,0
BRDA:33,3,1,0
BRDA:36,4,0,0
BRDA:36,4,1,0
BRDA:36,5,0,0
BRDA:36,5,1,0
BRDA:40,6,0,0
BRDA:40,6,1,0
BRDA:40,7,0,0
BRDA:40,7,1,0
BRDA:57,8,0,0
BRDA:57,8,1,0
BRDA:64,9,0,0
BRDA:81,10,0,0
BRDA:81,10,1,0
BRDA:97,11,0,0
BRDA:97,11,1,0
BRDA:128,12,0,0
BRDA:128,12,1,0
BRDA:128,13,0,0
BRDA:128,13,1,0
BRDA:146,14,0,0
BRDA:146,14,1,0
BRDA:146,15,0,0
BRDA:146,15,1,0
BRDA:173,16,0,0
BRDA:205,17,0,0
BRDA:247,18,0,0
BRF:34
BRH:0
end_of_record
TN:
SF:src/lib/constants.ts
FN:15,(anonymous_0)
FNF:1
FNH:0
FNDA:0,(anonymous_0)
DA:4,1
DA:15,1
DA:19,0
DA:20,0
DA:29,1
DA:35,1
LF:6
LH:4
BRDA:19,0,0,0
BRF:1
BRH:0
end_of_record
TN:
SF:src/lib/notificationTypes.ts
FNF:0
FNH:0
DA:1,0
DA:8,0
LF:2
LH:0
BRF:0
BRH:0
end_of_record
TN:
SF:src/lib/oauth-state-machine.ts
FN:32,(anonymous_7)
FN:32,(anonymous_8)
FN:33,(anonymous_9)
FN:33,(anonymous_10)
FN:78,(anonymous_11)
FN:78,(anonymous_12)
FN:79,(anonymous_13)
FN:79,(anonymous_14)
FN:110,(anonymous_15)
FN:110,(anonymous_16)
FN:112,(anonymous_17)
FN:112,(anonymous_18)
FN:142,(anonymous_19)
FN:142,(anonymous_20)
FN:143,(anonymous_21)
FN:143,(anonymous_22)
FN:162,(anonymous_23)
FN:162,(anonymous_24)
FN:169,(anonymous_25)
FN:169,(anonymous_26)
FN:196,(anonymous_27)
FN:196,(anonymous_28)
FN:197,(anonymous_29)
FN:197,(anonymous_30)
FN:204,(anonymous_31)
FN:209,(anonymous_32)
FNF:26
FNH:0
FNDA:0,(anonymous_7)
FNDA:0,(anonymous_8)
FNDA:0,(anonymous_9)
FNDA:0,(anonymous_10)
FNDA:0,(anonymous_11)
FNDA:0,(anonymous_12)
FNDA:0,(anonymous_13)
FNDA:0,(anonymous_14)
FNDA:0,(anonymous_15)
FNDA:0,(anonymous_16)
FNDA:0,(anonymous_17)
FNDA:0,(anonymous_18)
FNDA:0,(anonymous_19)
FNDA:0,(anonymous_20)
FNDA:0,(anonymous_21)
FNDA:0,(anonymous_22)
FNDA:0,(anonymous_23)
FNDA:0,(anonymous_24)
FNDA:0,(anonymous_25)
FNDA:0,(anonymous_26)
FNDA:0,(anonymous_27)
FNDA:0,(anonymous_28)
FNDA:0,(anonymous_29)
FNDA:0,(anonymous_30)
FNDA:0,(anonymous_31)
FNDA:0,(anonymous_32)
DA:2,0
DA:3,0
DA:11,0
DA:15,0
DA:30,0
DA:32,0
DA:33,0
DA:35,0
DA:36,0
DA:37,0
DA:38,0
DA:39,0
DA:42,0
DA:43,0
DA:46,0
DA:47,0
DA:49,0
DA:53,0
DA:60,0
DA:61,0
DA:62,0
DA:64,0
DA:65,0
DA:66,0
DA:78,0
DA:79,0
DA:80,0
DA:81,0
DA:85,0
DA:88,0
DA:89,0
DA:93,0
DA:94,0
DA:95,0
DA:99,0
DA:102,0
DA:110,0
DA:111,0
DA:112,0
DA:113,0
DA:114,0
DA:116,0
DA:121,0
DA:133,0
DA:134,0
DA:142,0
DA:143,0
DA:144,0
DA:148,0
DA:152,0
DA:154,0
DA:162,0
DA:163,0
DA:169,0
DA:170,0
DA:171,0
DA:172,0
DA:174,0
DA:187,0
DA:188,0
DA:196,0
DA:197,0
DA:203,0
DA:205,0
DA:206,0
DA:210,0
DA:211,0
DA:218,0
DA:219,0
DA:220,0
DA:223,0
LF:71
LH:0
BRDA:42,0,0,0
BRDA:42,1,0,0
BRDA:42,1,1,0
BRDA:42,2,0,0
BRDA:42,2,1,0
BRDA:42,3,0,0
BRDA:42,3,1,0
BRDA:42,4,0,0
BRDA:42,4,1,0
BRDA:46,5,0,0
BRDA:46,5,1,0
BRDA:57,6,0,0
BRDA:57,6,1,0
BRDA:57,7,0,0
BRDA:57,7,1,0
BRDA:61,8,0,0
BRDA:85,9,0,0
BRDA:85,9,1,0
BRDA:85,10,0,0
BRDA:85,10,1,0
BRDA:85,11,0,0
BRDA:85,11,1,0
BRDA:88,12,0,0
BRDA:94,13,0,0
BRDA:111,14,0,0
BRDA:111,14,1,0
BRDA:118,15,0,0
BRDA:118,15,1,0
BRDA:118,16,0,0
BRDA:118,16,1,0
BRDA:129,17,0,0
BRDA:129,17,1,0
BRDA:129,18,0,0
BRDA:129,18,1,0
BRDA:144,19,0,0
BRDA:145,20,0,0
BRDA:145,20,1,0
BRDA:164,21,0,0
BRDA:164,21,1,0
BRDA:164,21,2,0
BRDA:180,22,0,0
BRDA:180,22,1,0
BRDA:181,23,0,0
BRDA:181,23,1,0
BRDA:219,24,0,0
BRF:45
BRH:0
end_of_record
TN:
SF:src/lib/utils.ts
FN:4,cn
FNF:1
FNH:0
FNDA:0,cn
DA:1,0
DA:2,0
DA:4,0
DA:5,0
LF:4
LH:0
BRF:0
BRH:0
end_of_record
TN:
SF:src/lib/hooks/useCompletionState.ts
FN:13,debounce
FN:18,(anonymous_8)
FN:20,(anonymous_9)
FN:26,useCompletionState
FN:44,(anonymous_11)
FN:52,(anonymous_12)
FN:56,(anonymous_13)
FN:64,(anonymous_14)
FN:66,(anonymous_15)
FN:71,(anonymous_16)
FN:81,(anonymous_17)
FN:100,(anonymous_18)
FN:109,(anonymous_19)
FN:125,(anonymous_20)
FNF:14
FNH:0
FNDA:0,debounce
FNDA:0,(anonymous_8)
FNDA:0,(anonymous_9)
FNDA:0,useCompletionState
FNDA:0,(anonymous_11)
FNDA:0,(anonymous_12)
FNDA:0,(anonymous_13)
FNDA:0,(anonymous_14)
FNDA:0,(anonymous_15)
FNDA:0,(anonymous_16)
FNDA:0,(anonymous_17)
FNDA:0,(anonymous_18)
FNDA:0,(anonymous_19)
FNDA:0,(anonymous_20)
DA:1,0
DA:18,0
DA:19,0
DA:20,0
DA:21,0
DA:26,0
DA:37,0
DA:42,0
DA:44,0
DA:45,0
DA:46,0
DA:47,0
DA:52,0
DA:53,0
DA:56,0
DA:57,0
DA:58,0
DA:64,0
DA:65,0
DA:71,0
DA:72,0
DA:73,0
DA:76,0
DA:78,0
DA:79,0
DA:81,0
DA:86,0
DA:87,0
DA:88,0
DA:91,0
DA:99,0
DA:100,0
DA:107,0
DA:108,0
DA:109,0
DA:115,0
DA:116,0
DA:125,0
DA:126,0
DA:127,0
DA:131,0
LF:41
LH:0
BRDA:34,0,0,0
BRDA:35,1,0,0
BRDA:45,2,0,0
BRDA:72,3,0,0
BRDA:87,4,0,0
BRDA:99,5,0,0
BRDA:108,6,0,0
BRDA:115,7,0,0
BRDA:126,8,0,0
BRF:9
BRH:0
end_of_record
TN:
SF:src/lib/hooks/useDraggablePane.ts
FN:3,useDraggablePane
FN:10,(anonymous_1)
FN:20,(anonymous_2)
FN:32,(anonymous_3)
FN:37,(anonymous_4)
FN:41,(anonymous_5)
FN:55,useDraggableSidebar
FN:62,(anonymous_7)
FN:72,(anonymous_8)
FN:84,(anonymous_9)
FN:89,(anonymous_10)
FN:93,(anonymous_11)
FNF:12
FNH:0
FNDA:0,useDraggablePane
FNDA:0,(anonymous_1)
FNDA:0,(anonymous_2)
FNDA:0,(anonymous_3)
FNDA:0,(anonymous_4)
FNDA:0,(anonymous_5)
FNDA:0,useDraggableSidebar
FNDA:0,(anonymous_7)
FNDA:0,(anonymous_8)
FNDA:0,(anonymous_9)
FNDA:0,(anonymous_10)
FNDA:0,(anonymous_11)
DA:1,0
DA:3,0
DA:4,0
DA:5,0
DA:6,0
DA:7,0
DA:9,0
DA:11,0
DA:12,0
DA:13,0
DA:14,0
DA:19,0
DA:21,0
DA:22,0
DA:23,0
DA:27,0
DA:32,0
DA:33,0
DA:34,0
DA:37,0
DA:38,0
DA:39,0
DA:40,0
DA:41,0
DA:42,0
DA:43,0
DA:48,0
DA:55,0
DA:56,0
DA:57,0
DA:58,0
DA:59,0
DA:61,0
DA:63,0
DA:64,0
DA:65,0
DA:66,0
DA:71,0
DA:73,0
DA:74,0
DA:75,0
DA:79,0
DA:84,0
DA:85,0
DA:86,0
DA:89,0
DA:90,0
DA:91,0
DA:92,0
DA:93,0
DA:94,0
DA:95,0
DA:100,0
LF:53
LH:0
BRDA:21,0,0,0
BRDA:38,1,0,0
BRDA:73,2,0,0
BRDA:90,3,0,0
BRF:4
BRH:0
end_of_record
TN:
SF:src/lib/hooks/useTheme.ts
FN:5,(anonymous_0)
FN:6,(anonymous_1)
FN:11,(anonymous_2)
FN:15,(anonymous_3)
FN:21,(anonymous_4)
FN:34,(anonymous_5)
FN:39,(anonymous_6)
FN:47,(anonymous_7)
FNF:8
FNH:0
FNDA:0,(anonymous_0)
FNDA:0,(anonymous_1)
FNDA:0,(anonymous_2)
FNDA:0,(anonymous_3)
FNDA:0,(anonymous_4)
FNDA:0,(anonymous_5)
FNDA:0,(anonymous_6)
FNDA:0,(anonymous_7)
DA:1,0
DA:5,0
DA:6,0
DA:7,0
DA:8,0
DA:11,0
DA:12,0
DA:15,0
DA:16,0
DA:17,0
DA:21,0
DA:22,0
DA:26,0
DA:27,0
DA:29,0
DA:32,0
DA:34,0
DA:35,0
DA:39,0
DA:40,0
DA:41,0
DA:42,0
DA:43,0
DA:46,0
DA:47,0
DA:52,0
LF:26
LH:0
BRDA:8,0,0,0
BRDA:8,0,1,0
BRDA:16,1,0,0
BRDA:17,2,0,0
BRDA:17,2,1,0
BRDA:26,3,0,0
BRDA:26,3,1,0
BRDA:27,4,0,0
BRDA:27,4,1,0
BRDA:42,5,0,0
BRF:10
BRH:0
end_of_record
TN:
SF:src/lib/hooks/useToast.ts
FN:20,genId
FN:56,(anonymous_11)
FN:61,(anonymous_12)
FN:72,(anonymous_13)
FN:83,(anonymous_14)
FN:96,(anonymous_15)
FN:103,(anonymous_16)
FN:122,(anonymous_17)
FN:131,dispatch
FN:133,(anonymous_19)
FN:140,toast
FN:143,(anonymous_21)
FN:148,(anonymous_22)
FN:157,(anonymous_23)
FN:170,useToast
FN:173,(anonymous_25)
FN:175,(anonymous_26)
FN:186,(anonymous_27)
FNF:18
FNH:0
FNDA:0,genId
FNDA:0,(anonymous_11)
FNDA:0,(anonymous_12)
FNDA:0,(anonymous_13)
FNDA:0,(anonymous_14)
FNDA:0,(anonymous_15)
FNDA:0,(anonymous_16)
FNDA:0,(anonymous_17)
FNDA:0,dispatch
FNDA:0,(anonymous_19)
FNDA:0,toast
FNDA:0,(anonymous_21)
FNDA:0,(anonymous_22)
FNDA:0,(anonymous_23)
FNDA:0,useToast
FNDA:0,(anonymous_25)
FNDA:0,(anonymous_26)
FNDA:0,(anonymous_27)
DA:4,0
DA:8,0
DA:9,0
DA:18,0
DA:21,0
DA:22,0
DA:54,0
DA:56,0
DA:57,0
DA:58,0
DA:61,0
DA:62,0
DA:63,0
DA:69,0
DA:72,0
DA:73,0
DA:75,0
DA:81,0
DA:84,0
DA:89,0
DA:93,0
DA:94,0
DA:96,0
DA:97,0
DA:101,0
DA:104,0
DA:114,0
DA:115,0
DA:120,0
DA:122,0
DA:127,0
DA:129,0
DA:132,0
DA:133,0
DA:134,0
DA:140,0
DA:141,0
DA:143,0
DA:144,0
DA:148,0
DA:149,0
DA:151,0
DA:158,0
DA:163,0
DA:171,0
DA:173,0
DA:174,0
DA:175,0
DA:176,0
DA:177,0
DA:178,0
DA:183,0
DA:187,0
DA:191,0
LF:54
LH:0
BRDA:57,0,0,0
BRDA:73,1,0,0
BRDA:73,1,1,0
BRDA:73,1,2,0
BRDA:73,1,3,0
BRDA:84,2,0,0
BRDA:84,2,1,0
BRDA:93,3,0,0
BRDA:93,3,1,0
BRDA:104,4,0,0
BRDA:104,4,1,0
BRDA:104,5,0,0
BRDA:104,5,1,0
BRDA:114,6,0,0
BRDA:158,7,0,0
BRDA:177,8,0,0
BRF:16
BRH:0
end_of_record
TN:
SF:src/services/assessmentService.ts
FN:40,(anonymous_7)
FN:47,(anonymous_8)
FN:114,(anonymous_10)
FN:147,(anonymous_12)
FN:176,(anonymous_13)
FN:192,(anonymous_15)
FN:194,(anonymous_16)
FN:226,(anonymous_17)
FN:246,(anonymous_18)
FN:297,(anonymous_19)
FN:335,(anonymous_20)
FN:398,(anonymous_22)
FN:410,(anonymous_24)
FN:463,(anonymous_25)
FN:509,(anonymous_26)
FN:542,(anonymous_27)
FN:575,(anonymous_28)
FN:581,(anonymous_29)
FN:624,(anonymous_30)
FN:630,(anonymous_31)
FN:747,(anonymous_32)
FN:796,(anonymous_33)
FN:866,(anonymous_34)
FN:878,(anonymous_35)
FN:894,(anonymous_36)
FN:910,(anonymous_37)
FN:945,(anonymous_38)
FN:1129,(anonymous_40)
FN:1131,(anonymous_41)
FN:1153,(anonymous_42)
FN:1194,(anonymous_43)
FN:1198,(anonymous_44)
FN:1207,(anonymous_45)
FN:1238,(anonymous_46)
FN:1243,(anonymous_47)
FN:1249,(anonymous_48)
FN:1265,(anonymous_49)
FN:1291,(anonymous_50)
FN:1320,(anonymous_51)
FNF:39
FNH:0
FNDA:0,(anonymous_7)
FNDA:0,(anonymous_8)
FNDA:0,(anonymous_10)
FNDA:0,(anonymous_12)
FNDA:0,(anonymous_13)
FNDA:0,(anonymous_15)
FNDA:0,(anonymous_16)
FNDA:0,(anonymous_17)
FNDA:0,(anonymous_18)
FNDA:0,(anonymous_19)
FNDA:0,(anonymous_20)
FNDA:0,(anonymous_22)
FNDA:0,(anonymous_24)
FNDA:0,(anonymous_25)
FNDA:0,(anonymous_26)
FNDA:0,(anonymous_27)
FNDA:0,(anonymous_28)
FNDA:0,(anonymous_29)
FNDA:0,(anonymous_30)
FNDA:0,(anonymous_31)
FNDA:0,(anonymous_32)
FNDA:0,(anonymous_33)
FNDA:0,(anonymous_34)
FNDA:0,(anonymous_35)
FNDA:0,(anonymous_36)
FNDA:0,(anonymous_37)
FNDA:0,(anonymous_38)
FNDA:0,(anonymous_40)
FNDA:0,(anonymous_41)
FNDA:0,(anonymous_42)
FNDA:0,(anonymous_43)
FNDA:0,(anonymous_44)
FNDA:0,(anonymous_45)
FNDA:0,(anonymous_46)
FNDA:0,(anonymous_47)
FNDA:0,(anonymous_48)
FNDA:0,(anonymous_49)
FNDA:0,(anonymous_50)
FNDA:0,(anonymous_51)
DA:6,0
DA:35,0
DA:37,0
DA:38,0
DA:41,0
DA:56,0
DA:57,0
DA:60,0
DA:61,0
DA:62,0
DA:63,0
DA:64,0
DA:67,0
DA:76,0
DA:84,0
DA:92,0
DA:94,0
DA:121,0
DA:122,0
DA:123,0
DA:125,0
DA:126,0
DA:128,0
DA:133,0
DA:136,0
DA:137,0
DA:138,0
DA:140,0
DA:141,0
DA:142,0
DA:143,0
DA:147,0
DA:148,0
DA:150,0
DA:151,0
DA:152,0
DA:153,0
DA:154,0
DA:157,0
DA:161,0
DA:183,0
DA:185,0
DA:187,0
DA:190,0
DA:193,0
DA:194,0
DA:200,0
DA:202,0
DA:211,0
DA:213,0
DA:227,0
DA:228,0
DA:231,0
DA:234,0
DA:235,0
DA:236,0
DA:240,0
DA:247,0
DA:249,0
DA:252,0
DA:255,0
DA:256,0
DA:257,0
DA:258,0
DA:259,0
DA:262,0
DA:264,0
DA:265,0
DA:268,0
DA:269,0
DA:271,0
DA:272,0
DA:274,0
DA:275,0
DA:277,0
DA:278,0
DA:280,0
DA:286,0
DA:291,0
DA:301,0
DA:303,0
DA:304,0
DA:306,0
DA:307,0
DA:309,0
DA:310,0
DA:312,0
DA:316,0
DA:319,0
DA:322,0
DA:325,0
DA:328,0
DA:342,0
DA:343,0
DA:344,0
DA:345,0
DA:348,0
DA:350,0
DA:351,0
DA:352,0
DA:353,0
DA:354,0
DA:357,0
DA:358,0
DA:359,0
DA:360,0
DA:365,0
DA:366,0
DA:367,0
DA:369,0
DA:370,0
DA:371,0
DA:373,0
DA:375,0
DA:376,0
DA:379,0
DA:386,0
DA:406,0
DA:408,0
DA:409,0
DA:410,0
DA:413,0
DA:414,0
DA:417,0
DA:420,0
DA:426,0
DA:428,0
DA:440,0
DA:443,0
DA:445,0
DA:468,0
DA:470,0
DA:473,0
DA:475,0
DA:479,0
DA:480,0
DA:488,0
DA:491,0
DA:495,0
DA:496,0
DA:503,0
DA:514,0
DA:518,0
DA:523,0
DA:525,0
DA:529,0
DA:535,0
DA:547,0
DA:575,0
DA:586,0
DA:624,0
DA:634,0
DA:726,0
DA:727,0
DA:728,0
DA:733,0
DA:735,0
DA:736,0
DA:737,0
DA:741,0
DA:751,0
DA:754,0
DA:755,0
DA:756,0
DA:760,0
DA:761,0
DA:768,0
DA:798,0
DA:801,0
DA:808,0
DA:815,0
DA:830,0
DA:831,0
DA:833,0
DA:834,0
DA:836,0
DA:837,0
DA:840,0
DA:841,0
DA:842,0
DA:843,0
DA:844,0
DA:847,0
DA:853,0
DA:855,0
DA:867,0
DA:868,0
DA:871,0
DA:872,0
DA:873,0
DA:876,0
DA:877,0
DA:878,0
DA:879,0
DA:881,0
DA:888,0
DA:898,0
DA:899,0
DA:900,0
DA:901,0
DA:903,0
DA:904,0
DA:905,0
DA:908,0
DA:909,0
DA:910,0
DA:911,0
DA:914,0
DA:915,0
DA:916,0
DA:917,0
DA:918,0
DA:920,0
DA:922,0
DA:923,0
DA:927,0
DA:952,0
DA:953,0
DA:954,0
DA:955,0
DA:956,0
DA:959,0
DA:960,0
DA:962,0
DA:963,0
DA:966,0
DA:983,0
DA:984,0
DA:987,0
DA:991,0
DA:995,0
DA:998,0
DA:999,0
DA:1000,0
DA:1001,0
DA:1002,0
DA:1003,0
DA:1005,0
DA:1006,0
DA:1007,0
DA:1008,0
DA:1009,0
DA:1013,0
DA:1020,0
DA:1021,0
DA:1023,0
DA:1024,0
DA:1025,0
DA:1029,0
DA:1030,0
DA:1034,0
DA:1038,0
DA:1041,0
DA:1043,0
DA:1059,0
DA:1061,0
DA:1062,0
DA:1063,0
DA:1064,0
DA:1065,0
DA:1067,0
DA:1068,0
DA:1069,0
DA:1074,0
DA:1076,0
DA:1080,0
DA:1081,0
DA:1083,0
DA:1084,0
DA:1085,0
DA:1087,0
DA:1096,0
DA:1097,0
DA:1098,0
DA:1100,0
DA:1106,0
DA:1107,0
DA:1108,0
DA:1109,0
DA:1110,0
DA:1113,0
DA:1114,0
DA:1118,0
DA:1131,0
DA:1132,0
DA:1135,0
DA:1138,0
DA:1139,0
DA:1141,0
DA:1142,0
DA:1143,0
DA:1145,0
DA:1150,0
DA:1152,0
DA:1153,0
DA:1156,0
DA:1158,0
DA:1167,0
DA:1168,0
DA:1169,0
DA:1171,0
DA:1175,0
DA:1176,0
DA:1177,0
DA:1179,0
DA:1180,0
DA:1183,0
DA:1197,0
DA:1198,0
DA:1199,0
DA:1200,0
DA:1201,0
DA:1214,0
DA:1216,0
DA:1219,0
DA:1222,0
DA:1225,0
DA:1228,0
DA:1232,0
DA:1239,0
DA:1240,0
DA:1243,0
DA:1244,0
DA:1245,0
DA:1249,0
DA:1250,0
DA:1251,0
DA:1252,0
DA:1253,0
DA:1259,0
DA:1266,0
DA:1282,0
DA:1292,0
DA:1311,0
DA:1327,0
DA:1329,0
DA:1330,0
DA:1335,0
DA:1336,0
DA:1341,0
DA:1342,0
DA:1343,0
DA:1345,0
LF:343
LH:0
BRDA:40,0,0,0
BRDA:62,1,0,0
BRDA:62,1,1,0
BRDA:126,2,0,0
BRDA:126,3,0,0
BRDA:126,3,1,0
BRDA:140,4,0,0
BRDA:140,4,1,0
BRDA:142,5,0,0
BRDA:151,6,0,0
BRDA:151,6,1,0
BRDA:153,7,0,0
BRDA:153,8,0,0
BRDA:153,8,1,0
BRDA:158,9,0,0
BRDA:158,9,1,0
BRDA:217,10,0,0
BRDA:217,10,1,0
BRDA:227,11,0,0
BRDA:234,12,0,0
BRDA:234,13,0,0
BRDA:234,13,1,0
BRDA:247,14,0,0
BRDA:255,15,0,0
BRDA:255,16,0,0
BRDA:255,16,1,0
BRDA:257,17,0,0
BRDA:262,18,0,0
BRDA:262,18,1,0
BRDA:262,18,2,0
BRDA:262,18,3,0
BRDA:262,18,4,0
BRDA:262,18,5,0
BRDA:262,18,6,0
BRDA:301,19,0,0
BRDA:301,19,1,0
BRDA:301,19,2,0
BRDA:301,19,3,0
BRDA:301,19,4,0
BRDA:301,19,5,0
BRDA:301,19,6,0
BRDA:303,20,0,0
BRDA:306,21,0,0
BRDA:309,22,0,0
BRDA:316,23,0,0
BRDA:316,23,1,0
BRDA:316,24,0,0
BRDA:316,24,1,0
BRDA:357,25,0,0
BRDA:359,26,0,0
BRDA:360,27,0,0
BRDA:366,28,0,0
BRDA:366,28,1,0
BRDA:367,29,0,0
BRDA:370,30,0,0
BRDA:370,30,1,0
BRDA:371,31,0,0
BRDA:375,32,0,0
BRDA:375,32,1,0
BRDA:380,33,0,0
BRDA:380,33,1,0
BRDA:413,34,0,0
BRDA:431,35,0,0
BRDA:431,35,1,0
BRDA:443,36,0,0
BRDA:443,36,1,0
BRDA:448,37,0,0
BRDA:448,37,1,0
BRDA:468,38,0,0
BRDA:473,39,0,0
BRDA:479,40,0,0
BRDA:495,41,0,0
BRDA:518,42,0,0
BRDA:518,42,1,0
BRDA:518,43,0,0
BRDA:518,43,1,0
BRDA:518,44,0,0
BRDA:518,44,1,0
BRDA:518,45,0,0
BRDA:518,45,1,0
BRDA:518,46,0,0
BRDA:518,46,1,0
BRDA:518,47,0,0
BRDA:518,47,1,0
BRDA:525,48,0,0
BRDA:525,48,1,0
BRDA:525,49,0,0
BRDA:525,49,1,0
BRDA:530,50,0,0
BRDA:530,50,1,0
BRDA:530,51,0,0
BRDA:530,51,1,0
BRDA:530,52,0,0
BRDA:530,52,1,0
BRDA:531,53,0,0
BRDA:531,53,1,0
BRDA:531,53,2,0
BRDA:531,54,0,0
BRDA:531,54,1,0
BRDA:531,55,0,0
BRDA:531,55,1,0
BRDA:532,56,0,0
BRDA:532,56,1,0
BRDA:621,57,0,0
BRDA:621,57,1,0
BRDA:727,58,0,0
BRDA:733,59,0,0
BRDA:733,60,0,0
BRDA:733,60,1,0
BRDA:736,61,0,0
BRDA:736,62,0,0
BRDA:736,62,1,0
BRDA:751,63,0,0
BRDA:751,63,1,0
BRDA:755,64,0,0
BRDA:760,65,0,0
BRDA:823,66,0,0
BRDA:823,66,1,0
BRDA:826,67,0,0
BRDA:826,67,1,0
BRDA:826,68,0,0
BRDA:826,68,1,0
BRDA:827,69,0,0
BRDA:827,69,1,0
BRDA:827,70,0,0
BRDA:827,70,1,0
BRDA:830,71,0,0
BRDA:833,72,0,0
BRDA:836,73,0,0
BRDA:841,74,0,0
BRDA:841,74,1,0
BRDA:841,75,0,0
BRDA:841,75,1,0
BRDA:843,76,0,0
BRDA:848,77,0,0
BRDA:848,77,1,0
BRDA:850,78,0,0
BRDA:850,78,1,0
BRDA:872,79,0,0
BRDA:872,79,1,0
BRDA:879,80,0,0
BRDA:879,80,1,0
BRDA:884,81,0,0
BRDA:884,81,1,0
BRDA:884,82,0,0
BRDA:884,82,1,0
BRDA:908,83,0,0
BRDA:908,83,1,0
BRDA:909,84,0,0
BRDA:909,84,1,0
BRDA:909,85,0,0
BRDA:909,85,1,0
BRDA:909,86,0,0
BRDA:909,86,1,0
BRDA:914,87,0,0
BRDA:914,87,1,0
BRDA:918,88,0,0
BRDA:918,89,0,0
BRDA:918,89,1,0
BRDA:922,90,0,0
BRDA:927,91,0,0
BRDA:927,91,1,0
BRDA:983,92,0,0
BRDA:983,92,1,0
BRDA:991,93,0,0
BRDA:991,93,1,0
BRDA:991,94,0,0
BRDA:991,94,1,0
BRDA:991,95,0,0
BRDA:991,95,1,0
BRDA:991,96,0,0
BRDA:991,96,1,0
BRDA:991,97,0,0
BRDA:991,97,1,0
BRDA:991,98,0,0
BRDA:991,98,1,0
BRDA:998,99,0,0
BRDA:998,99,1,0
BRDA:1005,100,0,0
BRDA:1013,101,0,0
BRDA:1014,102,0,0
BRDA:1014,102,1,0
BRDA:1014,102,2,0
BRDA:1014,102,3,0
BRDA:1014,102,4,0
BRDA:1021,103,0,0
BRDA:1021,104,0,0
BRDA:1021,104,1,0
BRDA:1029,105,0,0
BRDA:1052,106,0,0
BRDA:1052,106,1,0
BRDA:1059,107,0,0
BRDA:1061,108,0,0
BRDA:1067,109,0,0
BRDA:1067,110,0,0
BRDA:1067,110,1,0
BRDA:1070,111,0,0
BRDA:1070,111,1,0
BRDA:1070,112,0,0
BRDA:1070,112,1,0
BRDA:1083,113,0,0
BRDA:1083,113,1,0
BRDA:1084,114,0,0
BRDA:1084,114,1,0
BRDA:1085,115,0,0
BRDA:1097,116,0,0
BRDA:1097,116,1,0
BRDA:1098,117,0,0
BRDA:1101,118,0,0
BRDA:1101,118,1,0
BRDA:1103,119,0,0
BRDA:1103,119,1,0
BRDA:1107,120,0,0
BRDA:1109,121,0,0
BRDA:1113,122,0,0
BRDA:1132,123,0,0
BRDA:1132,123,1,0
BRDA:1135,124,0,0
BRDA:1135,124,1,0
BRDA:1142,125,0,0
BRDA:1142,125,1,0
BRDA:1142,126,0,0
BRDA:1142,126,1,0
BRDA:1150,127,0,0
BRDA:1150,127,1,0
BRDA:1150,128,0,0
BRDA:1150,128,1,0
BRDA:1153,129,0,0
BRDA:1153,129,1,0
BRDA:1156,130,0,0
BRDA:1156,130,1,0
BRDA:1168,131,0,0
BRDA:1169,132,0,0
BRDA:1172,133,0,0
BRDA:1172,133,1,0
BRDA:1176,134,0,0
BRDA:1179,135,0,0
BRDA:1197,136,0,0
BRDA:1198,137,0,0
BRDA:1200,138,0,0
BRDA:1245,139,0,0
BRDA:1245,139,1,0
BRDA:1252,140,0,0
BRDA:1283,141,0,0
BRDA:1283,141,1,0
BRDA:1312,142,0,0
BRDA:1312,142,1,0
BRDA:1329,143,0,0
BRDA:1335,144,0,0
BRF:249
BRH:0
end_of_record
TN:
SF:src/services/assessment/AssessmentOrchestrator.ts
FN:75,(anonymous_7)
FN:108,(anonymous_8)
FN:119,(anonymous_10)
FN:120,(anonymous_11)
FN:121,(anonymous_12)
FN:122,(anonymous_13)
FN:123,(anonymous_14)
FN:129,(anonymous_15)
FN:134,(anonymous_16)
FN:139,(anonymous_17)
FN:144,(anonymous_18)
FN:149,(anonymous_19)
FN:208,(anonymous_20)
FN:229,(anonymous_22)
FN:254,(anonymous_23)
FN:258,(anonymous_24)
FN:274,(anonymous_25)
FN:278,(anonymous_26)
FN:300,(anonymous_27)
FN:310,(anonymous_28)
FN:314,(anonymous_29)
FN:327,(anonymous_30)
FN:334,(anonymous_31)
FNF:23
FNH:0
FNDA:0,(anonymous_7)
FNDA:0,(anonymous_8)
FNDA:0,(anonymous_10)
FNDA:0,(anonymous_11)
FNDA:0,(anonymous_12)
FNDA:0,(anonymous_13)
FNDA:0,(anonymous_14)
FNDA:0,(anonymous_15)
FNDA:0,(anonymous_16)
FNDA:0,(anonymous_17)
FNDA:0,(anonymous_18)
FNDA:0,(anonymous_19)
FNDA:0,(anonymous_20)
FNDA:0,(anonymous_22)
FNDA:0,(anonymous_23)
FNDA:0,(anonymous_24)
FNDA:0,(anonymous_25)
FNDA:0,(anonymous_26)
FNDA:0,(anonymous_27)
FNDA:0,(anonymous_28)
FNDA:0,(anonymous_29)
FNDA:0,(anonymous_30)
FNDA:0,(anonymous_31)
DA:6,0
DA:15,0
DA:16,0
DA:17,0
DA:18,0
DA:19,0
DA:22,0
DA:23,0
DA:24,0
DA:25,0
DA:26,0
DA:56,0
DA:58,0
DA:59,0
DA:76,0
DA:79,0
DA:80,0
DA:81,0
DA:82,0
DA:83,0
DA:86,0
DA:87,0
DA:88,0
DA:90,0
DA:91,0
DA:93,0
DA:94,0
DA:96,0
DA:97,0
DA:99,0
DA:100,0
DA:109,0
DA:110,0
DA:113,0
DA:114,0
DA:116,0
DA:118,0
DA:119,0
DA:120,0
DA:121,0
DA:122,0
DA:123,0
DA:127,0
DA:128,0
DA:129,0
DA:132,0
DA:133,0
DA:134,0
DA:137,0
DA:138,0
DA:139,0
DA:142,0
DA:143,0
DA:144,0
DA:147,0
DA:148,0
DA:149,0
DA:153,0
DA:156,0
DA:157,0
DA:158,0
DA:159,0
DA:160,0
DA:162,0
DA:163,0
DA:165,0
DA:166,0
DA:168,0
DA:169,0
DA:171,0
DA:172,0
DA:174,0
DA:175,0
DA:180,0
DA:183,0
DA:186,0
DA:187,0
DA:189,0
DA:191,0
DA:216,0
DA:226,0
DA:230,0
DA:233,0
DA:234,0
DA:236,0
DA:237,0
DA:239,0
DA:240,0
DA:244,0
DA:245,0
DA:247,0
DA:248,0
DA:251,0
DA:255,0
DA:258,0
DA:259,0
DA:260,0
DA:265,0
DA:268,0
DA:271,0
DA:275,0
DA:276,0
DA:277,0
DA:278,0
DA:281,0
DA:286,0
DA:287,0
DA:292,0
DA:293,0
DA:298,0
DA:299,0
DA:300,0
DA:302,0
DA:303,0
DA:307,0
DA:311,0
DA:314,0
DA:315,0
DA:316,0
DA:321,0
DA:328,0
DA:335,0
LF:122
LH:0
BRDA:75,0,0,0
BRDA:86,1,0,0
BRDA:87,2,0,0
BRDA:87,3,0,0
BRDA:87,3,1,0
BRDA:87,4,0,0
BRDA:87,4,1,0
BRDA:90,5,0,0
BRDA:90,6,0,0
BRDA:90,6,1,0
BRDA:90,7,0,0
BRDA:90,7,1,0
BRDA:93,8,0,0
BRDA:93,9,0,0
BRDA:93,9,1,0
BRDA:93,10,0,0
BRDA:93,10,1,0
BRDA:96,11,0,0
BRDA:96,12,0,0
BRDA:96,12,1,0
BRDA:96,13,0,0
BRDA:96,13,1,0
BRDA:99,14,0,0
BRDA:99,15,0,0
BRDA:99,15,1,0
BRDA:99,16,0,0
BRDA:99,16,1,0
BRDA:116,17,0,0
BRDA:116,17,1,0
BRDA:127,18,0,0
BRDA:132,19,0,0
BRDA:137,20,0,0
BRDA:142,21,0,0
BRDA:147,22,0,0
BRDA:162,23,0,0
BRDA:165,24,0,0
BRDA:168,25,0,0
BRDA:171,26,0,0
BRDA:174,27,0,0
BRDA:233,28,0,0
BRDA:233,29,0,0
BRDA:233,29,1,0
BRDA:233,30,0,0
BRDA:233,30,1,0
BRDA:236,31,0,0
BRDA:236,32,0,0
BRDA:236,32,1,0
BRDA:236,33,0,0
BRDA:236,33,1,0
BRDA:239,34,0,0
BRDA:239,35,0,0
BRDA:239,35,1,0
BRDA:239,36,0,0
BRDA:239,36,1,0
BRDA:239,37,0,0
BRDA:239,37,1,0
BRDA:239,38,0,0
BRDA:239,38,1,0
BRDA:244,39,0,0
BRDA:244,40,0,0
BRDA:244,40,1,0
BRDA:244,41,0,0
BRDA:244,41,1,0
BRDA:247,42,0,0
BRDA:247,43,0,0
BRDA:247,43,1,0
BRDA:247,44,0,0
BRDA:247,44,1,0
BRDA:259,45,0,0
BRDA:259,46,0,0
BRDA:259,46,1,0
BRDA:259,47,0,0
BRDA:259,47,1,0
BRDA:265,48,0,0
BRDA:268,49,0,0
BRDA:278,50,0,0
BRDA:278,50,1,0
BRDA:278,51,0,0
BRDA:278,51,1,0
BRDA:286,52,0,0
BRDA:286,53,0,0
BRDA:286,53,1,0
BRDA:286,54,0,0
BRDA:286,54,1,0
BRDA:286,55,0,0
BRDA:286,55,1,0
BRDA:286,56,0,0
BRDA:286,56,1,0
BRDA:292,57,0,0
BRDA:292,58,0,0
BRDA:292,58,1,0
BRDA:292,59,0,0
BRDA:292,59,1,0
BRDA:292,60,0,0
BRDA:292,60,1,0
BRDA:292,61,0,0
BRDA:292,61,1,0
BRDA:298,62,0,0
BRDA:298,63,0,0
BRDA:298,63,1,0
BRDA:298,64,0,0
BRDA:298,64,1,0
BRDA:298,65,0,0
BRDA:298,65,1,0
BRDA:298,66,0,0
BRDA:298,66,1,0
BRDA:302,67,0,0
BRDA:315,68,0,0
BRDA:315,69,0,0
BRDA:315,69,1,0
BRDA:315,70,0,0
BRDA:315,70,1,0
BRF:112
BRH:0
end_of_record
TN:
SF:src/services/assessment/modules/BaseAssessor.ts
FN:13,(anonymous_7)
FN:25,(anonymous_8)
FN:42,(anonymous_9)
FN:51,(anonymous_10)
FN:58,(anonymous_11)
FN:65,(anonymous_12)
FN:72,(anonymous_13)
FN:79,(anonymous_14)
FN:80,(anonymous_16)
FN:86,(anonymous_17)
FN:87,(anonymous_18)
FN:90,(anonymous_19)
FN:91,(anonymous_20)
FN:100,(anonymous_21)
FN:112,(anonymous_22)
FN:118,(anonymous_23)
FNF:16
FNH:0
FNDA:0,(anonymous_7)
FNDA:0,(anonymous_8)
FNDA:0,(anonymous_9)
FNDA:0,(anonymous_10)
FNDA:0,(anonymous_11)
FNDA:0,(anonymous_12)
FNDA:0,(anonymous_13)
FNDA:0,(anonymous_14)
FNDA:0,(anonymous_16)
FNDA:0,(anonymous_17)
FNDA:0,(anonymous_18)
FNDA:0,(anonymous_19)
FNDA:0,(anonymous_20)
FNDA:0,(anonymous_21)
FNDA:0,(anonymous_22)
FNDA:0,(anonymous_23)
DA:9,0
DA:11,0
DA:14,0
DA:30,0
DA:32,0
DA:34,0
DA:35,0
DA:36,0
DA:43,0
DA:44,0
DA:52,0
DA:59,0
DA:66,0
DA:73,0
DA:80,0
DA:87,0
DA:90,0
DA:91,0
DA:94,0
DA:101,0
DA:102,0
DA:104,0
DA:105,0
DA:113,0
DA:114,0
DA:115,0
DA:116,0
DA:117,0
DA:118,0
DA:120,0
DA:122,0
LF:31
LH:0
BRDA:28,0,0,0
BRDA:30,1,0,0
BRDA:34,2,0,0
BRDA:35,3,0,0
BRDA:43,4,0,0
BRDA:73,5,0,0
BRDA:73,5,1,0
BRDA:73,6,0,0
BRDA:73,6,1,0
BRDA:73,7,0,0
BRDA:73,7,1,0
BRDA:73,8,0,0
BRDA:73,8,1,0
BRDA:88,9,0,0
BRDA:113,10,0,0
BRDA:114,11,0,0
BRDA:114,12,0,0
BRDA:114,12,1,0
BRDA:114,13,0,0
BRDA:114,13,1,0
BRDA:115,14,0,0
BRDA:115,15,0,0
BRDA:115,15,1,0
BRDA:115,16,0,0
BRDA:115,16,1,0
BRDA:116,17,0,0
BRDA:116,18,0,0
BRDA:116,18,1,0
BRDA:116,19,0,0
BRDA:116,19,1,0
BRDA:117,20,0,0
BRDA:118,21,0,0
BRDA:118,21,1,0
BRDA:118,21,2,0
BRF:34
BRH:0
end_of_record
TN:
SF:src/services/assessment/modules/DocumentationAssessor.ts
FN:16,(anonymous_7)
FN:34,(anonymous_9)
FN:46,(anonymous_10)
FN:49,(anonymous_11)
FN:67,(anonymous_12)
FN:86,(anonymous_13)
FN:108,(anonymous_14)
FN:119,(anonymous_15)
FN:122,(anonymous_16)
FN:132,(anonymous_17)
FN:135,(anonymous_18)
FN:147,(anonymous_19)
FN:150,(anonymous_20)
FN:160,(anonymous_21)
FN:177,(anonymous_22)
FN:202,(anonymous_23)
FN:227,(anonymous_24)
FNF:17
FNH:0
FNDA:0,(anonymous_7)
FNDA:0,(anonymous_9)
FNDA:0,(anonymous_10)
FNDA:0,(anonymous_11)
FNDA:0,(anonymous_12)
FNDA:0,(anonymous_13)
FNDA:0,(anonymous_14)
FNDA:0,(anonymous_15)
FNDA:0,(anonymous_16)
FNDA:0,(anonymous_17)
FNDA:0,(anonymous_18)
FNDA:0,(anonymous_19)
FNDA:0,(anonymous_20)
FNDA:0,(anonymous_21)
FNDA:0,(anonymous_22)
FNDA:0,(anonymous_23)
FNDA:0,(anonymous_24)
DA:12,0
DA:15,0
DA:17,0
DA:19,0
DA:20,0
DA:22,0
DA:23,0
DA:24,0
DA:26,0
DA:35,0
DA:36,0
DA:37,0
DA:38,0
DA:39,0
DA:42,0
DA:43,0
DA:45,0
DA:46,0
DA:47,0
DA:49,0
DA:50,0
DA:53,0
DA:68,0
DA:69,0
DA:71,0
DA:73,0
DA:75,0
DA:76,0
DA:77,0
DA:80,0
DA:81,0
DA:82,0
DA:85,0
DA:86,0
DA:87,0
DA:90,0
DA:91,0
DA:92,0
DA:93,0
DA:97,0
DA:105,0
DA:109,0
DA:118,0
DA:119,0
DA:123,0
DA:131,0
DA:132,0
DA:136,0
DA:146,0
DA:147,0
DA:151,0
DA:156,0
DA:157,0
DA:161,0
DA:162,0
DA:164,0
DA:165,0
DA:166,0
DA:167,0
DA:168,0
DA:170,0
DA:172,0
DA:173,0
DA:174,0
DA:178,0
DA:180,0
DA:181,0
DA:183,0
DA:185,0
DA:186,0
DA:187,0
DA:188,0
DA:190,0
DA:191,0
DA:194,0
DA:195,0
DA:199,0
DA:203,0
DA:205,0
DA:206,0
DA:209,0
DA:210,0
DA:213,0
DA:214,0
DA:217,0
DA:218,0
DA:221,0
DA:222,0
DA:227,0
DA:228,0
DA:231,0
LF:91
LH:0
BRDA:19,0,0,0
BRDA:19,0,1,0
BRDA:45,1,0,0
BRDA:46,2,0,0
BRDA:46,3,0,0
BRDA:46,3,1,0
BRDA:46,4,0,0
BRDA:46,4,1,0
BRDA:49,5,0,0
BRDA:49,6,0,0
BRDA:49,6,1,0
BRDA:49,7,0,0
BRDA:49,7,1,0
BRDA:62,8,0,0
BRDA:62,8,1,0
BRDA:63,9,0,0
BRDA:63,9,1,0
BRDA:76,10,0,0
BRDA:76,10,1,0
BRDA:90,11,0,0
BRDA:92,12,0,0
BRDA:92,13,0,0
BRDA:92,13,1,0
BRDA:157,14,0,0
BRDA:157,14,1,0
BRDA:164,15,0,0
BRDA:165,16,0,0
BRDA:166,17,0,0
BRDA:167,18,0,0
BRDA:168,19,0,0
BRDA:172,20,0,0
BRDA:173,21,0,0
BRDA:180,22,0,0
BRDA:180,22,1,0
BRDA:186,23,0,0
BRDA:187,24,0,0
BRDA:188,25,0,0
BRDA:190,26,0,0
BRDA:194,27,0,0
BRDA:205,28,0,0
BRDA:209,29,0,0
BRDA:213,30,0,0
BRDA:217,31,0,0
BRDA:221,32,0,0
BRF:44
BRH:0
end_of_record
TN:
SF:src/services/assessment/modules/DynamicSecurityAssessor.ts
FN:53,(anonymous_7)
FN:114,(anonymous_9)
FN:180,(anonymous_11)
FN:241,(anonymous_13)
FN:293,(anonymous_15)
FN:348,(anonymous_17)
FN:410,(anonymous_18)
FN:417,(anonymous_19)
FN:436,(anonymous_20)
FN:441,(anonymous_21)
FN:449,(anonymous_22)
FN:460,(anonymous_23)
FN:468,(anonymous_25)
FN:469,(anonymous_26)
FN:471,(anonymous_27)
FN:478,(anonymous_28)
FN:513,(anonymous_29)
FN:553,(anonymous_30)
FN:581,(anonymous_31)
FN:615,(anonymous_32)
FNF:20
FNH:0
FNDA:0,(anonymous_7)
FNDA:0,(anonymous_9)
FNDA:0,(anonymous_11)
FNDA:0,(anonymous_13)
FNDA:0,(anonymous_15)
FNDA:0,(anonymous_17)
FNDA:0,(anonymous_18)
FNDA:0,(anonymous_19)
FNDA:0,(anonymous_20)
FNDA:0,(anonymous_21)
FNDA:0,(anonymous_22)
FNDA:0,(anonymous_23)
FNDA:0,(anonymous_25)
FNDA:0,(anonymous_26)
FNDA:0,(anonymous_27)
FNDA:0,(anonymous_28)
FNDA:0,(anonymous_29)
FNDA:0,(anonymous_30)
FNDA:0,(anonymous_31)
FNDA:0,(anonymous_32)
DA:6,0
DA:52,0
DA:54,0
DA:56,0
DA:57,0
DA:58,0
DA:59,0
DA:60,0
DA:67,0
DA:75,0
DA:77,0
DA:84,0
DA:91,0
DA:99,0
DA:123,0
DA:125,0
DA:126,0
DA:127,0
DA:134,0
DA:135,0
DA:137,0
DA:138,0
DA:141,0
DA:142,0
DA:145,0
DA:146,0
DA:150,0
DA:151,0
DA:154,0
DA:155,0
DA:158,0
DA:159,0
DA:160,0
DA:163,0
DA:164,0
DA:165,0
DA:168,0
DA:169,0
DA:170,0
DA:177,0
DA:186,0
DA:188,0
DA:189,0
DA:190,0
DA:191,0
DA:193,0
DA:195,0
DA:197,0
DA:199,0
DA:200,0
DA:202,0
DA:203,0
DA:211,0
DA:212,0
DA:213,0
DA:214,0
DA:215,0
DA:216,0
DA:220,0
DA:221,0
DA:222,0
DA:223,0
DA:224,0
DA:225,0
DA:226,0
DA:232,0
DA:233,0
DA:238,0
DA:246,0
DA:248,0
DA:249,0
DA:250,0
DA:253,0
DA:262,0
DA:263,0
DA:265,0
DA:266,0
DA:267,0
DA:268,0
DA:275,0
DA:276,0
DA:278,0
DA:280,0
DA:281,0
DA:290,0
DA:298,0
DA:300,0
DA:301,0
DA:302,0
DA:304,0
DA:305,0
DA:307,0
DA:309,0
DA:310,0
DA:313,0
DA:314,0
DA:323,0
DA:324,0
DA:325,0
DA:328,0
DA:329,0
DA:330,0
DA:332,0
DA:333,0
DA:334,0
DA:335,0
DA:337,0
DA:345,0
DA:349,0
DA:410,0
DA:419,0
DA:421,0
DA:422,0
DA:424,0
DA:425,0
DA:428,0
DA:433,0
DA:437,0
DA:438,0
DA:442,0
DA:450,0
DA:451,0
DA:452,0
DA:453,0
DA:454,0
DA:455,0
DA:456,0
DA:466,0
DA:469,0
DA:472,0
DA:473,0
DA:474,0
DA:484,0
DA:487,0
DA:490,0
DA:493,0
DA:495,0
DA:498,0
DA:499,0
DA:502,0
DA:503,0
DA:504,0
DA:505,0
DA:506,0
DA:510,0
DA:520,0
DA:523,0
DA:526,0
DA:529,0
DA:530,0
DA:531,0
DA:535,0
DA:536,0
DA:539,0
DA:540,0
DA:541,0
DA:542,0
DA:543,0
DA:548,0
DA:550,0
DA:559,0
DA:561,0
DA:562,0
DA:565,0
DA:566,0
DA:569,0
DA:570,0
DA:573,0
DA:575,0
DA:578,0
DA:587,0
DA:589,0
DA:590,0
DA:591,0
DA:594,0
DA:595,0
DA:596,0
DA:599,0
DA:600,0
DA:601,0
DA:604,0
DA:605,0
DA:606,0
DA:609,0
DA:610,0
DA:612,0
DA:622,0
DA:624,0
DA:626,0
DA:627,0
DA:630,0
DA:631,0
DA:632,0
DA:635,0
DA:636,0
DA:639,0
DA:640,0
DA:643,0
LF:198
LH:0
BRDA:137,0,0,0
BRDA:137,1,0,0
BRDA:137,1,1,0
BRDA:137,2,0,0
BRDA:137,2,1,0
BRDA:137,3,0,0
BRDA:137,3,1,0
BRDA:137,4,0,0
BRDA:137,4,1,0
BRDA:137,5,0,0
BRDA:137,5,1,0
BRDA:141,6,0,0
BRDA:141,7,0,0
BRDA:141,7,1,0
BRDA:141,8,0,0
BRDA:141,8,1,0
BRDA:141,9,0,0
BRDA:141,9,1,0
BRDA:141,10,0,0
BRDA:141,10,1,0
BRDA:141,11,0,0
BRDA:141,11,1,0
BRDA:145,12,0,0
BRDA:145,13,0,0
BRDA:145,13,1,0
BRDA:145,14,0,0
BRDA:145,14,1,0
BRDA:145,15,0,0
BRDA:145,15,1,0
BRDA:145,16,0,0
BRDA:145,16,1,0
BRDA:145,17,0,0
BRDA:145,17,1,0
BRDA:154,18,0,0
BRDA:154,19,0,0
BRDA:154,19,1,0
BRDA:154,20,0,0
BRDA:154,20,1,0
BRDA:163,21,0,0
BRDA:168,22,0,0
BRDA:197,23,0,0
BRDA:197,24,0,0
BRDA:197,24,1,0
BRDA:197,25,0,0
BRDA:197,25,1,0
BRDA:211,26,0,0
BRDA:211,26,1,0
BRDA:214,27,0,0
BRDA:220,28,0,0
BRDA:221,29,0,0
BRDA:221,29,1,0
BRDA:224,30,0,0
BRDA:232,31,0,0
BRDA:263,32,0,0
BRDA:263,33,0,0
BRDA:263,33,1,0
BRDA:263,34,0,0
BRDA:263,34,1,0
BRDA:275,35,0,0
BRDA:275,36,0,0
BRDA:275,36,1,0
BRDA:278,37,0,0
BRDA:278,38,0,0
BRDA:278,38,1,0
BRDA:305,39,0,0
BRDA:305,40,0,0
BRDA:305,40,1,0
BRDA:305,41,0,0
BRDA:305,41,1,0
BRDA:309,42,0,0
BRDA:309,42,1,0
BRDA:309,43,0,0
BRDA:309,43,1,0
BRDA:323,44,0,0
BRDA:323,44,1,0
BRDA:323,45,0,0
BRDA:323,45,1,0
BRDA:328,46,0,0
BRDA:332,47,0,0
BRDA:332,47,1,0
BRDA:334,48,0,0
BRDA:334,48,1,0
BRDA:421,49,0,0
BRDA:421,50,0,0
BRDA:421,50,1,0
BRDA:421,51,0,0
BRDA:421,51,1,0
BRDA:424,52,0,0
BRDA:424,52,1,0
BRDA:437,53,0,0
BRDA:450,54,0,0
BRDA:450,54,1,0
BRDA:450,54,2,0
BRDA:450,54,3,0
BRDA:450,54,4,0
BRDA:450,54,5,0
BRDA:472,55,0,0
BRDA:473,56,0,0
BRDA:498,57,0,0
BRDA:499,58,0,0
BRDA:502,59,0,0
BRDA:503,60,0,0
BRDA:503,60,1,0
BRDA:503,60,2,0
BRDA:529,61,0,0
BRDA:535,62,0,0
BRDA:536,63,0,0
BRDA:539,64,0,0
BRDA:540,65,0,0
BRDA:540,65,1,0
BRDA:540,65,2,0
BRDA:561,66,0,0
BRDA:565,67,0,0
BRDA:569,68,0,0
BRDA:573,69,0,0
BRDA:573,70,0,0
BRDA:573,70,1,0
BRDA:589,71,0,0
BRDA:589,72,0,0
BRDA:589,72,1,0
BRDA:594,73,0,0
BRDA:594,74,0,0
BRDA:594,74,1,0
BRDA:599,75,0,0
BRDA:604,76,0,0
BRDA:626,77,0,0
BRDA:630,78,0,0
BRDA:635,79,0,0
BRDA:636,80,0,0
BRDA:636,80,1,0
BRDA:639,81,0,0
BRF:131
BRH:0
end_of_record
TN:
SF:src/services/assessment/modules/ErrorHandlingAssessor.ts
FN:16,(anonymous_7)
FN:28,(anonymous_9)
FN:46,(anonymous_10)
FN:52,(anonymous_11)
FN:73,(anonymous_13)
FN:118,(anonymous_15)
FN:164,(anonymous_17)
FN:210,(anonymous_19)
FN:256,(anonymous_21)
FN:263,(anonymous_22)
FN:293,(anonymous_23)
FN:323,(anonymous_24)
FN:344,(anonymous_25)
FN:352,(anonymous_26)
FN:362,(anonymous_27)
FN:375,(anonymous_28)
FN:379,(anonymous_29)
FN:383,(anonymous_30)
FN:385,(anonymous_31)
FN:397,(anonymous_32)
FN:403,(anonymous_33)
FN:424,(anonymous_34)
FN:426,(anonymous_35)
FN:433,(anonymous_36)
FN:451,(anonymous_37)
FN:451,(anonymous_38)
FNF:26
FNH:0
FNDA:0,(anonymous_7)
FNDA:0,(anonymous_9)
FNDA:0,(anonymous_10)
FNDA:0,(anonymous_11)
FNDA:0,(anonymous_13)
FNDA:0,(anonymous_15)
FNDA:0,(anonymous_17)
FNDA:0,(anonymous_19)
FNDA:0,(anonymous_21)
FNDA:0,(anonymous_22)
FNDA:0,(anonymous_23)
FNDA:0,(anonymous_24)
FNDA:0,(anonymous_25)
FNDA:0,(anonymous_26)
FNDA:0,(anonymous_27)
FNDA:0,(anonymous_28)
FNDA:0,(anonymous_29)
FNDA:0,(anonymous_30)
FNDA:0,(anonymous_31)
FNDA:0,(anonymous_32)
FNDA:0,(anonymous_33)
FNDA:0,(anonymous_34)
FNDA:0,(anonymous_35)
FNDA:0,(anonymous_36)
FNDA:0,(anonymous_37)
FNDA:0,(anonymous_38)
DA:12,0
DA:15,0
DA:17,0
DA:19,0
DA:20,0
DA:23,0
DA:25,0
DA:26,0
DA:27,0
DA:28,0
DA:31,0
DA:33,0
DA:34,0
DA:35,0
DA:36,0
DA:38,0
DA:48,0
DA:49,0
DA:56,0
DA:59,0
DA:62,0
DA:65,0
DA:68,0
DA:70,0
DA:77,0
DA:79,0
DA:80,0
DA:85,0
DA:86,0
DA:88,0
DA:103,0
DA:122,0
DA:123,0
DA:125,0
DA:126,0
DA:131,0
DA:132,0
DA:134,0
DA:149,0
DA:168,0
DA:169,0
DA:171,0
DA:172,0
DA:177,0
DA:178,0
DA:180,0
DA:195,0
DA:214,0
DA:215,0
DA:217,0
DA:218,0
DA:223,0
DA:224,0
DA:226,0
DA:241,0
DA:257,0
DA:258,0
DA:264,0
DA:266,0
DA:268,0
DA:270,0
DA:272,0
DA:273,0
DA:276,0
DA:277,0
DA:279,0
DA:280,0
DA:282,0
DA:283,0
DA:285,0
DA:286,0
DA:290,0
DA:294,0
DA:296,0
DA:298,0
DA:299,0
DA:300,0
DA:301,0
DA:302,0
DA:303,0
DA:304,0
DA:305,0
DA:307,0
DA:309,0
DA:310,0
DA:311,0
DA:312,0
DA:313,0
DA:315,0
DA:320,0
DA:324,0
DA:325,0
DA:327,0
DA:329,0
DA:330,0
DA:331,0
DA:332,0
DA:337,0
DA:338,0
DA:341,0
DA:345,0
DA:346,0
DA:353,0
DA:355,0
DA:363,0
DA:364,0
DA:365,0
DA:369,0
DA:370,0
DA:371,0
DA:372,0
DA:375,0
DA:376,0
DA:379,0
DA:380,0
DA:383,0
DA:384,0
DA:385,0
DA:387,0
DA:398,0
DA:399,0
DA:400,0
DA:407,0
DA:409,0
DA:413,0
DA:415,0
DA:416,0
DA:417,0
DA:418,0
DA:420,0
DA:421,0
DA:424,0
DA:425,0
DA:426,0
DA:427,0
DA:430,0
DA:437,0
DA:439,0
DA:440,0
DA:443,0
DA:444,0
DA:447,0
DA:448,0
DA:451,0
DA:453,0
DA:454,0
DA:457,0
DA:458,0
DA:461,0
DA:462,0
DA:465,0
LF:151
LH:0
BRDA:99,0,0,0
BRDA:99,0,1,0
BRDA:99,1,0,0
BRDA:99,1,1,0
BRDA:99,2,0,0
BRDA:99,2,1,0
BRDA:99,3,0,0
BRDA:99,3,1,0
BRDA:99,4,0,0
BRDA:99,4,1,0
BRDA:100,5,0,0
BRDA:100,5,1,0
BRDA:145,6,0,0
BRDA:145,6,1,0
BRDA:145,6,2,0
BRDA:145,7,0,0
BRDA:145,7,1,0
BRDA:145,8,0,0
BRDA:145,8,1,0
BRDA:145,9,0,0
BRDA:145,9,1,0
BRDA:145,10,0,0
BRDA:145,10,1,0
BRDA:145,11,0,0
BRDA:145,11,1,0
BRDA:145,12,0,0
BRDA:145,12,1,0
BRDA:145,13,0,0
BRDA:145,13,1,0
BRDA:145,14,0,0
BRDA:145,14,1,0
BRDA:146,15,0,0
BRDA:146,15,1,0
BRDA:192,16,0,0
BRDA:192,16,1,0
BRDA:235,17,0,0
BRDA:235,17,1,0
BRDA:237,18,0,0
BRDA:237,18,1,0
BRDA:238,19,0,0
BRDA:238,19,1,0
BRDA:238,20,0,0
BRDA:238,20,1,0
BRDA:257,21,0,0
BRDA:258,22,0,0
BRDA:258,22,1,0
BRDA:266,23,0,0
BRDA:266,24,0,0
BRDA:266,24,1,0
BRDA:266,25,0,0
BRDA:266,25,1,0
BRDA:270,26,0,0
BRDA:270,26,1,0
BRDA:270,26,2,0
BRDA:270,26,3,0
BRDA:270,26,4,0
BRDA:270,26,5,0
BRDA:296,27,0,0
BRDA:296,28,0,0
BRDA:296,28,1,0
BRDA:296,29,0,0
BRDA:296,29,1,0
BRDA:299,30,0,0
BRDA:299,30,1,0
BRDA:300,31,0,0
BRDA:300,31,1,0
BRDA:302,32,0,0
BRDA:302,32,1,0
BRDA:304,33,0,0
BRDA:304,33,1,0
BRDA:309,34,0,0
BRDA:309,35,0,0
BRDA:309,35,1,0
BRDA:310,36,0,0
BRDA:310,36,1,0
BRDA:312,37,0,0
BRDA:312,37,1,0
BRDA:327,38,0,0
BRDA:327,39,0,0
BRDA:327,39,1,0
BRDA:327,40,0,0
BRDA:327,40,1,0
BRDA:330,41,0,0
BRDA:337,42,0,0
BRDA:345,43,0,0
BRDA:346,44,0,0
BRDA:346,44,1,0
BRDA:346,44,2,0
BRDA:346,44,3,0
BRDA:346,44,4,0
BRDA:353,45,0,0
BRDA:356,46,0,0
BRDA:356,46,1,0
BRDA:356,46,2,0
BRDA:356,47,0,0
BRDA:356,47,1,0
BRDA:356,48,0,0
BRDA:356,48,1,0
BRDA:357,49,0,0
BRDA:357,49,1,0
BRDA:357,49,2,0
BRDA:357,49,3,0
BRDA:357,50,0,0
BRDA:357,50,1,0
BRDA:357,51,0,0
BRDA:357,51,1,0
BRDA:358,52,0,0
BRDA:358,52,1,0
BRDA:364,53,0,0
BRDA:364,53,1,0
BRDA:365,54,0,0
BRDA:365,54,1,0
BRDA:369,55,0,0
BRDA:369,55,1,0
BRDA:370,56,0,0
BRDA:370,56,1,0
BRDA:371,57,0,0
BRDA:371,57,1,0
BRDA:380,58,0,0
BRDA:380,58,1,0
BRDA:398,59,0,0
BRDA:399,60,0,0
BRDA:416,61,0,0
BRDA:417,62,0,0
BRDA:418,63,0,0
BRDA:420,64,0,0
BRDA:425,65,0,0
BRDA:439,66,0,0
BRDA:443,67,0,0
BRDA:447,68,0,0
BRDA:453,69,0,0
BRDA:457,70,0,0
BRDA:461,71,0,0
BRF:133
BRH:0
end_of_record
TN:
SF:src/services/assessment/modules/FunctionalityAssessor.ts
FN:15,(anonymous_7)
FN:50,(anonymous_9)
FN:73,(anonymous_10)
FN:125,(anonymous_12)
FN:150,(anonymous_13)
FN:180,(anonymous_14)
FNF:6
FNH:0
FNDA:0,(anonymous_7)
FNDA:0,(anonymous_9)
FNDA:0,(anonymous_10)
FNDA:0,(anonymous_12)
FNDA:0,(anonymous_13)
FNDA:0,(anonymous_14)
DA:11,0
DA:14,0
DA:16,0
DA:18,0
DA:19,0
DA:20,0
DA:22,0
DA:23,0
DA:25,0
DA:27,0
DA:32,0
DA:35,0
DA:36,0
DA:38,0
DA:39,0
DA:40,0
DA:41,0
DA:43,0
DA:44,0
DA:49,0
DA:50,0
DA:51,0
DA:53,0
DA:54,0
DA:61,0
DA:77,0
DA:79,0
DA:81,0
DA:83,0
DA:86,0
DA:91,0
DA:94,0
DA:95,0
DA:106,0
DA:115,0
DA:126,0
DA:128,0
DA:132,0
DA:134,0
DA:135,0
DA:138,0
DA:139,0
DA:141,0
DA:144,0
DA:147,0
DA:151,0
DA:153,0
DA:155,0
DA:156,0
DA:157,0
DA:158,0
DA:162,0
DA:163,0
DA:164,0
DA:167,0
DA:170,0
DA:173,0
DA:176,0
DA:186,0
DA:188,0
DA:189,0
DA:192,0
DA:194,0
DA:195,0
DA:196,0
DA:199,0
DA:200,0
DA:201,0
DA:203,0
DA:207,0
LF:70
LH:0
BRDA:25,0,0,0
BRDA:38,1,0,0
BRDA:38,1,1,0
BRDA:40,2,0,0
BRDA:43,3,0,0
BRDA:51,4,0,0
BRDA:51,4,1,0
BRDA:94,5,0,0
BRDA:94,6,0,0
BRDA:94,6,1,0
BRDA:94,7,0,0
BRDA:94,7,1,0
BRDA:126,8,0,0
BRDA:128,9,0,0
BRDA:128,9,1,0
BRDA:132,10,0,0
BRDA:132,11,0,0
BRDA:132,11,1,0
BRDA:132,12,0,0
BRDA:132,12,1,0
BRDA:135,13,0,0
BRDA:135,13,1,0
BRDA:139,14,0,0
BRDA:139,15,0,0
BRDA:139,15,1,0
BRDA:153,16,0,0
BRDA:153,16,1,0
BRDA:153,16,2,0
BRDA:153,16,3,0
BRDA:153,16,4,0
BRDA:153,16,5,0
BRDA:153,16,6,0
BRDA:155,17,0,0
BRDA:156,18,0,0
BRDA:157,19,0,0
BRDA:162,20,0,0
BRDA:163,21,0,0
BRDA:188,22,0,0
BRDA:194,23,0,0
BRDA:199,24,0,0
BRDA:200,25,0,0
BRDA:200,25,1,0
BRF:42
BRH:0
end_of_record
TN:
SF:src/services/assessment/modules/HumanInLoopAssessor.ts
FN:54,(anonymous_7)
FN:112,(anonymous_9)
FN:186,(anonymous_11)
FN:253,(anonymous_13)
FN:320,(anonymous_15)
FN:392,(anonymous_17)
FN:461,(anonymous_19)
FN:502,(anonymous_20)
FN:534,(anonymous_21)
FN:581,(anonymous_22)
FNF:10
FNH:0
FNDA:0,(anonymous_7)
FNDA:0,(anonymous_9)
FNDA:0,(anonymous_11)
FNDA:0,(anonymous_13)
FNDA:0,(anonymous_15)
FNDA:0,(anonymous_17)
FNDA:0,(anonymous_19)
FNDA:0,(anonymous_20)
FNDA:0,(anonymous_21)
FNDA:0,(anonymous_22)
DA:6,0
DA:53,0
DA:55,0
DA:57,0
DA:58,0
DA:59,0
DA:60,0
DA:61,0
DA:63,0
DA:71,0
DA:73,0
DA:81,0
DA:89,0
DA:97,0
DA:118,0
DA:120,0
DA:128,0
DA:129,0
DA:130,0
DA:133,0
DA:136,0
DA:137,0
DA:141,0
DA:143,0
DA:144,0
DA:148,0
DA:151,0
DA:152,0
DA:156,0
DA:157,0
DA:160,0
DA:161,0
DA:164,0
DA:165,0
DA:170,0
DA:171,0
DA:173,0
DA:174,0
DA:175,0
DA:177,0
DA:178,0
DA:183,0
DA:193,0
DA:195,0
DA:204,0
DA:205,0
DA:206,0
DA:209,0
DA:212,0
DA:213,0
DA:217,0
DA:220,0
DA:221,0
DA:225,0
DA:228,0
DA:229,0
DA:233,0
DA:236,0
DA:237,0
DA:241,0
DA:242,0
DA:245,0
DA:246,0
DA:250,0
DA:260,0
DA:262,0
DA:271,0
DA:272,0
DA:273,0
DA:276,0
DA:279,0
DA:280,0
DA:284,0
DA:287,0
DA:288,0
DA:292,0
DA:295,0
DA:296,0
DA:300,0
DA:303,0
DA:304,0
DA:308,0
DA:309,0
DA:312,0
DA:313,0
DA:317,0
DA:327,0
DA:329,0
DA:338,0
DA:339,0
DA:340,0
DA:343,0
DA:346,0
DA:347,0
DA:351,0
DA:353,0
DA:354,0
DA:358,0
DA:360,0
DA:361,0
DA:365,0
DA:366,0
DA:367,0
DA:371,0
DA:372,0
DA:375,0
DA:376,0
DA:379,0
DA:380,0
DA:385,0
DA:386,0
DA:389,0
DA:399,0
DA:401,0
DA:410,0
DA:411,0
DA:412,0
DA:415,0
DA:418,0
DA:419,0
DA:423,0
DA:425,0
DA:426,0
DA:430,0
DA:433,0
DA:434,0
DA:438,0
DA:440,0
DA:441,0
DA:445,0
DA:446,0
DA:449,0
DA:450,0
DA:453,0
DA:454,0
DA:458,0
DA:468,0
DA:471,0
DA:472,0
DA:473,0
DA:476,0
DA:477,0
DA:478,0
DA:479,0
DA:482,0
DA:483,0
DA:484,0
DA:485,0
DA:488,0
DA:489,0
DA:490,0
DA:491,0
DA:494,0
DA:495,0
DA:496,0
DA:497,0
DA:499,0
DA:509,0
DA:511,0
DA:512,0
DA:515,0
DA:516,0
DA:519,0
DA:520,0
DA:523,0
DA:524,0
DA:527,0
DA:528,0
DA:531,0
DA:541,0
DA:543,0
DA:544,0
DA:547,0
DA:548,0
DA:551,0
DA:552,0
DA:555,0
DA:556,0
DA:559,0
DA:560,0
DA:563,0
DA:564,0
DA:567,0
DA:568,0
DA:571,0
DA:572,0
DA:575,0
DA:576,0
DA:578,0
DA:588,0
DA:590,0
DA:596,0
DA:598,0
DA:605,0
DA:607,0
DA:614,0
DA:616,0
DA:617,0
DA:619,0
DA:622,0
LF:200
LH:0
BRDA:130,0,0,0
BRDA:130,0,1,0
BRDA:130,1,0,0
BRDA:130,1,1,0
BRDA:130,2,0,0
BRDA:130,2,1,0
BRDA:133,3,0,0
BRDA:133,4,0,0
BRDA:133,4,1,0
BRDA:133,4,2,0
BRDA:133,4,3,0
BRDA:133,4,4,0
BRDA:133,4,5,0
BRDA:141,5,0,0
BRDA:141,6,0,0
BRDA:141,6,1,0
BRDA:141,6,2,0
BRDA:141,6,3,0
BRDA:148,7,0,0
BRDA:148,8,0,0
BRDA:148,8,1,0
BRDA:148,8,2,0
BRDA:148,8,3,0
BRDA:148,8,4,0
BRDA:148,8,5,0
BRDA:156,9,0,0
BRDA:160,10,0,0
BRDA:160,11,0,0
BRDA:160,11,1,0
BRDA:164,12,0,0
BRDA:164,13,0,0
BRDA:164,13,1,0
BRDA:170,14,0,0
BRDA:170,15,0,0
BRDA:170,15,1,0
BRDA:170,16,0,0
BRDA:170,16,1,0
BRDA:173,17,0,0
BRDA:173,18,0,0
BRDA:173,18,1,0
BRDA:174,19,0,0
BRDA:174,20,0,0
BRDA:174,20,1,0
BRDA:177,21,0,0
BRDA:177,22,0,0
BRDA:177,22,1,0
BRDA:206,23,0,0
BRDA:206,23,1,0
BRDA:206,24,0,0
BRDA:206,24,1,0
BRDA:206,25,0,0
BRDA:206,25,1,0
BRDA:209,26,0,0
BRDA:209,27,0,0
BRDA:209,27,1,0
BRDA:209,27,2,0
BRDA:209,27,3,0
BRDA:209,27,4,0
BRDA:209,27,5,0
BRDA:217,28,0,0
BRDA:217,29,0,0
BRDA:217,29,1,0
BRDA:217,29,2,0
BRDA:217,29,3,0
BRDA:217,29,4,0
BRDA:217,29,5,0
BRDA:225,30,0,0
BRDA:225,31,0,0
BRDA:225,31,1,0
BRDA:225,31,2,0
BRDA:225,31,3,0
BRDA:225,31,4,0
BRDA:225,31,5,0
BRDA:233,32,0,0
BRDA:233,33,0,0
BRDA:233,33,1,0
BRDA:233,33,2,0
BRDA:233,33,3,0
BRDA:233,33,4,0
BRDA:233,33,5,0
BRDA:241,34,0,0
BRDA:245,35,0,0
BRDA:245,36,0,0
BRDA:245,36,1,0
BRDA:273,37,0,0
BRDA:273,37,1,0
BRDA:273,38,0,0
BRDA:273,38,1,0
BRDA:273,39,0,0
BRDA:273,39,1,0
BRDA:276,40,0,0
BRDA:276,41,0,0
BRDA:276,41,1,0
BRDA:276,41,2,0
BRDA:276,41,3,0
BRDA:276,41,4,0
BRDA:284,42,0,0
BRDA:284,43,0,0
BRDA:284,43,1,0
BRDA:284,43,2,0
BRDA:284,43,3,0
BRDA:284,43,4,0
BRDA:284,43,5,0
BRDA:292,44,0,0
BRDA:292,45,0,0
BRDA:292,45,1,0
BRDA:292,45,2,0
BRDA:292,45,3,0
BRDA:292,45,4,0
BRDA:300,46,0,0
BRDA:300,47,0,0
BRDA:300,47,1,0
BRDA:300,47,2,0
BRDA:300,47,3,0
BRDA:300,47,4,0
BRDA:308,48,0,0
BRDA:308,49,0,0
BRDA:308,49,1,0
BRDA:312,50,0,0
BRDA:312,51,0,0
BRDA:312,51,1,0
BRDA:340,52,0,0
BRDA:340,52,1,0
BRDA:340,53,0,0
BRDA:340,53,1,0
BRDA:340,54,0,0
BRDA:340,54,1,0
BRDA:343,55,0,0
BRDA:343,56,0,0
BRDA:343,56,1,0
BRDA:343,56,2,0
BRDA:343,56,3,0
BRDA:343,56,4,0
BRDA:351,57,0,0
BRDA:351,58,0,0
BRDA:351,58,1,0
BRDA:351,58,2,0
BRDA:351,58,3,0
BRDA:358,59,0,0
BRDA:358,60,0,0
BRDA:358,60,1,0
BRDA:358,60,2,0
BRDA:358,60,3,0
BRDA:366,61,0,0
BRDA:366,62,0,0
BRDA:366,62,1,0
BRDA:366,62,2,0
BRDA:371,63,0,0
BRDA:375,64,0,0
BRDA:375,65,0,0
BRDA:375,65,1,0
BRDA:379,66,0,0
BRDA:379,67,0,0
BRDA:379,67,1,0
BRDA:379,67,2,0
BRDA:385,68,0,0
BRDA:385,69,0,0
BRDA:385,69,1,0
BRDA:412,70,0,0
BRDA:412,70,1,0
BRDA:412,71,0,0
BRDA:412,71,1,0
BRDA:412,72,0,0
BRDA:412,72,1,0
BRDA:415,73,0,0
BRDA:415,74,0,0
BRDA:415,74,1,0
BRDA:415,74,2,0
BRDA:415,74,3,0
BRDA:415,74,4,0
BRDA:423,75,0,0
BRDA:423,76,0,0
BRDA:423,76,1,0
BRDA:423,76,2,0
BRDA:423,76,3,0
BRDA:430,77,0,0
BRDA:430,78,0,0
BRDA:430,78,1,0
BRDA:430,78,2,0
BRDA:430,78,3,0
BRDA:430,78,4,0
BRDA:438,79,0,0
BRDA:438,80,0,0
BRDA:438,80,1,0
BRDA:438,80,2,0
BRDA:438,80,3,0
BRDA:445,81,0,0
BRDA:449,82,0,0
BRDA:449,83,0,0
BRDA:449,83,1,0
BRDA:453,84,0,0
BRDA:453,85,0,0
BRDA:453,85,1,0
BRDA:471,86,0,0
BRDA:472,87,0,0
BRDA:473,88,0,0
BRDA:476,89,0,0
BRDA:477,90,0,0
BRDA:478,91,0,0
BRDA:479,92,0,0
BRDA:482,93,0,0
BRDA:483,94,0,0
BRDA:484,95,0,0
BRDA:485,96,0,0
BRDA:488,97,0,0
BRDA:489,98,0,0
BRDA:490,99,0,0
BRDA:491,100,0,0
BRDA:494,101,0,0
BRDA:495,102,0,0
BRDA:496,103,0,0
BRDA:497,104,0,0
BRDA:511,105,0,0
BRDA:511,106,0,0
BRDA:511,106,1,0
BRDA:515,107,0,0
BRDA:515,108,0,0
BRDA:515,108,1,0
BRDA:519,109,0,0
BRDA:519,110,0,0
BRDA:519,110,1,0
BRDA:523,111,0,0
BRDA:527,112,0,0
BRDA:527,113,0,0
BRDA:527,113,1,0
BRDA:543,114,0,0
BRDA:547,115,0,0
BRDA:551,116,0,0
BRDA:555,117,0,0
BRDA:559,118,0,0
BRDA:563,119,0,0
BRDA:567,120,0,0
BRDA:571,121,0,0
BRDA:616,122,0,0
BRDA:616,122,1,0
BRDA:616,123,0,0
BRDA:616,123,1,0
BRF:237
BRH:0
end_of_record
TN:
SF:src/services/assessment/modules/MCPSpecComplianceAssessor.ts
FN:18,(anonymous_7)
FN:62,(anonymous_9)
FN:98,(anonymous_11)
FN:140,(anonymous_13)
FN:183,(anonymous_14)
FN:219,(anonymous_16)
FN:226,(anonymous_18)
FN:237,(anonymous_19)
FN:242,(anonymous_20)
FN:249,(anonymous_21)
FN:251,(anonymous_22)
FN:258,(anonymous_23)
FN:263,(anonymous_25)
FN:270,(anonymous_26)
FN:278,(anonymous_28)
FN:283,(anonymous_30)
FN:290,(anonymous_32)
FN:298,(anonymous_34)
FN:307,(anonymous_36)
FN:309,(anonymous_37)
FN:316,(anonymous_38)
FN:321,(anonymous_40)
FN:324,(anonymous_42)
FN:330,(anonymous_43)
FN:343,(anonymous_45)
FN:387,(anonymous_46)
FN:434,(anonymous_47)
FNF:27
FNH:0
FNDA:0,(anonymous_7)
FNDA:0,(anonymous_9)
FNDA:0,(anonymous_11)
FNDA:0,(anonymous_13)
FNDA:0,(anonymous_14)
FNDA:0,(anonymous_16)
FNDA:0,(anonymous_18)
FNDA:0,(anonymous_19)
FNDA:0,(anonymous_20)
FNDA:0,(anonymous_21)
FNDA:0,(anonymous_22)
FNDA:0,(anonymous_23)
FNDA:0,(anonymous_25)
FNDA:0,(anonymous_26)
FNDA:0,(anonymous_28)
FNDA:0,(anonymous_30)
FNDA:0,(anonymous_32)
FNDA:0,(anonymous_34)
FNDA:0,(anonymous_36)
FNDA:0,(anonymous_37)
FNDA:0,(anonymous_38)
FNDA:0,(anonymous_40)
FNDA:0,(anonymous_42)
FNDA:0,(anonymous_43)
FNDA:0,(anonymous_45)
FNDA:0,(anonymous_46)
FNDA:0,(anonymous_47)
DA:14,0
DA:17,0
DA:19,0
DA:21,0
DA:24,0
DA:25,0
DA:26,0
DA:27,0
DA:29,0
DA:36,0
DA:43,0
DA:50,0
DA:65,0
DA:68,0
DA:71,0
DA:74,0
DA:76,0
DA:77,0
DA:78,0
DA:79,0
DA:80,0
DA:81,0
DA:83,0
DA:84,0
DA:87,0
DA:90,0
DA:102,0
DA:104,0
DA:105,0
DA:108,0
DA:111,0
DA:112,0
DA:113,0
DA:114,0
DA:115,0
DA:117,0
DA:118,0
DA:120,0
DA:121,0
DA:123,0
DA:124,0
DA:126,0
DA:127,0
DA:130,0
DA:142,0
DA:143,0
DA:144,0
DA:145,0
DA:147,0
DA:149,0
DA:150,0
DA:152,0
DA:153,0
DA:155,0
DA:156,0
DA:160,0
DA:161,0
DA:166,0
DA:167,0
DA:168,0
DA:169,0
DA:175,0
DA:187,0
DA:189,0
DA:190,0
DA:198,0
DA:199,0
DA:200,0
DA:201,0
DA:202,0
DA:203,0
DA:207,0
DA:211,0
DA:224,0
DA:226,0
DA:227,0
DA:231,0
DA:233,0
DA:242,0
DA:243,0
DA:251,0
DA:252,0
DA:263,0
DA:264,0
DA:267,0
DA:275,0
DA:280,0
DA:287,0
DA:294,0
DA:301,0
DA:303,0
DA:307,0
DA:308,0
DA:309,0
DA:312,0
DA:318,0
DA:324,0
DA:325,0
DA:337,0
DA:349,0
DA:350,0
DA:353,0
DA:354,0
DA:355,0
DA:358,0
DA:359,0
DA:360,0
DA:361,0
DA:365,0
DA:366,0
DA:367,0
DA:368,0
DA:369,0
DA:370,0
DA:374,0
DA:375,0
DA:376,0
DA:377,0
DA:380,0
DA:382,0
DA:383,0
DA:384,0
DA:393,0
DA:396,0
DA:397,0
DA:398,0
DA:400,0
DA:401,0
DA:405,0
DA:406,0
DA:407,0
DA:409,0
DA:410,0
DA:415,0
DA:416,0
DA:417,0
DA:418,0
DA:419,0
DA:421,0
DA:422,0
DA:427,0
DA:428,0
DA:431,0
DA:440,0
DA:443,0
DA:444,0
DA:446,0
DA:447,0
DA:451,0
DA:452,0
DA:453,0
DA:455,0
DA:456,0
DA:458,0
DA:459,0
DA:461,0
DA:462,0
DA:467,0
DA:468,0
DA:469,0
DA:471,0
DA:472,0
DA:474,0
DA:475,0
DA:480,0
DA:481,0
DA:482,0
DA:483,0
DA:486,0
LF:169
LH:0
BRDA:21,0,0,0
BRDA:21,0,1,0
BRDA:76,1,0,0
BRDA:76,1,1,0
BRDA:76,2,0,0
BRDA:76,2,1,0
BRDA:78,3,0,0
BRDA:78,3,1,0
BRDA:78,4,0,0
BRDA:78,4,1,0
BRDA:80,5,0,0
BRDA:83,6,0,0
BRDA:94,7,0,0
BRDA:94,7,1,0
BRDA:104,8,0,0
BRDA:117,9,0,0
BRDA:120,10,0,0
BRDA:123,11,0,0
BRDA:126,12,0,0
BRDA:136,13,0,0
BRDA:136,13,1,0
BRDA:149,14,0,0
BRDA:152,15,0,0
BRDA:155,16,0,0
BRDA:167,17,0,0
BRDA:167,18,0,0
BRDA:167,18,1,0
BRDA:168,19,0,0
BRDA:179,20,0,0
BRDA:179,20,1,0
BRDA:189,21,0,0
BRDA:198,22,0,0
BRDA:198,22,1,0
BRDA:200,23,0,0
BRDA:200,23,1,0
BRDA:202,24,0,0
BRDA:207,25,0,0
BRDA:207,25,1,0
BRDA:227,26,0,0
BRDA:227,26,1,0
BRDA:228,27,0,0
BRDA:228,27,1,0
BRDA:228,28,0,0
BRDA:228,28,1,0
BRDA:243,29,0,0
BRDA:243,29,1,0
BRDA:243,30,0,0
BRDA:243,30,1,0
BRDA:243,31,0,0
BRDA:243,31,1,0
BRDA:244,32,0,0
BRDA:244,32,1,0
BRDA:244,33,0,0
BRDA:244,33,1,0
BRDA:252,34,0,0
BRDA:252,34,1,0
BRDA:252,34,2,0
BRDA:254,35,0,0
BRDA:254,35,1,0
BRDA:254,36,0,0
BRDA:254,36,1,0
BRDA:325,37,0,0
BRDA:325,37,1,0
BRDA:325,38,0,0
BRDA:325,38,1,0
BRDA:325,39,0,0
BRDA:325,39,1,0
BRDA:326,40,0,0
BRDA:326,40,1,0
BRDA:326,41,0,0
BRDA:326,41,1,0
BRDA:354,42,0,0
BRDA:354,42,1,0
BRDA:355,43,0,0
BRDA:358,44,0,0
BRDA:360,45,0,0
BRDA:360,46,0,0
BRDA:360,46,1,0
BRDA:361,47,0,0
BRDA:361,48,0,0
BRDA:361,48,1,0
BRDA:365,49,0,0
BRDA:367,50,0,0
BRDA:368,51,0,0
BRDA:369,52,0,0
BRDA:370,53,0,0
BRDA:370,54,0,0
BRDA:370,54,1,0
BRDA:370,55,0,0
BRDA:370,55,1,0
BRDA:370,56,0,0
BRDA:370,56,1,0
BRDA:374,57,0,0
BRDA:374,58,0,0
BRDA:374,58,1,0
BRDA:374,59,0,0
BRDA:374,59,1,0
BRDA:376,60,0,0
BRDA:376,60,1,0
BRDA:377,61,0,0
BRDA:380,62,0,0
BRDA:380,62,1,0
BRDA:382,63,0,0
BRDA:383,64,0,0
BRDA:397,65,0,0
BRDA:400,66,0,0
BRDA:405,67,0,0
BRDA:406,68,0,0
BRDA:409,69,0,0
BRDA:415,70,0,0
BRDA:417,71,0,0
BRDA:418,72,0,0
BRDA:419,73,0,0
BRDA:421,74,0,0
BRDA:427,75,0,0
BRDA:427,76,0,0
BRDA:427,76,1,0
BRDA:427,77,0,0
BRDA:427,77,1,0
BRDA:443,78,0,0
BRDA:446,79,0,0
BRDA:451,80,0,0
BRDA:452,81,0,0
BRDA:455,82,0,0
BRDA:458,83,0,0
BRDA:461,84,0,0
BRDA:467,85,0,0
BRDA:468,86,0,0
BRDA:471,87,0,0
BRDA:474,88,0,0
BRDA:480,89,0,0
BRDA:480,89,1,0
BRDA:480,90,0,0
BRDA:480,90,1,0
BRDA:480,91,0,0
BRDA:480,91,1,0
BRDA:482,92,0,0
BRF:137
BRH:0
end_of_record
TN:
SF:src/services/assessment/modules/PrivacyComplianceAssessor.ts
FN:61,(anonymous_7)
FN:83,(anonymous_8)
FN:140,(anonymous_10)
FN:212,(anonymous_12)
FN:280,(anonymous_14)
FN:338,(anonymous_16)
FN:380,(anonymous_18)
FN:455,(anonymous_20)
FN:481,(anonymous_21)
FN:492,(anonymous_22)
FN:524,(anonymous_23)
FN:556,(anonymous_24)
FN:600,(anonymous_25)
FNF:13
FNH:0
FNDA:0,(anonymous_7)
FNDA:0,(anonymous_8)
FNDA:0,(anonymous_10)
FNDA:0,(anonymous_12)
FNDA:0,(anonymous_14)
FNDA:0,(anonymous_16)
FNDA:0,(anonymous_18)
FNDA:0,(anonymous_20)
FNDA:0,(anonymous_21)
FNDA:0,(anonymous_22)
FNDA:0,(anonymous_23)
FNDA:0,(anonymous_24)
FNDA:0,(anonymous_25)
DA:6,0
DA:61,0
DA:62,0
DA:84,0
DA:86,0
DA:87,0
DA:88,0
DA:89,0
DA:90,0
DA:92,0
DA:100,0
DA:102,0
DA:110,0
DA:118,0
DA:125,0
DA:150,0
DA:152,0
DA:153,0
DA:154,0
DA:161,0
DA:162,0
DA:164,0
DA:167,0
DA:168,0
DA:170,0
DA:171,0
DA:174,0
DA:175,0
DA:176,0
DA:177,0
DA:179,0
DA:181,0
DA:182,0
DA:184,0
DA:186,0
DA:187,0
DA:189,0
DA:191,0
DA:192,0
DA:194,0
DA:204,0
DA:220,0
DA:222,0
DA:232,0
DA:233,0
DA:234,0
DA:237,0
DA:239,0
DA:243,0
DA:245,0
DA:249,0
DA:251,0
DA:255,0
DA:257,0
DA:261,0
DA:263,0
DA:268,0
DA:269,0
DA:270,0
DA:271,0
DA:272,0
DA:273,0
DA:275,0
DA:277,0
DA:287,0
DA:289,0
DA:298,0
DA:299,0
DA:300,0
DA:303,0
DA:305,0
DA:309,0
DA:311,0
DA:315,0
DA:316,0
DA:320,0
DA:322,0
DA:327,0
DA:328,0
DA:329,0
DA:330,0
DA:331,0
DA:333,0
DA:335,0
DA:343,0
DA:345,0
DA:352,0
DA:353,0
DA:354,0
DA:356,0
DA:358,0
DA:361,0
DA:362,0
DA:363,0
DA:367,0
DA:368,0
DA:373,0
DA:374,0
DA:377,0
DA:386,0
DA:388,0
DA:395,0
DA:401,0
DA:404,0
DA:406,0
DA:410,0
DA:412,0
DA:416,0
DA:418,0
DA:422,0
DA:423,0
DA:424,0
DA:425,0
DA:431,0
DA:432,0
DA:434,0
DA:435,0
DA:436,0
DA:438,0
DA:439,0
DA:443,0
DA:444,0
DA:445,0
DA:446,0
DA:452,0
DA:456,0
DA:458,0
DA:459,0
DA:460,0
DA:463,0
DA:464,0
DA:465,0
DA:466,0
DA:473,0
DA:478,0
DA:482,0
DA:483,0
DA:484,0
DA:485,0
DA:486,0
DA:487,0
DA:488,0
DA:499,0
DA:502,0
DA:503,0
DA:504,0
DA:508,0
DA:511,0
DA:514,0
DA:515,0
DA:518,0
DA:519,0
DA:521,0
DA:531,0
DA:533,0
DA:534,0
DA:537,0
DA:538,0
DA:541,0
DA:542,0
DA:545,0
DA:546,0
DA:549,0
DA:550,0
DA:553,0
DA:563,0
DA:565,0
DA:566,0
DA:567,0
DA:570,0
DA:571,0
DA:574,0
DA:575,0
DA:578,0
DA:579,0
DA:582,0
DA:583,0
DA:586,0
DA:587,0
DA:590,0
DA:591,0
DA:594,0
DA:595,0
DA:597,0
DA:606,0
DA:608,0
DA:609,0
DA:611,0
DA:614,0
DA:615,0
DA:617,0
DA:618,0
DA:621,0
LF:193
LH:0
BRDA:164,0,0,0
BRDA:164,1,0,0
BRDA:164,1,1,0
BRDA:164,2,0,0
BRDA:164,2,1,0
BRDA:170,3,0,0
BRDA:170,4,0,0
BRDA:170,4,1,0
BRDA:175,5,0,0
BRDA:179,6,0,0
BRDA:179,6,1,0
BRDA:179,6,2,0
BRDA:181,7,0,0
BRDA:186,8,0,0
BRDA:191,9,0,0
BRDA:234,10,0,0
BRDA:234,10,1,0
BRDA:234,11,0,0
BRDA:234,11,1,0
BRDA:234,12,0,0
BRDA:234,12,1,0
BRDA:237,13,0,0
BRDA:237,14,0,0
BRDA:237,14,1,0
BRDA:237,14,2,0
BRDA:237,14,3,0
BRDA:243,15,0,0
BRDA:243,16,0,0
BRDA:243,16,1,0
BRDA:243,16,2,0
BRDA:243,16,3,0
BRDA:249,17,0,0
BRDA:249,18,0,0
BRDA:249,18,1,0
BRDA:249,18,2,0
BRDA:249,18,3,0
BRDA:255,19,0,0
BRDA:255,20,0,0
BRDA:255,20,1,0
BRDA:255,20,2,0
BRDA:255,20,3,0
BRDA:261,21,0,0
BRDA:261,22,0,0
BRDA:261,22,1,0
BRDA:261,22,2,0
BRDA:269,23,0,0
BRDA:270,24,0,0
BRDA:271,25,0,0
BRDA:272,26,0,0
BRDA:273,27,0,0
BRDA:300,28,0,0
BRDA:300,28,1,0
BRDA:300,29,0,0
BRDA:300,29,1,0
BRDA:300,30,0,0
BRDA:300,30,1,0
BRDA:303,31,0,0
BRDA:303,32,0,0
BRDA:303,32,1,0
BRDA:303,32,2,0
BRDA:309,33,0,0
BRDA:309,34,0,0
BRDA:309,34,1,0
BRDA:309,34,2,0
BRDA:315,35,0,0
BRDA:315,36,0,0
BRDA:315,36,1,0
BRDA:320,37,0,0
BRDA:320,38,0,0
BRDA:320,38,1,0
BRDA:320,38,2,0
BRDA:328,39,0,0
BRDA:329,40,0,0
BRDA:330,41,0,0
BRDA:331,42,0,0
BRDA:354,43,0,0
BRDA:354,43,1,0
BRDA:354,44,0,0
BRDA:354,44,1,0
BRDA:354,45,0,0
BRDA:354,45,1,0
BRDA:356,46,0,0
BRDA:356,47,0,0
BRDA:356,47,1,0
BRDA:356,47,2,0
BRDA:356,47,3,0
BRDA:362,48,0,0
BRDA:367,49,0,0
BRDA:367,50,0,0
BRDA:367,50,1,0
BRDA:367,50,2,0
BRDA:373,51,0,0
BRDA:373,52,0,0
BRDA:373,52,1,0
BRDA:404,53,0,0
BRDA:404,54,0,0
BRDA:404,54,1,0
BRDA:404,54,2,0
BRDA:404,54,3,0
BRDA:410,55,0,0
BRDA:410,56,0,0
BRDA:410,56,1,0
BRDA:410,56,2,0
BRDA:410,56,3,0
BRDA:416,57,0,0
BRDA:416,58,0,0
BRDA:416,58,1,0
BRDA:416,58,2,0
BRDA:416,58,3,0
BRDA:423,59,0,0
BRDA:424,60,0,0
BRDA:434,61,0,0
BRDA:435,62,0,0
BRDA:435,63,0,0
BRDA:435,63,1,0
BRDA:438,64,0,0
BRDA:438,65,0,0
BRDA:438,65,1,0
BRDA:444,66,0,0
BRDA:445,67,0,0
BRDA:458,68,0,0
BRDA:458,69,0,0
BRDA:458,69,1,0
BRDA:458,70,0,0
BRDA:458,70,1,0
BRDA:463,71,0,0
BRDA:463,71,1,0
BRDA:465,72,0,0
BRDA:465,72,1,0
BRDA:482,73,0,0
BRDA:482,73,1,0
BRDA:482,73,2,0
BRDA:482,73,3,0
BRDA:482,73,4,0
BRDA:482,73,5,0
BRDA:502,74,0,0
BRDA:514,75,0,0
BRDA:515,76,0,0
BRDA:518,77,0,0
BRDA:519,78,0,0
BRDA:533,79,0,0
BRDA:537,80,0,0
BRDA:537,81,0,0
BRDA:537,81,1,0
BRDA:541,82,0,0
BRDA:545,83,0,0
BRDA:549,84,0,0
BRDA:565,85,0,0
BRDA:570,86,0,0
BRDA:574,87,0,0
BRDA:578,88,0,0
BRDA:582,89,0,0
BRDA:586,90,0,0
BRDA:590,91,0,0
BRDA:608,92,0,0
BRDA:608,92,1,0
BRDA:617,93,0,0
BRF:157
BRH:0
end_of_record
TN:
SF:src/services/assessment/modules/SecurityAssessor.ts
FN:18,(anonymous_7)
FN:96,(anonymous_9)
FN:135,(anonymous_11)
FN:197,(anonymous_12)
FN:221,(anonymous_13)
FN:242,(anonymous_15)
FN:260,(anonymous_17)
FN:286,(anonymous_19)
FN:306,(anonymous_21)
FN:316,(anonymous_22)
FN:332,(anonymous_23)
FN:337,(anonymous_24)
FN:345,(anonymous_25)
FN:357,(anonymous_26)
FN:366,(anonymous_27)
FN:372,(anonymous_28)
FN:398,(anonymous_29)
FN:400,(anonymous_30)
FN:401,(anonymous_31)
FNF:19
FNH:0
FNDA:0,(anonymous_7)
FNDA:0,(anonymous_9)
FNDA:0,(anonymous_11)
FNDA:0,(anonymous_12)
FNDA:0,(anonymous_13)
FNDA:0,(anonymous_15)
FNDA:0,(anonymous_17)
FNDA:0,(anonymous_19)
FNDA:0,(anonymous_21)
FNDA:0,(anonymous_22)
FNDA:0,(anonymous_23)
FNDA:0,(anonymous_24)
FNDA:0,(anonymous_25)
FNDA:0,(anonymous_26)
FNDA:0,(anonymous_27)
FNDA:0,(anonymous_28)
FNDA:0,(anonymous_29)
FNDA:0,(anonymous_30)
FNDA:0,(anonymous_31)
DA:6,0
DA:13,0
DA:17,0
DA:19,0
DA:21,0
DA:22,0
DA:23,0
DA:24,0
DA:27,0
DA:29,0
DA:30,0
DA:31,0
DA:34,0
DA:35,0
DA:37,0
DA:38,0
DA:44,0
DA:46,0
DA:47,0
DA:48,0
DA:50,0
DA:51,0
DA:53,0
DA:56,0
DA:60,0
DA:61,0
DA:67,0
DA:68,0
DA:71,0
DA:78,0
DA:81,0
DA:87,0
DA:101,0
DA:103,0
DA:106,0
DA:112,0
DA:117,0
DA:126,0
DA:139,0
DA:140,0
DA:143,0
DA:156,0
DA:157,0
DA:158,0
DA:166,0
DA:177,0
DA:178,0
DA:179,0
DA:187,0
DA:188,0
DA:194,0
DA:199,0
DA:202,0
DA:211,0
DA:212,0
DA:214,0
DA:218,0
DA:222,0
DA:225,0
DA:226,0
DA:230,0
DA:231,0
DA:235,0
DA:236,0
DA:239,0
DA:244,0
DA:245,0
DA:246,0
DA:247,0
DA:248,0
DA:250,0
DA:251,0
DA:257,0
DA:262,0
DA:268,0
DA:269,0
DA:270,0
DA:271,0
DA:272,0
DA:273,0
DA:275,0
DA:276,0
DA:283,0
DA:288,0
DA:293,0
DA:294,0
DA:295,0
DA:296,0
DA:297,0
DA:303,0
DA:307,0
DA:309,0
DA:313,0
DA:318,0
DA:333,0
DA:335,0
DA:336,0
DA:337,0
DA:339,0
DA:342,0
DA:350,0
DA:351,0
DA:352,0
DA:353,0
DA:354,0
DA:361,0
DA:362,0
DA:363,0
DA:371,0
DA:372,0
DA:374,0
DA:376,0
DA:380,0
DA:381,0
DA:383,0
DA:386,0
DA:390,0
DA:391,0
DA:392,0
DA:395,0
DA:399,0
DA:400,0
DA:401,0
DA:403,0
DA:405,0
DA:407,0
DA:408,0
DA:410,0
LF:128
LH:0
BRDA:29,0,0,0
BRDA:46,1,0,0
BRDA:50,2,0,0
BRDA:50,2,1,0
BRDA:51,3,0,0
BRDA:60,4,0,0
BRDA:157,5,0,0
BRDA:157,6,0,0
BRDA:157,6,1,0
BRDA:178,7,0,0
BRDA:187,8,0,0
BRDA:212,9,0,0
BRDA:212,10,0,0
BRDA:212,10,1,0
BRDA:225,11,0,0
BRDA:230,12,0,0
BRDA:235,13,0,0
BRDA:250,14,0,0
BRDA:250,15,0,0
BRDA:250,15,1,0
BRDA:275,16,0,0
BRDA:275,17,0,0
BRDA:275,17,1,0
BRDA:296,18,0,0
BRDA:296,19,0,0
BRDA:296,19,1,0
BRDA:307,20,0,0
BRDA:309,21,0,0
BRDA:309,21,1,0
BRDA:313,22,0,0
BRDA:313,22,1,0
BRDA:313,23,0,0
BRDA:313,23,1,0
BRDA:313,24,0,0
BRDA:313,24,1,0
BRDA:333,25,0,0
BRDA:335,26,0,0
BRDA:336,27,0,0
BRDA:337,28,0,0
BRDA:337,28,1,0
BRDA:337,28,2,0
BRDA:350,29,0,0
BRDA:351,30,0,0
BRDA:352,31,0,0
BRDA:353,32,0,0
BRDA:361,33,0,0
BRDA:361,34,0,0
BRDA:361,34,1,0
BRDA:362,35,0,0
BRDA:362,36,0,0
BRDA:362,36,1,0
BRDA:380,37,0,0
BRDA:380,37,1,0
BRDA:391,38,0,0
BRDA:403,39,0,0
BRDA:407,40,0,0
BRDA:407,40,1,0
BRF:57
BRH:0
end_of_record
TN:
SF:src/services/assessment/modules/SupplyChainAssessor.ts
FN:42,(anonymous_7)
FN:53,(anonymous_9)
FN:101,(anonymous_10)
FN:135,(anonymous_12)
FN:163,(anonymous_14)
FN:192,(anonymous_16)
FN:217,(anonymous_18)
FN:239,(anonymous_20)
FN:248,(anonymous_21)
FN:276,(anonymous_22)
FN:291,(anonymous_24)
FN:307,(anonymous_25)
FN:352,(anonymous_26)
FN:374,(anonymous_27)
FN:405,(anonymous_28)
FNF:15
FNH:0
FNDA:0,(anonymous_7)
FNDA:0,(anonymous_9)
FNDA:0,(anonymous_10)
FNDA:0,(anonymous_12)
FNDA:0,(anonymous_14)
FNDA:0,(anonymous_16)
FNDA:0,(anonymous_18)
FNDA:0,(anonymous_20)
FNDA:0,(anonymous_21)
FNDA:0,(anonymous_22)
FNDA:0,(anonymous_24)
FNDA:0,(anonymous_25)
FNDA:0,(anonymous_26)
FNDA:0,(anonymous_27)
FNDA:0,(anonymous_28)
DA:6,0
DA:41,0
DA:43,0
DA:45,0
DA:46,0
DA:47,0
DA:48,0
DA:49,0
DA:50,0
DA:52,0
DA:53,0
DA:56,0
DA:64,0
DA:66,0
DA:72,0
DA:78,0
DA:85,0
DA:102,0
DA:103,0
DA:105,0
DA:107,0
DA:108,0
DA:109,0
DA:111,0
DA:112,0
DA:123,0
DA:124,0
DA:125,0
DA:129,0
DA:132,0
DA:136,0
DA:137,0
DA:140,0
DA:147,0
DA:149,0
DA:150,0
DA:151,0
DA:152,0
DA:153,0
DA:154,0
DA:155,0
DA:160,0
DA:168,0
DA:170,0
DA:171,0
DA:173,0
DA:174,0
DA:175,0
DA:177,0
DA:178,0
DA:179,0
DA:180,0
DA:181,0
DA:182,0
DA:183,0
DA:185,0
DA:189,0
DA:197,0
DA:199,0
DA:200,0
DA:201,0
DA:203,0
DA:205,0
DA:206,0
DA:207,0
DA:208,0
DA:210,0
DA:214,0
DA:218,0
DA:219,0
DA:221,0
DA:226,0
DA:228,0
DA:229,0
DA:230,0
DA:231,0
DA:236,0
DA:241,0
DA:242,0
DA:244,0
DA:245,0
DA:249,0
DA:251,0
DA:252,0
DA:255,0
DA:256,0
DA:259,0
DA:260,0
DA:261,0
DA:262,0
DA:264,0
DA:273,0
DA:277,0
DA:281,0
DA:282,0
DA:291,0
DA:299,0
DA:300,0
DA:302,0
DA:303,0
DA:314,0
DA:317,0
DA:318,0
DA:319,0
DA:323,0
DA:326,0
DA:327,0
DA:328,0
DA:332,0
DA:335,0
DA:336,0
DA:337,0
DA:341,0
DA:344,0
DA:345,0
DA:346,0
DA:349,0
DA:357,0
DA:359,0
DA:360,0
DA:363,0
DA:364,0
DA:367,0
DA:368,0
DA:371,0
DA:379,0
DA:381,0
DA:382,0
DA:383,0
DA:386,0
DA:387,0
DA:390,0
DA:391,0
DA:394,0
DA:395,0
DA:396,0
DA:399,0
DA:400,0
DA:402,0
DA:411,0
DA:413,0
DA:415,0
DA:416,0
DA:419,0
DA:420,0
DA:421,0
DA:424,0
DA:425,0
DA:428,0
LF:149
LH:0
BRDA:53,0,0,0
BRDA:53,0,1,0
BRDA:107,1,0,0
BRDA:107,1,1,0
BRDA:107,2,0,0
BRDA:107,2,1,0
BRDA:107,3,0,0
BRDA:107,3,1,0
BRDA:107,4,0,0
BRDA:107,4,1,0
BRDA:107,5,0,0
BRDA:107,5,1,0
BRDA:108,6,0,0
BRDA:124,7,0,0
BRDA:124,8,0,0
BRDA:124,8,1,0
BRDA:124,9,0,0
BRDA:124,9,1,0
BRDA:124,10,0,0
BRDA:124,10,1,0
BRDA:124,11,0,0
BRDA:124,11,1,0
BRDA:124,12,0,0
BRDA:124,12,1,0
BRDA:151,13,0,0
BRDA:154,14,0,0
BRDA:154,14,1,0
BRDA:178,15,0,0
BRDA:178,15,1,0
BRDA:180,16,0,0
BRDA:180,16,1,0
BRDA:182,17,0,0
BRDA:182,17,1,0
BRDA:205,18,0,0
BRDA:205,18,1,0
BRDA:207,19,0,0
BRDA:207,19,1,0
BRDA:230,20,0,0
BRDA:230,21,0,0
BRDA:230,21,1,0
BRDA:242,22,0,0
BRDA:261,23,0,0
BRDA:261,23,1,0
BRDA:295,24,0,0
BRDA:295,24,1,0
BRDA:317,25,0,0
BRDA:326,26,0,0
BRDA:335,27,0,0
BRDA:344,28,0,0
BRDA:359,29,0,0
BRDA:363,30,0,0
BRDA:367,31,0,0
BRDA:381,32,0,0
BRDA:386,33,0,0
BRDA:390,34,0,0
BRDA:394,35,0,0
BRDA:415,36,0,0
BRDA:420,37,0,0
BRDA:424,38,0,0
BRF:59
BRH:0
end_of_record
TN:
SF:src/services/assessment/modules/UsabilityAssessor.ts
FN:15,(anonymous_7)
FN:31,(anonymous_9)
FN:45,(anonymous_10)
FN:82,(anonymous_11)
FN:120,(anonymous_12)
FN:135,(anonymous_13)
FN:168,(anonymous_14)
FN:174,(anonymous_15)
FN:195,(anonymous_16)
FN:203,(anonymous_17)
FN:219,(anonymous_18)
FN:240,(anonymous_19)
FNF:12
FNH:0
FNDA:0,(anonymous_7)
FNDA:0,(anonymous_9)
FNDA:0,(anonymous_10)
FNDA:0,(anonymous_11)
FNDA:0,(anonymous_12)
FNDA:0,(anonymous_13)
FNDA:0,(anonymous_14)
FNDA:0,(anonymous_15)
FNDA:0,(anonymous_16)
FNDA:0,(anonymous_17)
FNDA:0,(anonymous_18)
FNDA:0,(anonymous_19)
DA:11,0
DA:14,0
DA:16,0
DA:18,0
DA:19,0
DA:20,0
DA:21,0
DA:23,0
DA:32,0
DA:33,0
DA:34,0
DA:35,0
DA:37,0
DA:46,0
DA:48,0
DA:55,0
DA:56,0
DA:58,0
DA:59,0
DA:60,0
DA:61,0
DA:62,0
DA:63,0
DA:64,0
DA:65,0
DA:70,0
DA:71,0
DA:73,0
DA:74,0
DA:75,0
DA:79,0
DA:83,0
DA:85,0
DA:86,0
DA:88,0
DA:89,0
DA:91,0
DA:93,0
DA:95,0
DA:96,0
DA:98,0
DA:102,0
DA:103,0
DA:105,0
DA:110,0
DA:111,0
DA:113,0
DA:115,0
DA:116,0
DA:117,0
DA:121,0
DA:123,0
DA:125,0
DA:126,0
DA:127,0
DA:132,0
DA:136,0
DA:144,0
DA:145,0
DA:148,0
DA:149,0
DA:153,0
DA:154,0
DA:155,0
DA:156,0
DA:162,0
DA:163,0
DA:168,0
DA:171,0
DA:176,0
DA:182,0
DA:185,0
DA:186,0
DA:187,0
DA:192,0
DA:196,0
DA:198,0
DA:204,0
DA:205,0
DA:207,0
DA:208,0
DA:209,0
DA:210,0
DA:212,0
DA:214,0
DA:215,0
DA:216,0
DA:220,0
DA:222,0
DA:224,0
DA:225,0
DA:227,0
DA:228,0
DA:229,0
DA:231,0
DA:232,0
DA:234,0
DA:237,0
DA:241,0
DA:243,0
DA:244,0
DA:247,0
DA:248,0
DA:249,0
DA:252,0
DA:253,0
DA:256,0
DA:257,0
DA:258,0
DA:261,0
LF:110
LH:0
BRDA:46,0,0,0
BRDA:58,1,0,0
BRDA:58,1,1,0
BRDA:60,2,0,0
BRDA:60,2,1,0
BRDA:62,3,0,0
BRDA:62,3,1,0
BRDA:64,4,0,0
BRDA:74,5,0,0
BRDA:83,6,0,0
BRDA:91,7,0,0
BRDA:91,8,0,0
BRDA:91,8,1,0
BRDA:91,9,0,0
BRDA:91,9,1,0
BRDA:95,10,0,0
BRDA:95,10,1,0
BRDA:102,11,0,0
BRDA:102,11,1,0
BRDA:111,12,0,0
BRDA:115,13,0,0
BRDA:116,14,0,0
BRDA:121,15,0,0
BRDA:126,16,0,0
BRDA:126,17,0,0
BRDA:126,17,1,0
BRDA:148,18,0,0
BRDA:148,19,0,0
BRDA:148,19,1,0
BRDA:148,20,0,0
BRDA:148,20,1,0
BRDA:148,21,0,0
BRDA:148,21,1,0
BRDA:153,22,0,0
BRDA:153,23,0,0
BRDA:153,23,1,0
BRDA:153,24,0,0
BRDA:153,24,1,0
BRDA:155,25,0,0
BRDA:155,26,0,0
BRDA:155,26,1,0
BRDA:155,26,2,0
BRDA:162,27,0,0
BRDA:186,28,0,0
BRDA:192,29,0,0
BRDA:192,29,1,0
BRDA:196,30,0,0
BRDA:198,31,0,0
BRDA:198,31,1,0
BRDA:207,32,0,0
BRDA:208,33,0,0
BRDA:209,34,0,0
BRDA:210,35,0,0
BRDA:214,36,0,0
BRDA:215,37,0,0
BRDA:228,38,0,0
BRDA:229,39,0,0
BRDA:231,40,0,0
BRDA:231,40,1,0
BRDA:243,41,0,0
BRDA:247,42,0,0
BRDA:252,43,0,0
BRDA:256,44,0,0
BRF:63
BRH:0
end_of_record
TN:
SF:src/test/utils/securityPatternFactory.ts
FN:168,getSecurityTestCase
FN:169,(anonymous_1)
FN:173,generatePatternVariations
FN:192,createMixedAttackPayload
FNF:4
FNH:0
FNDA:0,getSecurityTestCase
FNDA:0,(anonymous_1)
FNDA:0,generatePatternVariations
FNDA:0,createMixedAttackPayload
DA:11,0
DA:76,0
DA:165,0
DA:168,0
DA:169,0
DA:173,0
DA:174,0
DA:176,0
DA:177,0
DA:188,0
DA:192,0
DA:193,0
LF:12
LH:0
BRDA:173,0,0,0
BRF:1
BRH:0
end_of_record
TN:
SF:src/test/utils/testUtils.ts
FN:6,createMockTool
FN:21,createMockAssessmentContext
FN:35,createMockAssessmentConfig
FN:51,createMockCallToolResponse
FN:62,createMockTools
FN:63,(anonymous_5)
FN:69,createMockServerInfo
FN:80,createMockPackageJson
FN:96,createMockReadmeContent
FNF:9
FNH:0
FNDA:0,createMockTool
FNDA:0,createMockAssessmentContext
FNDA:0,createMockAssessmentConfig
FNDA:0,createMockCallToolResponse
FNDA:0,createMockTools
FNDA:0,(anonymous_5)
FNDA:0,createMockServerInfo
FNDA:0,createMockPackageJson
FNDA:0,createMockReadmeContent
DA:6,0
DA:7,0
DA:21,0
DA:22,0
DA:35,0
DA:36,0
DA:51,0
DA:55,0
DA:62,0
DA:63,0
DA:64,0
DA:69,0
DA:70,0
DA:80,0
DA:81,0
DA:96,0
DA:97,0
LF:17
LH:0
BRDA:53,0,0,0
BRF:1
BRH:0
end_of_record
TN:
SF:src/utils/configUtils.ts
FN:7,(anonymous_0)
FN:16,(anonymous_1)
FN:30,(anonymous_2)
FN:34,(anonymous_3)
FN:40,(anonymous_4)
FN:46,(anonymous_5)
FN:58,(anonymous_6)
FN:74,(anonymous_7)
FN:80,(anonymous_8)
FN:86,(anonymous_9)
FN:93,(anonymous_10)
FN:118,(anonymous_11)
FN:160,(anonymous_12)
FNF:13
FNH:1
FNDA:0,(anonymous_0)
FNDA:0,(anonymous_1)
FNDA:0,(anonymous_2)
FNDA:0,(anonymous_3)
FNDA:0,(anonymous_4)
FNDA:4,(anonymous_5)
FNDA:0,(anonymous_6)
FNDA:0,(anonymous_7)
FNDA:0,(anonymous_8)
FNDA:0,(anonymous_9)
FNDA:0,(anonymous_10)
FNDA:0,(anonymous_11)
FNDA:0,(anonymous_12)
DA:2,1
DA:7,1
DA:8,0
DA:9,0
DA:10,0
DA:12,0
DA:16,1
DA:17,0
DA:18,0
DA:19,0
DA:20,0
DA:25,0
DA:27,0
DA:30,1
DA:31,0
DA:34,1
DA:37,0
DA:40,1
DA:43,0
DA:46,1
DA:52,4
DA:58,1
DA:62,0
DA:63,0
DA:64,0
DA:66,0
DA:74,1
DA:75,0
DA:76,0
DA:77,0
DA:80,1
DA:81,0
DA:82,0
DA:83,0
DA:86,1
DA:87,0
DA:88,0
DA:89,0
DA:93,1
DA:96,0
DA:97,0
DA:98,0
DA:99,0
DA:100,0
DA:102,0
DA:103,0
DA:104,0
DA:105,0
DA:106,0
DA:107,0
DA:109,0
DA:115,0
DA:118,1
DA:122,0
DA:124,0
DA:129,0
DA:132,0
DA:133,0
DA:134,0
DA:138,0
DA:139,0
DA:140,0
DA:144,0
DA:145,0
DA:156,0
DA:157,0
DA:160,1
DA:164,0
DA:165,0
DA:168,0
DA:169,0
DA:170,0
DA:172,0
DA:177,0
DA:180,0
LF:75
LH:15
BRDA:18,0,0,0
BRDA:25,1,0,0
BRDA:25,1,1,0
BRDA:63,2,0,0
BRDA:63,3,0,0
BRDA:63,3,1,0
BRDA:63,3,2,0
BRDA:67,4,0,0
BRDA:67,4,1,0
BRDA:76,5,0,0
BRDA:77,6,0,0
BRDA:77,6,1,0
BRDA:82,7,0,0
BRDA:83,8,0,0
BRDA:83,8,1,0
BRDA:88,9,0,0
BRDA:89,10,0,0
BRDA:89,10,1,0
BRDA:100,11,0,0
BRDA:104,12,0,0
BRDA:104,12,1,0
BRDA:106,13,0,0
BRDA:132,14,0,0
BRDA:138,15,0,0
BRDA:169,16,0,0
BRDA:169,16,1,0
BRF:26
BRH:0
end_of_record
TN:
SF:src/utils/escapeUnicode.ts
FN:2,escapeUnicode
FN:5,(anonymous_1)
FN:8,(anonymous_2)
FNF:3
FNH:3
FNDA:4,escapeUnicode
FNDA:10,(anonymous_1)
FNDA:4,(anonymous_2)
DA:2,1
DA:3,4
DA:6,10
DA:8,2
DA:9,4
DA:12,8
LF:6
LH:6
BRDA:6,0,0,2
BRF:1
BRH:1
end_of_record
TN:
SF:src/utils/jsonUtils.ts
FN:71,getDataType
FN:82,tryParseJson
FN:107,updateValueAtPath
FN:134,updateArray
FN:181,updateObject
FN:215,getValueAtPath
FNF:6
FNH:6
FNDA:18,getDataType
FNDA:24,tryParseJson
FNDA:24,updateValueAtPath
FNDA:8,updateArray
FNDA:14,updateObject
FNDA:77,getValueAtPath
DA:71,1
DA:72,18
DA:73,14
DA:74,13
DA:82,1
DA:86,24
DA:87,24
DA:91,13
DA:93,11
DA:94,11
DA:96,2
DA:107,1
DA:112,24
DA:114,23
DA:115,4
DA:118,23
DA:119,8
DA:120,15
DA:121,14
DA:123,1
DA:127,1
DA:139,8
DA:140,8
DA:142,8
DA:143,1
DA:144,1
DA:147,7
DA:148,1
DA:149,1
DA:152,6
DA:153,6
DA:154,12
DA:157,6
DA:158,4
DA:160,4
DA:161,6
DA:163,4
DA:166,6
DA:167,5
DA:169,1
DA:175,6
DA:186,14
DA:189,14
DA:190,0
DA:191,0
DA:194,14
DA:196,14
DA:197,7
DA:200,7
DA:201,1
DA:203,7
DA:205,14
DA:215,1
DA:220,77
DA:222,55
DA:224,55
DA:225,2
DA:228,53
DA:229,12
DA:230,12
DA:231,2
DA:233,10
DA:236,41
DA:237,41
DA:238,1
DA:240,40
DA:243,0
LF:67
LH:64
BRDA:72,0,0,4
BRDA:73,1,0,1
BRDA:87,2,0,13
BRDA:88,3,0,24
BRDA:88,3,1,16
BRDA:88,4,0,24
BRDA:88,4,1,8
BRDA:89,5,0,16
BRDA:89,5,1,3
BRDA:112,6,0,1
BRDA:114,7,0,4
BRDA:114,8,0,23
BRDA:114,8,1,21
BRDA:115,9,0,2
BRDA:115,9,1,2
BRDA:118,10,0,8
BRDA:118,10,1,15
BRDA:120,11,0,14
BRDA:120,11,1,1
BRDA:120,12,0,15
BRDA:120,12,1,14
BRDA:142,13,0,1
BRDA:147,14,0,1
BRDA:154,15,0,11
BRDA:154,15,1,1
BRDA:157,16,0,4
BRDA:166,17,0,5
BRDA:166,17,1,1
BRDA:189,18,0,0
BRDA:196,19,0,7
BRDA:196,19,1,7
BRDA:200,20,0,1
BRDA:218,21,0,22
BRDA:220,22,0,22
BRDA:224,23,0,2
BRDA:224,24,0,55
BRDA:224,24,1,54
BRDA:228,25,0,12
BRDA:230,26,0,2
BRDA:230,27,0,12
BRDA:230,27,1,11
BRDA:230,27,2,11
BRDA:236,28,0,41
BRDA:236,29,0,41
BRDA:236,29,1,41
BRDA:237,30,0,1
BRF:46
BRH:45
end_of_record
TN:
SF:src/utils/oauthUtils.ts
FN:32,(anonymous_0)
FN:61,(anonymous_1)
FN:65,(anonymous_2)
FN:75,(anonymous_3)
FNF:4
FNH:4
FNDA:4,(anonymous_0)
FNDA:2,(anonymous_1)
FNDA:64,(anonymous_2)
FNDA:3,(anonymous_3)
DA:32,1
DA:33,4
DA:35,4
DA:36,4
DA:37,1
DA:40,3
DA:41,3
DA:42,3
DA:44,3
DA:45,2
DA:48,1
DA:61,1
DA:63,2
DA:64,2
DA:65,64
DA:75,1
DA:78,3
DA:79,3
DA:80,3
DA:82,3
LF:20
LH:20
BRDA:36,0,0,1
BRDA:44,1,0,2
BRDA:84,2,0,2
BRDA:84,2,1,1
BRDA:85,3,0,1
BRDA:85,3,1,2
BRF:6
BRH:6
end_of_record
TN:
SF:src/utils/schemaUtils.ts
FN:16,cacheToolOutputSchemas
FN:39,getToolOutputValidator
FN:52,validateToolOutput
FN:77,hasOutputSchema
FN:88,generateDefaultValue
FN:118,(anonymous_6)
FN:141,isPropertyRequired
FN:153,normalizeUnionType
FN:158,(anonymous_9)
FN:159,(anonymous_10)
FN:168,(anonymous_11)
FN:169,(anonymous_12)
FN:178,(anonymous_13)
FN:179,(anonymous_14)
FN:188,(anonymous_15)
FN:189,(anonymous_16)
FN:242,formatFieldLabel
FN:246,(anonymous_18)
FNF:18
FNH:18
FNDA:31,cacheToolOutputSchemas
FNDA:10,getToolOutputValidator
FNDA:7,validateToolOutput
FNDA:10,hasOutputSchema
FNDA:22,generateDefaultValue
FNDA:7,(anonymous_6)
FNDA:18,isPropertyRequired
FNDA:15,normalizeUnionType
FNDA:11,(anonymous_9)
FNDA:7,(anonymous_10)
FNDA:7,(anonymous_11)
FNDA:2,(anonymous_12)
FNDA:5,(anonymous_13)
FNDA:4,(anonymous_14)
FNDA:3,(anonymous_15)
FNDA:2,(anonymous_16)
FNDA:5,formatFieldLabel
FNDA:4,(anonymous_18)
DA:2,1
DA:6,1
DA:9,1
DA:16,1
DA:17,31
DA:18,31
DA:19,43
DA:20,29
DA:21,29
DA:22,28
DA:24,1
DA:39,1
DA:42,10
DA:52,1
DA:56,7
DA:57,7
DA:58,1
DA:61,6
DA:62,6
DA:63,3
DA:69,3
DA:77,1
DA:78,10
DA:88,1
DA:93,22
DA:94,1
DA:99,21
DA:103,21
DA:105,5
DA:108,4
DA:110,3
DA:112,2
DA:114,6
DA:116,4
DA:118,4
DA:119,7
DA:120,7
DA:121,7
DA:122,7
DA:126,4
DA:129,0
DA:131,1
DA:141,1
DA:145,18
DA:153,1
DA:155,15
DA:158,11
DA:159,7
DA:161,3
DA:165,12
DA:168,7
DA:169,2
DA:171,1
DA:175,11
DA:178,5
DA:179,4
DA:181,1
DA:185,10
DA:188,3
DA:189,2
DA:191,1
DA:195,9
DA:201,1
DA:205,8
DA:211,1
DA:215,7
DA:221,1
DA:225,6
DA:231,1
DA:234,5
DA:242,1
DA:243,5
DA:246,4
LF:73
LH:72
BRDA:19,0,0,29
BRDA:57,1,0,1
BRDA:62,2,0,3
BRDA:93,3,0,1
BRDA:93,4,0,22
BRDA:93,4,1,1
BRDA:99,5,0,11
BRDA:99,5,1,10
BRDA:99,6,0,21
BRDA:99,6,1,11
BRDA:103,7,0,5
BRDA:103,7,1,3
BRDA:103,7,2,4
BRDA:103,7,3,3
BRDA:103,7,4,2
BRDA:103,7,5,6
BRDA:103,7,6,0
BRDA:103,7,7,1
BRDA:105,8,0,4
BRDA:105,8,1,1
BRDA:108,9,0,3
BRDA:108,9,1,1
BRDA:110,10,0,2
BRDA:110,10,1,1
BRDA:114,11,0,2
BRDA:119,12,0,7
BRDA:121,13,0,7
BRDA:145,14,0,18
BRDA:145,14,1,0
BRDA:145,15,0,18
BRDA:145,15,1,18
BRDA:145,16,0,0
BRDA:145,16,1,18
BRDA:145,17,0,18
BRDA:145,17,1,18
BRDA:155,18,0,3
BRDA:156,19,0,15
BRDA:156,19,1,8
BRDA:156,19,2,7
BRDA:156,19,3,4
BRDA:165,20,0,1
BRDA:166,21,0,12
BRDA:166,21,1,5
BRDA:166,21,2,4
BRDA:166,21,3,1
BRDA:175,22,0,1
BRDA:176,23,0,11
BRDA:176,23,1,4
BRDA:176,23,2,3
BRDA:176,23,3,2
BRDA:185,24,0,1
BRDA:186,25,0,10
BRDA:186,25,1,3
BRDA:186,25,2,2
BRDA:186,25,3,1
BRDA:195,26,0,1
BRDA:196,27,0,9
BRDA:196,27,1,5
BRDA:196,27,2,5
BRDA:196,27,3,2
BRDA:205,28,0,1
BRDA:206,29,0,8
BRDA:206,29,1,4
BRDA:206,29,2,4
BRDA:206,29,3,1
BRDA:215,30,0,1
BRDA:216,31,0,7
BRDA:216,31,1,3
BRDA:216,31,2,3
BRDA:216,31,3,2
BRDA:225,32,0,1
BRDA:226,33,0,6
BRDA:226,33,1,2
BRDA:226,33,2,2
BRDA:226,33,3,1
BRF:75
BRH:72
end_of_record
TN:
SF:src/utils/urlValidation.ts
FN:8,validateRedirectUrl
FNF:1
FNH:1
FNDA:25,validateRedirectUrl
DA:8,1
DA:9,25
DA:10,25
DA:11,21
DA:12,12
DA:15,16
DA:19,12
DA:22,4
LF:8
LH:8
BRDA:11,0,0,12
BRDA:11,1,0,21
BRDA:11,1,1,20
BRDA:15,2,0,12
BRDA:16,3,0,16
BRDA:16,3,1,12
BRF:6
BRH:6
end_of_record
