TN:
SF:src/lib/assessmentTypes.ts
FNF:0
FNH:0
DA:117,4
DA:177,4
LF:2
LH:2
BRF:0
BRH:0
end_of_record
TN:
SF:src/services/assessmentService.ts
FN:29,(anonymous_0)
FN:36,(anonymous_1)
FN:100,(anonymous_2)
FN:130,(anonymous_3)
FN:159,(anonymous_4)
FN:172,(anonymous_5)
FN:173,(anonymous_6)
FN:203,(anonymous_7)
FN:223,(anonymous_8)
FN:258,(anonymous_9)
FN:308,(anonymous_10)
FN:317,(anonymous_11)
FN:347,(anonymous_12)
FN:358,(anonymous_13)
FN:366,(anonymous_14)
FN:415,(anonymous_15)
FN:425,(anonymous_16)
FN:495,(anonymous_17)
FN:497,(anonymous_18)
FN:515,(anonymous_19)
FN:552,(anonymous_20)
FN:554,(anonymous_21)
FN:562,(anonymous_22)
FN:583,(anonymous_23)
FNF:24
FNH:24
FNDA:97,(anonymous_0)
FNDA:100,(anonymous_1)
FNDA:100,(anonymous_2)
FNDA:296,(anonymous_3)
FNDA:295,(anonymous_4)
FNDA:267,(anonymous_5)
FNDA:2,(anonymous_6)
FNDA:1823,(anonymous_7)
FNDA:2919,(anonymous_8)
FNDA:100,(anonymous_9)
FNDA:1528,(anonymous_10)
FNDA:2504,(anonymous_11)
FNDA:1074,(anonymous_12)
FNDA:7038,(anonymous_13)
FNDA:100,(anonymous_14)
FNDA:100,(anonymous_15)
FNDA:100,(anonymous_16)
FNDA:100,(anonymous_17)
FNDA:296,(anonymous_18)
FNDA:271,(anonymous_19)
FNDA:100,(anonymous_20)
FNDA:5,(anonymous_21)
FNDA:100,(anonymous_22)
FNDA:100,(anonymous_23)
DA:6,4
DA:24,4
DA:25,97
DA:26,97
DA:27,97
DA:30,97
DA:42,100
DA:43,100
DA:46,100
DA:47,100
DA:48,100
DA:49,100
DA:50,100
DA:53,100
DA:62,100
DA:70,100
DA:78,100
DA:80,100
DA:104,100
DA:105,100
DA:106,100
DA:108,100
DA:109,296
DA:111,1
DA:116,1
DA:119,295
DA:120,295
DA:121,295
DA:123,295
DA:124,249
DA:125,46
DA:126,46
DA:130,296
DA:131,100
DA:133,100
DA:134,100
DA:135,0
DA:136,100
DA:137,10
DA:140,100
DA:144,100
DA:163,295
DA:165,295
DA:167,295
DA:170,295
DA:173,267
DA:177,249
DA:179,249
DA:188,46
DA:190,46
DA:204,1823
DA:205,333
DA:208,1490
DA:211,1490
DA:212,1490
DA:213,2919
DA:217,1490
DA:224,2919
DA:226,1677
DA:227,198
DA:229,1479
DA:230,160
DA:232,1319
DA:233,80
DA:235,1239
DA:239,423
DA:242,378
DA:245,144
DA:248,288
DA:251,9
DA:262,100
DA:263,100
DA:264,100
DA:265,100
DA:268,100
DA:270,100
DA:271,191
DA:272,1528
DA:273,1528
DA:274,1528
DA:276,1528
DA:277,109
DA:278,109
DA:279,109
DA:284,100
DA:285,100
DA:286,90
DA:288,100
DA:289,100
DA:290,90
DA:292,100
DA:296,100
DA:313,1528
DA:315,1528
DA:316,1528
DA:317,2504
DA:320,1528
DA:321,1064
DA:324,1528
DA:327,1170
DA:328,1162
DA:330,1141
DA:337,387
DA:348,1074
DA:358,1074
DA:359,7038
DA:367,100
DA:379,100
DA:380,97
DA:382,100
DA:383,93
DA:385,100
DA:386,94
DA:389,100
DA:390,100
DA:391,95
DA:392,5
DA:393,2
DA:396,100
DA:402,100
DA:404,100
DA:417,100
DA:418,100
DA:419,100
DA:429,100
DA:430,100
DA:431,100
DA:432,100
DA:435,100
DA:436,163
DA:438,163
DA:440,35
DA:441,35
DA:443,35
DA:444,18
DA:445,18
DA:447,35
DA:448,8
DA:452,163
DA:455,100
DA:456,100
DA:458,100
DA:459,93
DA:460,93
DA:462,100
DA:470,100
DA:471,100
DA:472,7
DA:474,100
DA:480,100
DA:481,100
DA:482,100
DA:484,100
DA:497,296
DA:498,100
DA:501,100
DA:502,100
DA:504,100
DA:505,296
DA:506,193
DA:508,103
DA:512,100
DA:515,271
DA:516,100
DA:518,100
DA:525,100
DA:526,100
DA:527,100
DA:529,100
DA:533,100
DA:534,100
DA:535,18
DA:537,100
DA:538,5
DA:541,100
DA:553,100
DA:554,5
DA:555,1
DA:556,1
DA:569,100
DA:571,100
DA:572,100
DA:573,100
DA:574,100
DA:575,100
DA:577,100
DA:590,100
DA:592,100
DA:593,19
DA:596,100
DA:597,11
DA:600,100
DA:601,100
DA:602,100
DA:604,100
LF:195
LH:194
BRDA:29,0,0,92
BRDA:48,1,0,100
BRDA:48,1,1,85
BRDA:109,2,0,1
BRDA:109,3,0,296
BRDA:109,3,1,5
BRDA:123,4,0,249
BRDA:123,4,1,46
BRDA:125,5,0,46
BRDA:134,6,0,0
BRDA:134,6,1,100
BRDA:136,7,0,10
BRDA:136,8,0,100
BRDA:136,8,1,99
BRDA:141,9,0,19
BRDA:141,9,1,81
BRDA:194,10,0,46
BRDA:194,10,1,0
BRDA:204,11,0,333
BRDA:211,12,0,1490
BRDA:211,13,0,1490
BRDA:211,13,1,1490
BRDA:224,14,0,1677
BRDA:224,14,1,423
BRDA:224,14,2,423
BRDA:224,14,3,378
BRDA:224,14,4,144
BRDA:224,14,5,288
BRDA:224,14,6,9
BRDA:226,15,0,198
BRDA:229,16,0,160
BRDA:232,17,0,80
BRDA:239,18,0,423
BRDA:239,18,1,54
BRDA:276,19,0,109
BRDA:278,20,0,66
BRDA:279,21,0,43
BRDA:285,22,0,10
BRDA:285,22,1,90
BRDA:286,23,0,0
BRDA:289,24,0,10
BRDA:289,24,1,90
BRDA:290,25,0,1
BRDA:293,26,0,11
BRDA:293,26,1,89
BRDA:320,27,0,1064
BRDA:333,28,0,109
BRDA:333,28,1,1032
BRDA:373,29,0,100
BRDA:373,29,1,95
BRDA:375,30,0,100
BRDA:375,30,1,97
BRDA:379,31,0,97
BRDA:382,32,0,93
BRDA:385,33,0,94
BRDA:390,34,0,95
BRDA:390,34,1,5
BRDA:390,35,0,100
BRDA:390,35,1,15
BRDA:392,36,0,2
BRDA:397,37,0,7
BRDA:397,37,1,93
BRDA:399,38,0,6
BRDA:399,38,1,94
BRDA:419,39,0,5
BRDA:419,39,1,95
BRDA:441,40,0,35
BRDA:443,41,0,18
BRDA:447,42,0,8
BRDA:447,43,0,35
BRDA:447,43,1,32
BRDA:458,44,0,7
BRDA:458,44,1,93
BRDA:459,45,0,0
BRDA:459,45,1,93
BRDA:460,46,0,0
BRDA:471,47,0,93
BRDA:471,47,1,7
BRDA:472,48,0,0
BRDA:475,49,0,7
BRDA:475,49,1,93
BRDA:477,50,0,3
BRDA:477,50,1,97
BRDA:481,51,0,93
BRDA:482,52,0,97
BRDA:497,53,0,265
BRDA:497,53,1,31
BRDA:498,54,0,82
BRDA:498,54,1,18
BRDA:505,55,0,193
BRDA:505,55,1,103
BRDA:505,56,0,296
BRDA:505,56,1,290
BRDA:512,57,0,82
BRDA:512,57,1,18
BRDA:513,58,0,14
BRDA:513,58,1,4
BRDA:515,59,0,271
BRDA:515,59,1,269
BRDA:516,60,0,100
BRDA:516,60,1,82
BRDA:526,61,0,22
BRDA:527,62,0,14
BRDA:530,63,0,95
BRDA:530,63,1,5
BRDA:534,64,0,18
BRDA:537,65,0,5
BRDA:553,66,0,99
BRDA:554,67,0,0
BRDA:555,68,0,0
BRDA:592,69,0,19
BRDA:596,70,0,11
BRF:112
BRH:104
end_of_record
